10:27:15 **** Incremental Build of configuration Debug for project ess_skeleton ****
make -j7 all 
arm-none-eabi-size   ess_skeleton.elf 
   text	   data	    bss	    dec	    hex	filename
   6016	     20	   1572	   7608	   1db8	ess_skeleton.elf
Finished building: default.size.stdout
 
10:27:47 **** Incremental Build of configuration Debug for project ess_skeleton ****
make -j7 all 
arm-none-eabi-size   ess_skeleton.elf 
   text	   data	    bss	    dec	    hex	filename
   6016	     20	   1572	   7608	   1db8	ess_skeleton.elf
Finished building: default.size.stdout
 
11:01:01 **** Incremental Build of configuration Debug for project ess_skeleton ****
make -j7 all 
arm-none-eabi-gcc "../Core/Src/led_driver.c" -mcpu=cortex-m4 -std=gnu11 -g3 -DDEBUG -DUSE_HAL_DRIVER -DSTM32F407xx -c -I../USB_HOST/App -I../USB_HOST/Target -I../Core/Inc -I../Drivers/STM32F4xx_HAL_Driver/Inc -I../Drivers/STM32F4xx_HAL_Driver/Inc/Legacy -I../Middlewares/ST/STM32_USB_Host_Library/Core/Inc -I../Middlewares/ST/STM32_USB_Host_Library/Class/CDC/Inc -I../Drivers/CMSIS/Device/ST/STM32F4xx/Include -I../Drivers/CMSIS/Include -O0 -ffunction-sections -fdata-sections -Wall -fstack-usage -MMD -MP -MF"Core/Src/led_driver.d" -MT"Core/Src/led_driver.o" --specs=nano.specs -mfpu=fpv4-sp-d16 -mfloat-abi=hard -mthumb -o "Core/Src/led_driver.o"
arm-none-eabi-gcc "../Core/Src/main.c" -mcpu=cortex-m4 -std=gnu11 -g3 -DDEBUG -DUSE_HAL_DRIVER -DSTM32F407xx -c -I../USB_HOST/App -I../USB_HOST/Target -I../Core/Inc -I../Drivers/STM32F4xx_HAL_Driver/Inc -I../Drivers/STM32F4xx_HAL_Driver/Inc/Legacy -I../Middlewares/ST/STM32_USB_Host_Library/Core/Inc -I../Middlewares/ST/STM32_USB_Host_Library/Class/CDC/Inc -I../Drivers/CMSIS/Device/ST/STM32F4xx/Include -I../Drivers/CMSIS/Include -O0 -ffunction-sections -fdata-sections -Wall -fstack-usage -MMD -MP -MF"Core/Src/main.d" -MT"Core/Src/main.o" --specs=nano.specs -mfpu=fpv4-sp-d16 -mfloat-abi=hard -mthumb -o "Core/Src/main.o"
../Core/Src/led_driver.c:1:15: error: unknown type name 'LED_t'
    1 | void led_init(LED_t *led, uint32_t * port, uint32_t pin){
      |               ^~~~~
../Core/Src/led_driver.c:1:27: error: unknown type name 'uint32_t'
    1 | void led_init(LED_t *led, uint32_t * port, uint32_t pin){
      |                           ^~~~~~~~
../Core/Src/led_driver.c:1:44: error: unknown type name 'uint32_t'
    1 | void led_init(LED_t *led, uint32_t * port, uint32_t pin){
      |                                            ^~~~~~~~
../Core/Src/led_driver.c:7:13: error: unknown type name 'LED_t'
    7 | void led_on(LED_t * led){
      |             ^~~~~
../Core/Src/led_driver.c:11:14: error: unknown type name 'LED_t'
   11 | void led_off(LED_t * led){
      |              ^~~~~
../Core/Src/led_driver.c:15:17: error: unknown type name 'uint32_t'
   15 | void delay_msec(uint32_t delay){
      |                 ^~~~~~~~
make: *** [Core/Src/subdir.mk:43: Core/Src/led_driver.o] Error 1
make: *** Waiting for unfinished jobs....
../Core/Src/main.c: In function 'main':
../Core/Src/main.c:12:2: error: unknown type name 'LED_t'
   12 |  LED_t led;
      |  ^~~~~
../Core/Src/main.c:20:2: warning: implicit declaration of function 'led_init' [-Wimplicit-function-declaration]
   20 |  led_init(&led, port, led_green_pin);
      |  ^~~~~~~~
../Core/Src/main.c:21:2: warning: implicit declaration of function 'led_on' [-Wimplicit-function-declaration]
   21 |  led_on(&led);
      |  ^~~~~~
../Core/Src/main.c:22:2: warning: implicit declaration of function 'delay_msec' [-Wimplicit-function-declaration]
   22 |  delay_msec(1000);
      |  ^~~~~~~~~~
make: *** [Core/Src/subdir.mk:43: Core/Src/main.o] Error 1
"make -j7 all" terminated with exit code 2. Build might be incomplete.
11:02:49 **** Incremental Build of configuration Debug for project ess_skeleton ****
make -j7 all 
arm-none-eabi-gcc "../Core/Src/led_driver.c" -mcpu=cortex-m4 -std=gnu11 -g3 -DDEBUG -DUSE_HAL_DRIVER -DSTM32F407xx -c -I../USB_HOST/App -I../USB_HOST/Target -I../Core/Inc -I../Drivers/STM32F4xx_HAL_Driver/Inc -I../Drivers/STM32F4xx_HAL_Driver/Inc/Legacy -I../Middlewares/ST/STM32_USB_Host_Library/Core/Inc -I../Middlewares/ST/STM32_USB_Host_Library/Class/CDC/Inc -I../Drivers/CMSIS/Device/ST/STM32F4xx/Include -I../Drivers/CMSIS/Include -O0 -ffunction-sections -fdata-sections -Wall -fstack-usage -MMD -MP -MF"Core/Src/led_driver.d" -MT"Core/Src/led_driver.o" --specs=nano.specs -mfpu=fpv4-sp-d16 -mfloat-abi=hard -mthumb -o "Core/Src/led_driver.o"
arm-none-eabi-gcc "../Core/Src/main.c" -mcpu=cortex-m4 -std=gnu11 -g3 -DDEBUG -DUSE_HAL_DRIVER -DSTM32F407xx -c -I../USB_HOST/App -I../USB_HOST/Target -I../Core/Inc -I../Drivers/STM32F4xx_HAL_Driver/Inc -I../Drivers/STM32F4xx_HAL_Driver/Inc/Legacy -I../Middlewares/ST/STM32_USB_Host_Library/Core/Inc -I../Middlewares/ST/STM32_USB_Host_Library/Class/CDC/Inc -I../Drivers/CMSIS/Device/ST/STM32F4xx/Include -I../Drivers/CMSIS/Include -O0 -ffunction-sections -fdata-sections -Wall -fstack-usage -MMD -MP -MF"Core/Src/main.d" -MT"Core/Src/main.o" --specs=nano.specs -mfpu=fpv4-sp-d16 -mfloat-abi=hard -mthumb -o "Core/Src/main.o"
In file included from ../Core/Src/led_driver.c:1:
../Core/Inc/led_driver.h:2:2: error: unknown type name 'uint32_t'
    2 |  uint32_t * port; // led register
      |  ^~~~~~~~
../Core/Inc/led_driver.h:3:2: error: unknown type name 'uint32_t'
    3 |  uint32_t pin; // 0..15
      |  ^~~~~~~~
../Core/Inc/led_driver.h:7:27: error: unknown type name 'uint32_t'
    7 | void led_init(LED_t *led, uint32_t * port, uint32_t pin);
      |                           ^~~~~~~~
../Core/Inc/led_driver.h:7:44: error: unknown type name 'uint32_t'
    7 | void led_init(LED_t *led, uint32_t * port, uint32_t pin);
      |                                            ^~~~~~~~
../Core/Inc/led_driver.h:10:17: error: unknown type name 'uint32_t'
   10 | void delay_msec(uint32_t delay);
      |                 ^~~~~~~~
../Core/Src/led_driver.c:3:27: error: unknown type name 'uint32_t'
    3 | void led_init(LED_t *led, uint32_t * port, uint32_t pin){
      |                           ^~~~~~~~
../Core/Src/led_driver.c:3:44: error: unknown type name 'uint32_t'
    3 | void led_init(LED_t *led, uint32_t * port, uint32_t pin){
      |                                            ^~~~~~~~
../Core/Src/led_driver.c:17:17: error: unknown type name 'uint32_t'
   17 | void delay_msec(uint32_t delay){
      |                 ^~~~~~~~
make: *** [Core/Src/subdir.mk:43: Core/Src/led_driver.o] Error 1
make: *** Waiting for unfinished jobs....
"make -j7 all" terminated with exit code 2. Build might be incomplete.
11:04:28 **** Incremental Build of configuration Debug for project ess_skeleton ****
make -j7 all 
arm-none-eabi-gcc "../Core/Src/led_driver.c" -mcpu=cortex-m4 -std=gnu11 -g3 -DDEBUG -DUSE_HAL_DRIVER -DSTM32F407xx -c -I../USB_HOST/App -I../USB_HOST/Target -I../Core/Inc -I../Drivers/STM32F4xx_HAL_Driver/Inc -I../Drivers/STM32F4xx_HAL_Driver/Inc/Legacy -I../Middlewares/ST/STM32_USB_Host_Library/Core/Inc -I../Middlewares/ST/STM32_USB_Host_Library/Class/CDC/Inc -I../Drivers/CMSIS/Device/ST/STM32F4xx/Include -I../Drivers/CMSIS/Include -O0 -ffunction-sections -fdata-sections -Wall -fstack-usage -MMD -MP -MF"Core/Src/led_driver.d" -MT"Core/Src/led_driver.o" --specs=nano.specs -mfpu=fpv4-sp-d16 -mfloat-abi=hard -mthumb -o "Core/Src/led_driver.o"
arm-none-eabi-gcc "../Core/Src/main.c" -mcpu=cortex-m4 -std=gnu11 -g3 -DDEBUG -DUSE_HAL_DRIVER -DSTM32F407xx -c -I../USB_HOST/App -I../USB_HOST/Target -I../Core/Inc -I../Drivers/STM32F4xx_HAL_Driver/Inc -I../Drivers/STM32F4xx_HAL_Driver/Inc/Legacy -I../Middlewares/ST/STM32_USB_Host_Library/Core/Inc -I../Middlewares/ST/STM32_USB_Host_Library/Class/CDC/Inc -I../Drivers/CMSIS/Device/ST/STM32F4xx/Include -I../Drivers/CMSIS/Include -O0 -ffunction-sections -fdata-sections -Wall -fstack-usage -MMD -MP -MF"Core/Src/main.d" -MT"Core/Src/main.o" --specs=nano.specs -mfpu=fpv4-sp-d16 -mfloat-abi=hard -mthumb -o "Core/Src/main.o"
arm-none-eabi-gcc -o "ess_skeleton.elf" @"objects.list"   -mcpu=cortex-m4 -T"/Users/ess04/oxford_embedded_software_systems/ESS/ess_skeleton/STM32F407VGTX_FLASH.ld" --specs=nosys.specs -Wl,-Map="ess_skeleton.map" -Wl,--gc-sections -static --specs=nano.specs -mfpu=fpv4-sp-d16 -mfloat-abi=hard -mthumb -Wl,--start-group -lc -lm -Wl,--end-group
Finished building target: ess_skeleton.elf
 
arm-none-eabi-size   ess_skeleton.elf 
arm-none-eabi-objdump -h -S  ess_skeleton.elf  > "ess_skeleton.list"
   text	   data	    bss	    dec	    hex	filename
   6016	     20	   1572	   7608	   1db8	ess_skeleton.elf
Finished building: default.size.stdout
 
Finished building: ess_skeleton.list
 
11:18:49 **** Incremental Build of configuration Debug for project ess_skeleton ****
make -j7 all 
arm-none-eabi-size   ess_skeleton.elf 
   text	   data	    bss	    dec	    hex	filename
   6016	     20	   1572	   7608	   1db8	ess_skeleton.elf
Finished building: default.size.stdout
 
11:19:31 **** Incremental Build of configuration Debug for project ess_skeleton ****
make -j7 all 
arm-none-eabi-size   ess_skeleton.elf 
   text	   data	    bss	    dec	    hex	filename
   6016	     20	   1572	   7608	   1db8	ess_skeleton.elf
Finished building: default.size.stdout
 
11:20:32 **** Incremental Build of configuration Debug for project ess_skeleton ****
make -j7 all 
arm-none-eabi-gcc "../Core/Src/main.c" -mcpu=cortex-m4 -std=gnu11 -g3 -DDEBUG -DUSE_HAL_DRIVER -DSTM32F407xx -c -I../USB_HOST/App -I../USB_HOST/Target -I../Core/Inc -I../Drivers/STM32F4xx_HAL_Driver/Inc -I../Drivers/STM32F4xx_HAL_Driver/Inc/Legacy -I../Middlewares/ST/STM32_USB_Host_Library/Core/Inc -I../Middlewares/ST/STM32_USB_Host_Library/Class/CDC/Inc -I../Drivers/CMSIS/Device/ST/STM32F4xx/Include -I../Drivers/CMSIS/Include -O0 -ffunction-sections -fdata-sections -Wall -fstack-usage -MMD -MP -MF"Core/Src/main.d" -MT"Core/Src/main.o" --specs=nano.specs -mfpu=fpv4-sp-d16 -mfloat-abi=hard -mthumb -o "Core/Src/main.o"
arm-none-eabi-gcc -o "ess_skeleton.elf" @"objects.list"   -mcpu=cortex-m4 -T"/Users/ess04/oxford_embedded_software_systems/ESS/ess_skeleton/STM32F407VGTX_FLASH.ld" --specs=nosys.specs -Wl,-Map="ess_skeleton.map" -Wl,--gc-sections -static --specs=nano.specs -mfpu=fpv4-sp-d16 -mfloat-abi=hard -mthumb -Wl,--start-group -lc -lm -Wl,--end-group
Finished building target: ess_skeleton.elf
 
arm-none-eabi-size   ess_skeleton.elf 
arm-none-eabi-objdump -h -S  ess_skeleton.elf  > "ess_skeleton.list"
   text	   data	    bss	    dec	    hex	filename
   6096	     20	   1572	   7688	   1e08	ess_skeleton.elf
Finished building: default.size.stdout
 
Finished building: ess_skeleton.list
 
11:22:28 **** Incremental Build of configuration Debug for project ess_skeleton ****
make -j7 all 
arm-none-eabi-gcc "../Core/Src/led_driver.c" -mcpu=cortex-m4 -std=gnu11 -g3 -DDEBUG -DUSE_HAL_DRIVER -DSTM32F407xx -c -I../USB_HOST/App -I../USB_HOST/Target -I../Core/Inc -I../Drivers/STM32F4xx_HAL_Driver/Inc -I../Drivers/STM32F4xx_HAL_Driver/Inc/Legacy -I../Middlewares/ST/STM32_USB_Host_Library/Core/Inc -I../Middlewares/ST/STM32_USB_Host_Library/Class/CDC/Inc -I../Drivers/CMSIS/Device/ST/STM32F4xx/Include -I../Drivers/CMSIS/Include -O0 -ffunction-sections -fdata-sections -Wall -fstack-usage -MMD -MP -MF"Core/Src/led_driver.d" -MT"Core/Src/led_driver.o" --specs=nano.specs -mfpu=fpv4-sp-d16 -mfloat-abi=hard -mthumb -o "Core/Src/led_driver.o"
arm-none-eabi-gcc "../Core/Src/main.c" -mcpu=cortex-m4 -std=gnu11 -g3 -DDEBUG -DUSE_HAL_DRIVER -DSTM32F407xx -c -I../USB_HOST/App -I../USB_HOST/Target -I../Core/Inc -I../Drivers/STM32F4xx_HAL_Driver/Inc -I../Drivers/STM32F4xx_HAL_Driver/Inc/Legacy -I../Middlewares/ST/STM32_USB_Host_Library/Core/Inc -I../Middlewares/ST/STM32_USB_Host_Library/Class/CDC/Inc -I../Drivers/CMSIS/Device/ST/STM32F4xx/Include -I../Drivers/CMSIS/Include -O0 -ffunction-sections -fdata-sections -Wall -fstack-usage -MMD -MP -MF"Core/Src/main.d" -MT"Core/Src/main.o" --specs=nano.specs -mfpu=fpv4-sp-d16 -mfloat-abi=hard -mthumb -o "Core/Src/main.o"
In file included from ../Core/Src/led_driver.c:1:
../Core/Inc/led_driver.h:1: error: unterminated #ifndef
    1 | #ifndef LED_DRIVER_H
      | 
make: *** [Core/Src/subdir.mk:43: Core/Src/led_driver.o] Error 1
make: *** Waiting for unfinished jobs....
In file included from ../Core/Src/main.c:4:
../Core/Inc/led_driver.h:1: error: unterminated #ifndef
    1 | #ifndef LED_DRIVER_H
      | 
make: *** [Core/Src/subdir.mk:43: Core/Src/main.o] Error 1
"make -j7 all" terminated with exit code 2. Build might be incomplete.
11:23:16 **** Incremental Build of configuration Debug for project ess_skeleton ****
make -j7 all 
arm-none-eabi-gcc "../Core/Src/led_driver.c" -mcpu=cortex-m4 -std=gnu11 -g3 -DDEBUG -DUSE_HAL_DRIVER -DSTM32F407xx -c -I../USB_HOST/App -I../USB_HOST/Target -I../Core/Inc -I../Drivers/STM32F4xx_HAL_Driver/Inc -I../Drivers/STM32F4xx_HAL_Driver/Inc/Legacy -I../Middlewares/ST/STM32_USB_Host_Library/Core/Inc -I../Middlewares/ST/STM32_USB_Host_Library/Class/CDC/Inc -I../Drivers/CMSIS/Device/ST/STM32F4xx/Include -I../Drivers/CMSIS/Include -O0 -ffunction-sections -fdata-sections -Wall -fstack-usage -MMD -MP -MF"Core/Src/led_driver.d" -MT"Core/Src/led_driver.o" --specs=nano.specs -mfpu=fpv4-sp-d16 -mfloat-abi=hard -mthumb -o "Core/Src/led_driver.o"
arm-none-eabi-gcc "../Core/Src/main.c" -mcpu=cortex-m4 -std=gnu11 -g3 -DDEBUG -DUSE_HAL_DRIVER -DSTM32F407xx -c -I../USB_HOST/App -I../USB_HOST/Target -I../Core/Inc -I../Drivers/STM32F4xx_HAL_Driver/Inc -I../Drivers/STM32F4xx_HAL_Driver/Inc/Legacy -I../Middlewares/ST/STM32_USB_Host_Library/Core/Inc -I../Middlewares/ST/STM32_USB_Host_Library/Class/CDC/Inc -I../Drivers/CMSIS/Device/ST/STM32F4xx/Include -I../Drivers/CMSIS/Include -O0 -ffunction-sections -fdata-sections -Wall -fstack-usage -MMD -MP -MF"Core/Src/main.d" -MT"Core/Src/main.o" --specs=nano.specs -mfpu=fpv4-sp-d16 -mfloat-abi=hard -mthumb -o "Core/Src/main.o"
In file included from ../Core/Src/led_driver.c:1:
../Core/Inc/led_driver.h:1: error: unterminated #ifndef
    1 | #ifndef LED_DRIVER_H
      | 
make: *** [Core/Src/subdir.mk:43: Core/Src/led_driver.o] Error 1
make: *** Waiting for unfinished jobs....
In file included from ../Core/Src/main.c:4:
../Core/Inc/led_driver.h:1: error: unterminated #ifndef
    1 | #ifndef LED_DRIVER_H
      | 
make: *** [Core/Src/subdir.mk:43: Core/Src/main.o] Error 1
"make -j7 all" terminated with exit code 2. Build might be incomplete.
11:23:34 **** Incremental Build of configuration Debug for project ess_skeleton ****
make -j7 all 
arm-none-eabi-gcc "../Core/Src/led_driver.c" -mcpu=cortex-m4 -std=gnu11 -g3 -DDEBUG -DUSE_HAL_DRIVER -DSTM32F407xx -c -I../USB_HOST/App -I../USB_HOST/Target -I../Core/Inc -I../Drivers/STM32F4xx_HAL_Driver/Inc -I../Drivers/STM32F4xx_HAL_Driver/Inc/Legacy -I../Middlewares/ST/STM32_USB_Host_Library/Core/Inc -I../Middlewares/ST/STM32_USB_Host_Library/Class/CDC/Inc -I../Drivers/CMSIS/Device/ST/STM32F4xx/Include -I../Drivers/CMSIS/Include -O0 -ffunction-sections -fdata-sections -Wall -fstack-usage -MMD -MP -MF"Core/Src/led_driver.d" -MT"Core/Src/led_driver.o" --specs=nano.specs -mfpu=fpv4-sp-d16 -mfloat-abi=hard -mthumb -o "Core/Src/led_driver.o"
arm-none-eabi-gcc "../Core/Src/main.c" -mcpu=cortex-m4 -std=gnu11 -g3 -DDEBUG -DUSE_HAL_DRIVER -DSTM32F407xx -c -I../USB_HOST/App -I../USB_HOST/Target -I../Core/Inc -I../Drivers/STM32F4xx_HAL_Driver/Inc -I../Drivers/STM32F4xx_HAL_Driver/Inc/Legacy -I../Middlewares/ST/STM32_USB_Host_Library/Core/Inc -I../Middlewares/ST/STM32_USB_Host_Library/Class/CDC/Inc -I../Drivers/CMSIS/Device/ST/STM32F4xx/Include -I../Drivers/CMSIS/Include -O0 -ffunction-sections -fdata-sections -Wall -fstack-usage -MMD -MP -MF"Core/Src/main.d" -MT"Core/Src/main.o" --specs=nano.specs -mfpu=fpv4-sp-d16 -mfloat-abi=hard -mthumb -o "Core/Src/main.o"
arm-none-eabi-gcc -o "ess_skeleton.elf" @"objects.list"   -mcpu=cortex-m4 -T"/Users/ess04/oxford_embedded_software_systems/ESS/ess_skeleton/STM32F407VGTX_FLASH.ld" --specs=nosys.specs -Wl,-Map="ess_skeleton.map" -Wl,--gc-sections -static --specs=nano.specs -mfpu=fpv4-sp-d16 -mfloat-abi=hard -mthumb -Wl,--start-group -lc -lm -Wl,--end-group
Finished building target: ess_skeleton.elf
 
arm-none-eabi-size   ess_skeleton.elf 
arm-none-eabi-objdump -h -S  ess_skeleton.elf  > "ess_skeleton.list"
   text	   data	    bss	    dec	    hex	filename
   6096	     20	   1572	   7688	   1e08	ess_skeleton.elf
Finished building: default.size.stdout
 
Finished building: ess_skeleton.list
 
12:07:53 **** Incremental Build of configuration Debug for project ess_skeleton ****
make -j7 all 
arm-none-eabi-gcc "../Core/Src/led_driver.c" -mcpu=cortex-m4 -std=gnu11 -g3 -DDEBUG -DUSE_HAL_DRIVER -DSTM32F407xx -c -I../USB_HOST/App -I../USB_HOST/Target -I../Core/Inc -I../Drivers/STM32F4xx_HAL_Driver/Inc -I../Drivers/STM32F4xx_HAL_Driver/Inc/Legacy -I../Middlewares/ST/STM32_USB_Host_Library/Core/Inc -I../Middlewares/ST/STM32_USB_Host_Library/Class/CDC/Inc -I../Drivers/CMSIS/Device/ST/STM32F4xx/Include -I../Drivers/CMSIS/Include -O0 -ffunction-sections -fdata-sections -Wall -fstack-usage -MMD -MP -MF"Core/Src/led_driver.d" -MT"Core/Src/led_driver.o" --specs=nano.specs -mfpu=fpv4-sp-d16 -mfloat-abi=hard -mthumb -o "Core/Src/led_driver.o"
arm-none-eabi-gcc "../Core/Src/main.c" -mcpu=cortex-m4 -std=gnu11 -g3 -DDEBUG -DUSE_HAL_DRIVER -DSTM32F407xx -c -I../USB_HOST/App -I../USB_HOST/Target -I../Core/Inc -I../Drivers/STM32F4xx_HAL_Driver/Inc -I../Drivers/STM32F4xx_HAL_Driver/Inc/Legacy -I../Middlewares/ST/STM32_USB_Host_Library/Core/Inc -I../Middlewares/ST/STM32_USB_Host_Library/Class/CDC/Inc -I../Drivers/CMSIS/Device/ST/STM32F4xx/Include -I../Drivers/CMSIS/Include -O0 -ffunction-sections -fdata-sections -Wall -fstack-usage -MMD -MP -MF"Core/Src/main.d" -MT"Core/Src/main.o" --specs=nano.specs -mfpu=fpv4-sp-d16 -mfloat-abi=hard -mthumb -o "Core/Src/main.o"
In file included from ../Core/Src/led_driver.c:1:
../Core/Inc/led_driver.h:20:9: error: expected ';', identifier or '(' before 'struct'
   20 | typedef struct Buttonstruct Button_t;
      |         ^~~~~~
../Core/Inc/led_driver.h:21:18: error: expected declaration specifiers or '...' before 'Button_t'
   21 | void button_init(Button_t * b, uint32_t * port);
      |                  ^~~~~~~~
../Core/Inc/led_driver.h:22:18: error: expected declaration specifiers or '...' before 'Button_t'
   22 | void button_loop(Button_t * b);
      |                  ^~~~~~~~
../Core/Src/led_driver.c:24:18: error: expected declaration specifiers or '...' before 'Button_t'
   24 | void button_init(Button_t * b, uint32_t * port){
      |                  ^~~~~~~~
../Core/Src/led_driver.c:28:18: error: expected declaration specifiers or '...' before 'Button_t'
   28 | void button_loop(Button_t * b, LED_t * led){
      |                  ^~~~~~~~
make: *** [Core/Src/subdir.mk:43: Core/Src/led_driver.o] Error 1
make: *** Waiting for unfinished jobs....
In file included from ../Core/Src/main.c:4:
../Core/Inc/led_driver.h:20:9: error: expected ';', identifier or '(' before 'struct'
   20 | typedef struct Buttonstruct Button_t;
      |         ^~~~~~
../Core/Inc/led_driver.h:21:18: error: expected declaration specifiers or '...' before 'Button_t'
   21 | void button_init(Button_t * b, uint32_t * port);
      |                  ^~~~~~~~
../Core/Inc/led_driver.h:22:18: error: expected declaration specifiers or '...' before 'Button_t'
   22 | void button_loop(Button_t * b);
      |                  ^~~~~~~~
../Core/Src/main.c: In function 'main':
../Core/Src/main.c:39:2: warning: statement with no effect [-Wunused-value]
   39 |  Button_t b;
      |  ^~~~~~~~
../Core/Src/main.c:39:10: error: expected ';' before 'b'
   39 |  Button_t b;
      |          ^~
      |          ;
../Core/Src/main.c:40:2: warning: implicit declaration of function 'button_init' [-Wimplicit-function-declaration]
   40 |  button_init(&b, GPIOA->IDR);
      |  ^~~~~~~~~~~
../Core/Src/main.c:40:15: error: 'b' undeclared (first use in this function)
   40 |  button_init(&b, GPIOA->IDR);
      |               ^
../Core/Src/main.c:40:15: note: each undeclared identifier is reported only once for each function it appears in
../Core/Src/main.c:42:2: warning: implicit declaration of function 'button_loop' [-Wimplicit-function-declaration]
   42 |  button_loop(&b, &led);
      |  ^~~~~~~~~~~
make: *** [Core/Src/subdir.mk:43: Core/Src/main.o] Error 1
"make -j7 all" terminated with exit code 2. Build might be incomplete.
12:08:19 **** Incremental Build of configuration Debug for project ess_skeleton ****
make -j7 all 
arm-none-eabi-gcc "../Core/Src/led_driver.c" -mcpu=cortex-m4 -std=gnu11 -g3 -DDEBUG -DUSE_HAL_DRIVER -DSTM32F407xx -c -I../USB_HOST/App -I../USB_HOST/Target -I../Core/Inc -I../Drivers/STM32F4xx_HAL_Driver/Inc -I../Drivers/STM32F4xx_HAL_Driver/Inc/Legacy -I../Middlewares/ST/STM32_USB_Host_Library/Core/Inc -I../Middlewares/ST/STM32_USB_Host_Library/Class/CDC/Inc -I../Drivers/CMSIS/Device/ST/STM32F4xx/Include -I../Drivers/CMSIS/Include -O0 -ffunction-sections -fdata-sections -Wall -fstack-usage -MMD -MP -MF"Core/Src/led_driver.d" -MT"Core/Src/led_driver.o" --specs=nano.specs -mfpu=fpv4-sp-d16 -mfloat-abi=hard -mthumb -o "Core/Src/led_driver.o"
arm-none-eabi-gcc "../Core/Src/main.c" -mcpu=cortex-m4 -std=gnu11 -g3 -DDEBUG -DUSE_HAL_DRIVER -DSTM32F407xx -c -I../USB_HOST/App -I../USB_HOST/Target -I../Core/Inc -I../Drivers/STM32F4xx_HAL_Driver/Inc -I../Drivers/STM32F4xx_HAL_Driver/Inc/Legacy -I../Middlewares/ST/STM32_USB_Host_Library/Core/Inc -I../Middlewares/ST/STM32_USB_Host_Library/Class/CDC/Inc -I../Drivers/CMSIS/Device/ST/STM32F4xx/Include -I../Drivers/CMSIS/Include -O0 -ffunction-sections -fdata-sections -Wall -fstack-usage -MMD -MP -MF"Core/Src/main.d" -MT"Core/Src/main.o" --specs=nano.specs -mfpu=fpv4-sp-d16 -mfloat-abi=hard -mthumb -o "Core/Src/main.o"
../Core/Src/led_driver.c: In function 'button_init':
../Core/Src/led_driver.c:25:13: warning: assignment to 'uint32_t' {aka 'long unsigned int'} from 'uint32_t *' {aka 'long unsigned int *'} makes integer from pointer without a cast [-Wint-conversion]
   25 |  (*b->port) = port;
      |             ^
../Core/Src/led_driver.c: At top level:
../Core/Src/led_driver.c:28:6: error: conflicting types for 'button_loop'
   28 | void button_loop(Button_t * b, LED_t * led){
      |      ^~~~~~~~~~~
In file included from ../Core/Src/led_driver.c:1:
../Core/Inc/led_driver.h:22:6: note: previous declaration of 'button_loop' was here
   22 | void button_loop(Button_t * b);
      |      ^~~~~~~~~~~
../Core/Src/led_driver.c: In function 'button_loop':
../Core/Src/led_driver.c:29:8: error: expected expression before ')' token
   29 |  while(){
      |        ^
../Core/Src/led_driver.c:31:11: warning: passing argument 1 of 'led_on' from incompatible pointer type [-Wincompatible-pointer-types]
   31 |    led_on(&led);
      |           ^~~~
      |           |
      |           LED_t ** {aka struct LEDstruct **}
../Core/Src/led_driver.c:9:21: note: expected 'LED_t *' {aka 'struct LEDstruct *'} but argument is of type 'LED_t **' {aka 'struct LEDstruct **'}
    9 | void led_on(LED_t * led){
      |             ~~~~~~~~^~~
make: *** [Core/Src/subdir.mk:43: Core/Src/led_driver.o] Error 1
make: *** Waiting for unfinished jobs....
../Core/Src/main.c: In function 'main':
../Core/Src/main.c:40:23: warning: passing argument 2 of 'button_init' makes pointer from integer without a cast [-Wint-conversion]
   40 |  button_init(&b, GPIOA->IDR);
In file included from ../Core/Src/main.c:4:
../Core/Inc/led_driver.h:21:43: note: expected 'uint32_t *' {aka 'long unsigned int *'} but argument is of type 'uint32_t' {aka 'volatile long unsigned int'}
   21 | void button_init(Button_t * b, uint32_t * port);
      |                                ~~~~~~~~~~~^~~~
../Core/Src/main.c:42:2: error: too many arguments to function 'button_loop'
   42 |  button_loop(&b, &led);
      |  ^~~~~~~~~~~
In file included from ../Core/Src/main.c:4:
../Core/Inc/led_driver.h:22:6: note: declared here
   22 | void button_loop(Button_t * b);
      |      ^~~~~~~~~~~
make: *** [Core/Src/subdir.mk:43: Core/Src/main.o] Error 1
"make -j7 all" terminated with exit code 2. Build might be incomplete.
12:08:40 **** Incremental Build of configuration Debug for project ess_skeleton ****
make -j7 all 
arm-none-eabi-gcc "../Core/Src/led_driver.c" -mcpu=cortex-m4 -std=gnu11 -g3 -DDEBUG -DUSE_HAL_DRIVER -DSTM32F407xx -c -I../USB_HOST/App -I../USB_HOST/Target -I../Core/Inc -I../Drivers/STM32F4xx_HAL_Driver/Inc -I../Drivers/STM32F4xx_HAL_Driver/Inc/Legacy -I../Middlewares/ST/STM32_USB_Host_Library/Core/Inc -I../Middlewares/ST/STM32_USB_Host_Library/Class/CDC/Inc -I../Drivers/CMSIS/Device/ST/STM32F4xx/Include -I../Drivers/CMSIS/Include -O0 -ffunction-sections -fdata-sections -Wall -fstack-usage -MMD -MP -MF"Core/Src/led_driver.d" -MT"Core/Src/led_driver.o" --specs=nano.specs -mfpu=fpv4-sp-d16 -mfloat-abi=hard -mthumb -o "Core/Src/led_driver.o"
arm-none-eabi-gcc "../Core/Src/main.c" -mcpu=cortex-m4 -std=gnu11 -g3 -DDEBUG -DUSE_HAL_DRIVER -DSTM32F407xx -c -I../USB_HOST/App -I../USB_HOST/Target -I../Core/Inc -I../Drivers/STM32F4xx_HAL_Driver/Inc -I../Drivers/STM32F4xx_HAL_Driver/Inc/Legacy -I../Middlewares/ST/STM32_USB_Host_Library/Core/Inc -I../Middlewares/ST/STM32_USB_Host_Library/Class/CDC/Inc -I../Drivers/CMSIS/Device/ST/STM32F4xx/Include -I../Drivers/CMSIS/Include -O0 -ffunction-sections -fdata-sections -Wall -fstack-usage -MMD -MP -MF"Core/Src/main.d" -MT"Core/Src/main.o" --specs=nano.specs -mfpu=fpv4-sp-d16 -mfloat-abi=hard -mthumb -o "Core/Src/main.o"
../Core/Src/led_driver.c: In function 'button_init':
../Core/Src/led_driver.c:25:13: warning: assignment to 'uint32_t' {aka 'long unsigned int'} from 'uint32_t *' {aka 'long unsigned int *'} makes integer from pointer without a cast [-Wint-conversion]
   25 |  (*b->port) = port;
      |             ^
../Core/Src/led_driver.c: In function 'button_loop':
../Core/Src/led_driver.c:29:8: error: expected expression before ')' token
   29 |  while(){
      |        ^
../Core/Src/led_driver.c:31:11: warning: passing argument 1 of 'led_on' from incompatible pointer type [-Wincompatible-pointer-types]
   31 |    led_on(&led);
      |           ^~~~
      |           |
      |           LED_t ** {aka struct LEDstruct **}
../Core/Src/led_driver.c:9:21: note: expected 'LED_t *' {aka 'struct LEDstruct *'} but argument is of type 'LED_t **' {aka 'struct LEDstruct **'}
    9 | void led_on(LED_t * led){
      |             ~~~~~~~~^~~
make: *** [Core/Src/subdir.mk:43: Core/Src/led_driver.o] Error 1
make: *** Waiting for unfinished jobs....
../Core/Src/main.c: In function 'main':
../Core/Src/main.c:40:23: warning: passing argument 2 of 'button_init' makes pointer from integer without a cast [-Wint-conversion]
   40 |  button_init(&b, GPIOA->IDR);
In file included from ../Core/Src/main.c:4:
../Core/Inc/led_driver.h:21:43: note: expected 'uint32_t *' {aka 'long unsigned int *'} but argument is of type 'uint32_t' {aka 'volatile long unsigned int'}
   21 | void button_init(Button_t * b, uint32_t * port);
      |                                ~~~~~~~~~~~^~~~
"make -j7 all" terminated with exit code 2. Build might be incomplete.
12:10:05 **** Incremental Build of configuration Debug for project ess_skeleton ****
make -j7 all 
arm-none-eabi-gcc "../Core/Src/led_driver.c" -mcpu=cortex-m4 -std=gnu11 -g3 -DDEBUG -DUSE_HAL_DRIVER -DSTM32F407xx -c -I../USB_HOST/App -I../USB_HOST/Target -I../Core/Inc -I../Drivers/STM32F4xx_HAL_Driver/Inc -I../Drivers/STM32F4xx_HAL_Driver/Inc/Legacy -I../Middlewares/ST/STM32_USB_Host_Library/Core/Inc -I../Middlewares/ST/STM32_USB_Host_Library/Class/CDC/Inc -I../Drivers/CMSIS/Device/ST/STM32F4xx/Include -I../Drivers/CMSIS/Include -O0 -ffunction-sections -fdata-sections -Wall -fstack-usage -MMD -MP -MF"Core/Src/led_driver.d" -MT"Core/Src/led_driver.o" --specs=nano.specs -mfpu=fpv4-sp-d16 -mfloat-abi=hard -mthumb -o "Core/Src/led_driver.o"
../Core/Src/led_driver.c: In function 'button_init':
../Core/Src/led_driver.c:25:13: warning: assignment to 'uint32_t' {aka 'long unsigned int'} from 'uint32_t *' {aka 'long unsigned int *'} makes integer from pointer without a cast [-Wint-conversion]
   25 |  (*b->port) = (uint32_t*) port;
      |             ^
../Core/Src/led_driver.c: In function 'button_loop':
../Core/Src/led_driver.c:29:8: error: expected expression before ')' token
   29 |  while(){
      |        ^
../Core/Src/led_driver.c:31:11: warning: passing argument 1 of 'led_on' from incompatible pointer type [-Wincompatible-pointer-types]
   31 |    led_on(&led);
      |           ^~~~
      |           |
      |           LED_t ** {aka struct LEDstruct **}
../Core/Src/led_driver.c:9:21: note: expected 'LED_t *' {aka 'struct LEDstruct *'} but argument is of type 'LED_t **' {aka 'struct LEDstruct **'}
    9 | void led_on(LED_t * led){
      |             ~~~~~~~~^~~
make: *** [Core/Src/subdir.mk:43: Core/Src/led_driver.o] Error 1
"make -j7 all" terminated with exit code 2. Build might be incomplete.
12:13:13 **** Incremental Build of configuration Debug for project ess_skeleton ****
make -j7 all 
arm-none-eabi-gcc "../Core/Src/led_driver.c" -mcpu=cortex-m4 -std=gnu11 -g3 -DDEBUG -DUSE_HAL_DRIVER -DSTM32F407xx -c -I../USB_HOST/App -I../USB_HOST/Target -I../Core/Inc -I../Drivers/STM32F4xx_HAL_Driver/Inc -I../Drivers/STM32F4xx_HAL_Driver/Inc/Legacy -I../Middlewares/ST/STM32_USB_Host_Library/Core/Inc -I../Middlewares/ST/STM32_USB_Host_Library/Class/CDC/Inc -I../Drivers/CMSIS/Device/ST/STM32F4xx/Include -I../Drivers/CMSIS/Include -O0 -ffunction-sections -fdata-sections -Wall -fstack-usage -MMD -MP -MF"Core/Src/led_driver.d" -MT"Core/Src/led_driver.o" --specs=nano.specs -mfpu=fpv4-sp-d16 -mfloat-abi=hard -mthumb -o "Core/Src/led_driver.o"
arm-none-eabi-gcc "../Core/Src/main.c" -mcpu=cortex-m4 -std=gnu11 -g3 -DDEBUG -DUSE_HAL_DRIVER -DSTM32F407xx -c -I../USB_HOST/App -I../USB_HOST/Target -I../Core/Inc -I../Drivers/STM32F4xx_HAL_Driver/Inc -I../Drivers/STM32F4xx_HAL_Driver/Inc/Legacy -I../Middlewares/ST/STM32_USB_Host_Library/Core/Inc -I../Middlewares/ST/STM32_USB_Host_Library/Class/CDC/Inc -I../Drivers/CMSIS/Device/ST/STM32F4xx/Include -I../Drivers/CMSIS/Include -O0 -ffunction-sections -fdata-sections -Wall -fstack-usage -MMD -MP -MF"Core/Src/main.d" -MT"Core/Src/main.o" --specs=nano.specs -mfpu=fpv4-sp-d16 -mfloat-abi=hard -mthumb -o "Core/Src/main.o"
../Core/Src/led_driver.c:24:32: error: unknown type name 'uint32'; did you mean 'uint32_t'?
   24 | void button_init(Button_t * b, uint32 port){
      |                                ^~~~~~
      |                                uint32_t
../Core/Src/led_driver.c: In function 'button_loop':
../Core/Src/led_driver.c:29:8: error: expected expression before ')' token
   29 |  while(){
      |        ^
make: *** [Core/Src/subdir.mk:43: Core/Src/led_driver.o] Error 1
make: *** Waiting for unfinished jobs....
../Core/Src/main.c: In function 'main':
../Core/Src/main.c:41:23: warning: passing argument 2 of 'button_init' makes pointer from integer without a cast [-Wint-conversion]
   41 |  button_init(&b, GPIOA->IDR);
In file included from ../Core/Src/main.c:4:
../Core/Inc/led_driver.h:21:43: note: expected 'uint32_t *' {aka 'long unsigned int *'} but argument is of type 'uint32_t' {aka 'volatile long unsigned int'}
   21 | void button_init(Button_t * b, uint32_t * port);
      |                                ~~~~~~~~~~~^~~~
"make -j7 all" terminated with exit code 2. Build might be incomplete.
12:13:32 **** Incremental Build of configuration Debug for project ess_skeleton ****
make -j7 all 
arm-none-eabi-gcc "../Core/Src/led_driver.c" -mcpu=cortex-m4 -std=gnu11 -g3 -DDEBUG -DUSE_HAL_DRIVER -DSTM32F407xx -c -I../USB_HOST/App -I../USB_HOST/Target -I../Core/Inc -I../Drivers/STM32F4xx_HAL_Driver/Inc -I../Drivers/STM32F4xx_HAL_Driver/Inc/Legacy -I../Middlewares/ST/STM32_USB_Host_Library/Core/Inc -I../Middlewares/ST/STM32_USB_Host_Library/Class/CDC/Inc -I../Drivers/CMSIS/Device/ST/STM32F4xx/Include -I../Drivers/CMSIS/Include -O0 -ffunction-sections -fdata-sections -Wall -fstack-usage -MMD -MP -MF"Core/Src/led_driver.d" -MT"Core/Src/led_driver.o" --specs=nano.specs -mfpu=fpv4-sp-d16 -mfloat-abi=hard -mthumb -o "Core/Src/led_driver.o"
arm-none-eabi-gcc "../Core/Src/main.c" -mcpu=cortex-m4 -std=gnu11 -g3 -DDEBUG -DUSE_HAL_DRIVER -DSTM32F407xx -c -I../USB_HOST/App -I../USB_HOST/Target -I../Core/Inc -I../Drivers/STM32F4xx_HAL_Driver/Inc -I../Drivers/STM32F4xx_HAL_Driver/Inc/Legacy -I../Middlewares/ST/STM32_USB_Host_Library/Core/Inc -I../Middlewares/ST/STM32_USB_Host_Library/Class/CDC/Inc -I../Drivers/CMSIS/Device/ST/STM32F4xx/Include -I../Drivers/CMSIS/Include -O0 -ffunction-sections -fdata-sections -Wall -fstack-usage -MMD -MP -MF"Core/Src/main.d" -MT"Core/Src/main.o" --specs=nano.specs -mfpu=fpv4-sp-d16 -mfloat-abi=hard -mthumb -o "Core/Src/main.o"
In file included from ../Core/Src/led_driver.c:1:
../Core/Inc/led_driver.h:21:32: error: unknown type name 'uint32'; did you mean 'uint32_t'?
   21 | void button_init(Button_t * b, uint32 port);
      |                                ^~~~~~
      |                                uint32_t
../Core/Src/led_driver.c:24:32: error: unknown type name 'uint32'; did you mean 'uint32_t'?
   24 | void button_init(Button_t * b, uint32 port){
      |                                ^~~~~~
      |                                uint32_t
../Core/Src/led_driver.c: In function 'button_loop':
../Core/Src/led_driver.c:29:8: error: expected expression before ')' token
   29 |  while(){
      |        ^
make: *** [Core/Src/subdir.mk:43: Core/Src/led_driver.o] Error 1
make: *** Waiting for unfinished jobs....
In file included from ../Core/Src/main.c:4:
../Core/Inc/led_driver.h:21:32: error: unknown type name 'uint32'; did you mean 'uint32_t'?
   21 | void button_init(Button_t * b, uint32 port);
      |                                ^~~~~~
      |                                uint32_t
../Core/Src/main.c: In function 'main':
../Core/Src/main.c:41:2: warning: implicit declaration of function 'button_init' [-Wimplicit-function-declaration]
   41 |  button_init(&b, GPIOA->IDR);
      |  ^~~~~~~~~~~
make: *** [Core/Src/subdir.mk:43: Core/Src/main.o] Error 1
"make -j7 all" terminated with exit code 2. Build might be incomplete.
12:13:53 **** Incremental Build of configuration Debug for project ess_skeleton ****
make -j7 all 
arm-none-eabi-gcc "../Core/Src/led_driver.c" -mcpu=cortex-m4 -std=gnu11 -g3 -DDEBUG -DUSE_HAL_DRIVER -DSTM32F407xx -c -I../USB_HOST/App -I../USB_HOST/Target -I../Core/Inc -I../Drivers/STM32F4xx_HAL_Driver/Inc -I../Drivers/STM32F4xx_HAL_Driver/Inc/Legacy -I../Middlewares/ST/STM32_USB_Host_Library/Core/Inc -I../Middlewares/ST/STM32_USB_Host_Library/Class/CDC/Inc -I../Drivers/CMSIS/Device/ST/STM32F4xx/Include -I../Drivers/CMSIS/Include -O0 -ffunction-sections -fdata-sections -Wall -fstack-usage -MMD -MP -MF"Core/Src/led_driver.d" -MT"Core/Src/led_driver.o" --specs=nano.specs -mfpu=fpv4-sp-d16 -mfloat-abi=hard -mthumb -o "Core/Src/led_driver.o"
arm-none-eabi-gcc "../Core/Src/main.c" -mcpu=cortex-m4 -std=gnu11 -g3 -DDEBUG -DUSE_HAL_DRIVER -DSTM32F407xx -c -I../USB_HOST/App -I../USB_HOST/Target -I../Core/Inc -I../Drivers/STM32F4xx_HAL_Driver/Inc -I../Drivers/STM32F4xx_HAL_Driver/Inc/Legacy -I../Middlewares/ST/STM32_USB_Host_Library/Core/Inc -I../Middlewares/ST/STM32_USB_Host_Library/Class/CDC/Inc -I../Drivers/CMSIS/Device/ST/STM32F4xx/Include -I../Drivers/CMSIS/Include -O0 -ffunction-sections -fdata-sections -Wall -fstack-usage -MMD -MP -MF"Core/Src/main.d" -MT"Core/Src/main.o" --specs=nano.specs -mfpu=fpv4-sp-d16 -mfloat-abi=hard -mthumb -o "Core/Src/main.o"
../Core/Src/led_driver.c: In function 'button_init':
../Core/Src/led_driver.c:25:13: warning: assignment to 'uint32_t' {aka 'long unsigned int'} from 'uint32_t *' {aka 'long unsigned int *'} makes integer from pointer without a cast [-Wint-conversion]
   25 |  (*b->port) = (uint32_t*) port;
      |             ^
../Core/Src/led_driver.c: In function 'button_loop':
../Core/Src/led_driver.c:29:8: error: expected expression before ')' token
   29 |  while(){
      |        ^
make: *** [Core/Src/subdir.mk:43: Core/Src/led_driver.o] Error 1
make: *** Waiting for unfinished jobs....
"make -j7 all" terminated with exit code 2. Build might be incomplete.
12:15:40 **** Incremental Build of configuration Debug for project ess_skeleton ****
make -j7 all 
arm-none-eabi-gcc "../Core/Src/led_driver.c" -mcpu=cortex-m4 -std=gnu11 -g3 -DDEBUG -DUSE_HAL_DRIVER -DSTM32F407xx -c -I../USB_HOST/App -I../USB_HOST/Target -I../Core/Inc -I../Drivers/STM32F4xx_HAL_Driver/Inc -I../Drivers/STM32F4xx_HAL_Driver/Inc/Legacy -I../Middlewares/ST/STM32_USB_Host_Library/Core/Inc -I../Middlewares/ST/STM32_USB_Host_Library/Class/CDC/Inc -I../Drivers/CMSIS/Device/ST/STM32F4xx/Include -I../Drivers/CMSIS/Include -O0 -ffunction-sections -fdata-sections -Wall -fstack-usage -MMD -MP -MF"Core/Src/led_driver.d" -MT"Core/Src/led_driver.o" --specs=nano.specs -mfpu=fpv4-sp-d16 -mfloat-abi=hard -mthumb -o "Core/Src/led_driver.o"
../Core/Src/led_driver.c: In function 'button_init':
../Core/Src/led_driver.c:26:13: warning: assignment to 'uint32_t' {aka 'long unsigned int'} from 'uint32_t *' {aka 'long unsigned int *'} makes integer from pointer without a cast [-Wint-conversion]
   26 |  (*b->port) = portPtr;
      |             ^
../Core/Src/led_driver.c: In function 'button_loop':
../Core/Src/led_driver.c:30:8: error: expected expression before ')' token
   30 |  while(){
      |        ^
make: *** [Core/Src/subdir.mk:43: Core/Src/led_driver.o] Error 1
"make -j7 all" terminated with exit code 2. Build might be incomplete.
12:16:14 **** Incremental Build of configuration Debug for project ess_skeleton ****
make -j7 all 
arm-none-eabi-gcc "../Core/Src/led_driver.c" -mcpu=cortex-m4 -std=gnu11 -g3 -DDEBUG -DUSE_HAL_DRIVER -DSTM32F407xx -c -I../USB_HOST/App -I../USB_HOST/Target -I../Core/Inc -I../Drivers/STM32F4xx_HAL_Driver/Inc -I../Drivers/STM32F4xx_HAL_Driver/Inc/Legacy -I../Middlewares/ST/STM32_USB_Host_Library/Core/Inc -I../Middlewares/ST/STM32_USB_Host_Library/Class/CDC/Inc -I../Drivers/CMSIS/Device/ST/STM32F4xx/Include -I../Drivers/CMSIS/Include -O0 -ffunction-sections -fdata-sections -Wall -fstack-usage -MMD -MP -MF"Core/Src/led_driver.d" -MT"Core/Src/led_driver.o" --specs=nano.specs -mfpu=fpv4-sp-d16 -mfloat-abi=hard -mthumb -o "Core/Src/led_driver.o"
../Core/Src/led_driver.c: In function 'button_init':
../Core/Src/led_driver.c:26:13: warning: assignment to 'uint32_t' {aka 'long unsigned int'} from 'uint32_t *' {aka 'long unsigned int *'} makes integer from pointer without a cast [-Wint-conversion]
   26 |  (*b->port) = portPtr;
      |             ^
../Core/Src/led_driver.c: In function 'button_loop':
../Core/Src/led_driver.c:30:8: error: expected expression before ')' token
   30 |  while(){
      |        ^
make: *** [Core/Src/subdir.mk:43: Core/Src/led_driver.o] Error 1
"make -j7 all" terminated with exit code 2. Build might be incomplete.
12:16:32 **** Incremental Build of configuration Debug for project ess_skeleton ****
make -j7 all 
arm-none-eabi-gcc "../Core/Src/led_driver.c" -mcpu=cortex-m4 -std=gnu11 -g3 -DDEBUG -DUSE_HAL_DRIVER -DSTM32F407xx -c -I../USB_HOST/App -I../USB_HOST/Target -I../Core/Inc -I../Drivers/STM32F4xx_HAL_Driver/Inc -I../Drivers/STM32F4xx_HAL_Driver/Inc/Legacy -I../Middlewares/ST/STM32_USB_Host_Library/Core/Inc -I../Middlewares/ST/STM32_USB_Host_Library/Class/CDC/Inc -I../Drivers/CMSIS/Device/ST/STM32F4xx/Include -I../Drivers/CMSIS/Include -O0 -ffunction-sections -fdata-sections -Wall -fstack-usage -MMD -MP -MF"Core/Src/led_driver.d" -MT"Core/Src/led_driver.o" --specs=nano.specs -mfpu=fpv4-sp-d16 -mfloat-abi=hard -mthumb -o "Core/Src/led_driver.o"
../Core/Src/led_driver.c: In function 'button_init':
../Core/Src/led_driver.c:26:13: warning: assignment to 'uint32_t' {aka 'long unsigned int'} from 'uint32_t *' {aka 'long unsigned int *'} makes integer from pointer without a cast [-Wint-conversion]
   26 |  (*b->port) = portPtr;
      |             ^
arm-none-eabi-gcc -o "ess_skeleton.elf" @"objects.list"   -mcpu=cortex-m4 -T"/Users/ess04/oxford_embedded_software_systems/ESS/ess_skeleton/STM32F407VGTX_FLASH.ld" --specs=nosys.specs -Wl,-Map="ess_skeleton.map" -Wl,--gc-sections -static --specs=nano.specs -mfpu=fpv4-sp-d16 -mfloat-abi=hard -mthumb -Wl,--start-group -lc -lm -Wl,--end-group
Finished building target: ess_skeleton.elf
 
arm-none-eabi-size   ess_skeleton.elf 
arm-none-eabi-objdump -h -S  ess_skeleton.elf  > "ess_skeleton.list"
   text	   data	    bss	    dec	    hex	filename
   6208	     20	   1572	   7800	   1e78	ess_skeleton.elf
Finished building: default.size.stdout
 
Finished building: ess_skeleton.list
 
12:18:07 **** Incremental Build of configuration Debug for project ess_skeleton ****
make -j7 all 
arm-none-eabi-gcc "../Core/Src/led_driver.c" -mcpu=cortex-m4 -std=gnu11 -g3 -DDEBUG -DUSE_HAL_DRIVER -DSTM32F407xx -c -I../USB_HOST/App -I../USB_HOST/Target -I../Core/Inc -I../Drivers/STM32F4xx_HAL_Driver/Inc -I../Drivers/STM32F4xx_HAL_Driver/Inc/Legacy -I../Middlewares/ST/STM32_USB_Host_Library/Core/Inc -I../Middlewares/ST/STM32_USB_Host_Library/Class/CDC/Inc -I../Drivers/CMSIS/Device/ST/STM32F4xx/Include -I../Drivers/CMSIS/Include -O0 -ffunction-sections -fdata-sections -Wall -fstack-usage -MMD -MP -MF"Core/Src/led_driver.d" -MT"Core/Src/led_driver.o" --specs=nano.specs -mfpu=fpv4-sp-d16 -mfloat-abi=hard -mthumb -o "Core/Src/led_driver.o"
arm-none-eabi-gcc -o "ess_skeleton.elf" @"objects.list"   -mcpu=cortex-m4 -T"/Users/ess04/oxford_embedded_software_systems/ESS/ess_skeleton/STM32F407VGTX_FLASH.ld" --specs=nosys.specs -Wl,-Map="ess_skeleton.map" -Wl,--gc-sections -static --specs=nano.specs -mfpu=fpv4-sp-d16 -mfloat-abi=hard -mthumb -Wl,--start-group -lc -lm -Wl,--end-group
Finished building target: ess_skeleton.elf
 
arm-none-eabi-size   ess_skeleton.elf 
arm-none-eabi-objdump -h -S  ess_skeleton.elf  > "ess_skeleton.list"
   text	   data	    bss	    dec	    hex	filename
   6208	     20	   1572	   7800	   1e78	ess_skeleton.elf
Finished building: default.size.stdout
 
Finished building: ess_skeleton.list
 
12:19:25 **** Incremental Build of configuration Debug for project ess_skeleton ****
make -j7 all 
arm-none-eabi-gcc "../Core/Src/led_driver.c" -mcpu=cortex-m4 -std=gnu11 -g3 -DDEBUG -DUSE_HAL_DRIVER -DSTM32F407xx -c -I../USB_HOST/App -I../USB_HOST/Target -I../Core/Inc -I../Drivers/STM32F4xx_HAL_Driver/Inc -I../Drivers/STM32F4xx_HAL_Driver/Inc/Legacy -I../Middlewares/ST/STM32_USB_Host_Library/Core/Inc -I../Middlewares/ST/STM32_USB_Host_Library/Class/CDC/Inc -I../Drivers/CMSIS/Device/ST/STM32F4xx/Include -I../Drivers/CMSIS/Include -O0 -ffunction-sections -fdata-sections -Wall -fstack-usage -MMD -MP -MF"Core/Src/led_driver.d" -MT"Core/Src/led_driver.o" --specs=nano.specs -mfpu=fpv4-sp-d16 -mfloat-abi=hard -mthumb -o "Core/Src/led_driver.o"
arm-none-eabi-gcc -o "ess_skeleton.elf" @"objects.list"   -mcpu=cortex-m4 -T"/Users/ess04/oxford_embedded_software_systems/ESS/ess_skeleton/STM32F407VGTX_FLASH.ld" --specs=nosys.specs -Wl,-Map="ess_skeleton.map" -Wl,--gc-sections -static --specs=nano.specs -mfpu=fpv4-sp-d16 -mfloat-abi=hard -mthumb -Wl,--start-group -lc -lm -Wl,--end-group
Finished building target: ess_skeleton.elf
 
arm-none-eabi-size   ess_skeleton.elf 
arm-none-eabi-objdump -h -S  ess_skeleton.elf  > "ess_skeleton.list"
   text	   data	    bss	    dec	    hex	filename
   6212	     20	   1572	   7804	   1e7c	ess_skeleton.elf
Finished building: default.size.stdout
 
Finished building: ess_skeleton.list
 
12:20:42 **** Incremental Build of configuration Debug for project ess_skeleton ****
make -j7 all 
arm-none-eabi-gcc "../Core/Src/led_driver.c" -mcpu=cortex-m4 -std=gnu11 -g3 -DDEBUG -DUSE_HAL_DRIVER -DSTM32F407xx -c -I../USB_HOST/App -I../USB_HOST/Target -I../Core/Inc -I../Drivers/STM32F4xx_HAL_Driver/Inc -I../Drivers/STM32F4xx_HAL_Driver/Inc/Legacy -I../Middlewares/ST/STM32_USB_Host_Library/Core/Inc -I../Middlewares/ST/STM32_USB_Host_Library/Class/CDC/Inc -I../Drivers/CMSIS/Device/ST/STM32F4xx/Include -I../Drivers/CMSIS/Include -O0 -ffunction-sections -fdata-sections -Wall -fstack-usage -MMD -MP -MF"Core/Src/led_driver.d" -MT"Core/Src/led_driver.o" --specs=nano.specs -mfpu=fpv4-sp-d16 -mfloat-abi=hard -mthumb -o "Core/Src/led_driver.o"
arm-none-eabi-gcc -o "ess_skeleton.elf" @"objects.list"   -mcpu=cortex-m4 -T"/Users/ess04/oxford_embedded_software_systems/ESS/ess_skeleton/STM32F407VGTX_FLASH.ld" --specs=nosys.specs -Wl,-Map="ess_skeleton.map" -Wl,--gc-sections -static --specs=nano.specs -mfpu=fpv4-sp-d16 -mfloat-abi=hard -mthumb -Wl,--start-group -lc -lm -Wl,--end-group
Finished building target: ess_skeleton.elf
 
arm-none-eabi-size   ess_skeleton.elf 
arm-none-eabi-objdump -h -S  ess_skeleton.elf  > "ess_skeleton.list"
   text	   data	    bss	    dec	    hex	filename
   6212	     20	   1572	   7804	   1e7c	ess_skeleton.elf
Finished building: default.size.stdout
 
Finished building: ess_skeleton.list
 
12:25:49 **** Incremental Build of configuration Debug for project ess_skeleton ****
make -j7 all 
arm-none-eabi-gcc "../Core/Src/main.c" -mcpu=cortex-m4 -std=gnu11 -g3 -DDEBUG -DUSE_HAL_DRIVER -DSTM32F407xx -c -I../USB_HOST/App -I../USB_HOST/Target -I../Core/Inc -I../Drivers/STM32F4xx_HAL_Driver/Inc -I../Drivers/STM32F4xx_HAL_Driver/Inc/Legacy -I../Middlewares/ST/STM32_USB_Host_Library/Core/Inc -I../Middlewares/ST/STM32_USB_Host_Library/Class/CDC/Inc -I../Drivers/CMSIS/Device/ST/STM32F4xx/Include -I../Drivers/CMSIS/Include -O0 -ffunction-sections -fdata-sections -Wall -fstack-usage -MMD -MP -MF"Core/Src/main.d" -MT"Core/Src/main.o" --specs=nano.specs -mfpu=fpv4-sp-d16 -mfloat-abi=hard -mthumb -o "Core/Src/main.o"
arm-none-eabi-gcc -o "ess_skeleton.elf" @"objects.list"   -mcpu=cortex-m4 -T"/Users/ess04/oxford_embedded_software_systems/ESS/ess_skeleton/STM32F407VGTX_FLASH.ld" --specs=nosys.specs -Wl,-Map="ess_skeleton.map" -Wl,--gc-sections -static --specs=nano.specs -mfpu=fpv4-sp-d16 -mfloat-abi=hard -mthumb -Wl,--start-group -lc -lm -Wl,--end-group
Finished building target: ess_skeleton.elf
 
arm-none-eabi-size   ess_skeleton.elf 
arm-none-eabi-objdump -h -S  ess_skeleton.elf  > "ess_skeleton.list"
   text	   data	    bss	    dec	    hex	filename
   6128	     20	   1572	   7720	   1e28	ess_skeleton.elf
Finished building: default.size.stdout
 
Finished building: ess_skeleton.list
 
13:38:08 **** Incremental Build of configuration Debug for project ess_skeleton ****
make -j7 all 
arm-none-eabi-gcc "../Core/Src/main.c" -mcpu=cortex-m4 -std=gnu11 -g3 -DDEBUG -DUSE_HAL_DRIVER -DSTM32F407xx -c -I../USB_HOST/App -I../USB_HOST/Target -I../Core/Inc -I../Drivers/STM32F4xx_HAL_Driver/Inc -I../Drivers/STM32F4xx_HAL_Driver/Inc/Legacy -I../Middlewares/ST/STM32_USB_Host_Library/Core/Inc -I../Middlewares/ST/STM32_USB_Host_Library/Class/CDC/Inc -I../Drivers/CMSIS/Device/ST/STM32F4xx/Include -I../Drivers/CMSIS/Include -O0 -ffunction-sections -fdata-sections -Wall -fstack-usage -MMD -MP -MF"Core/Src/main.d" -MT"Core/Src/main.o" --specs=nano.specs -mfpu=fpv4-sp-d16 -mfloat-abi=hard -mthumb -o "Core/Src/main.o"
../Core/Src/main.c: In function 'main':
../Core/Src/main.c:40:6: error: invalid type argument of unary '*' (have 'uint32_t' {aka 'volatile long unsigned int'})
   40 |   if(*GPIOA->IDR){
      |      ^~~~~~~~~~~
make: *** [Core/Src/subdir.mk:43: Core/Src/main.o] Error 1
"make -j7 all" terminated with exit code 2. Build might be incomplete.
13:38:23 **** Incremental Build of configuration Debug for project ess_skeleton ****
make -j7 all 
arm-none-eabi-gcc "../Core/Src/main.c" -mcpu=cortex-m4 -std=gnu11 -g3 -DDEBUG -DUSE_HAL_DRIVER -DSTM32F407xx -c -I../USB_HOST/App -I../USB_HOST/Target -I../Core/Inc -I../Drivers/STM32F4xx_HAL_Driver/Inc -I../Drivers/STM32F4xx_HAL_Driver/Inc/Legacy -I../Middlewares/ST/STM32_USB_Host_Library/Core/Inc -I../Middlewares/ST/STM32_USB_Host_Library/Class/CDC/Inc -I../Drivers/CMSIS/Device/ST/STM32F4xx/Include -I../Drivers/CMSIS/Include -O0 -ffunction-sections -fdata-sections -Wall -fstack-usage -MMD -MP -MF"Core/Src/main.d" -MT"Core/Src/main.o" --specs=nano.specs -mfpu=fpv4-sp-d16 -mfloat-abi=hard -mthumb -o "Core/Src/main.o"
arm-none-eabi-gcc -o "ess_skeleton.elf" @"objects.list"   -mcpu=cortex-m4 -T"/Users/ess04/oxford_embedded_software_systems/ESS/ess_skeleton/STM32F407VGTX_FLASH.ld" --specs=nosys.specs -Wl,-Map="ess_skeleton.map" -Wl,--gc-sections -static --specs=nano.specs -mfpu=fpv4-sp-d16 -mfloat-abi=hard -mthumb -Wl,--start-group -lc -lm -Wl,--end-group
Finished building target: ess_skeleton.elf
 
arm-none-eabi-size   ess_skeleton.elf 
arm-none-eabi-objdump -h -S  ess_skeleton.elf  > "ess_skeleton.list"
   text	   data	    bss	    dec	    hex	filename
   6128	     20	   1572	   7720	   1e28	ess_skeleton.elf
Finished building: default.size.stdout
 
Finished building: ess_skeleton.list
 
13:39:21 **** Incremental Build of configuration Debug for project ess_skeleton ****
make -j7 all 
arm-none-eabi-gcc "../Core/Src/main.c" -mcpu=cortex-m4 -std=gnu11 -g3 -DDEBUG -DUSE_HAL_DRIVER -DSTM32F407xx -c -I../USB_HOST/App -I../USB_HOST/Target -I../Core/Inc -I../Drivers/STM32F4xx_HAL_Driver/Inc -I../Drivers/STM32F4xx_HAL_Driver/Inc/Legacy -I../Middlewares/ST/STM32_USB_Host_Library/Core/Inc -I../Middlewares/ST/STM32_USB_Host_Library/Class/CDC/Inc -I../Drivers/CMSIS/Device/ST/STM32F4xx/Include -I../Drivers/CMSIS/Include -O0 -ffunction-sections -fdata-sections -Wall -fstack-usage -MMD -MP -MF"Core/Src/main.d" -MT"Core/Src/main.o" --specs=nano.specs -mfpu=fpv4-sp-d16 -mfloat-abi=hard -mthumb -o "Core/Src/main.o"
arm-none-eabi-gcc -o "ess_skeleton.elf" @"objects.list"   -mcpu=cortex-m4 -T"/Users/ess04/oxford_embedded_software_systems/ESS/ess_skeleton/STM32F407VGTX_FLASH.ld" --specs=nosys.specs -Wl,-Map="ess_skeleton.map" -Wl,--gc-sections -static --specs=nano.specs -mfpu=fpv4-sp-d16 -mfloat-abi=hard -mthumb -Wl,--start-group -lc -lm -Wl,--end-group
Finished building target: ess_skeleton.elf
 
arm-none-eabi-size   ess_skeleton.elf 
arm-none-eabi-objdump -h -S  ess_skeleton.elf  > "ess_skeleton.list"
   text	   data	    bss	    dec	    hex	filename
   6144	     20	   1572	   7736	   1e38	ess_skeleton.elf
Finished building: default.size.stdout
 
Finished building: ess_skeleton.list
 
13:43:02 **** Incremental Build of configuration Debug for project ess_skeleton ****
make -j7 all 
arm-none-eabi-gcc "../Core/Src/main.c" -mcpu=cortex-m4 -std=gnu11 -g3 -DDEBUG -DUSE_HAL_DRIVER -DSTM32F407xx -c -I../USB_HOST/App -I../USB_HOST/Target -I../Core/Inc -I../Drivers/STM32F4xx_HAL_Driver/Inc -I../Drivers/STM32F4xx_HAL_Driver/Inc/Legacy -I../Middlewares/ST/STM32_USB_Host_Library/Core/Inc -I../Middlewares/ST/STM32_USB_Host_Library/Class/CDC/Inc -I../Drivers/CMSIS/Device/ST/STM32F4xx/Include -I../Drivers/CMSIS/Include -O0 -ffunction-sections -fdata-sections -Wall -fstack-usage -MMD -MP -MF"Core/Src/main.d" -MT"Core/Src/main.o" --specs=nano.specs -mfpu=fpv4-sp-d16 -mfloat-abi=hard -mthumb -o "Core/Src/main.o"
arm-none-eabi-gcc -o "ess_skeleton.elf" @"objects.list"   -mcpu=cortex-m4 -T"/Users/ess04/oxford_embedded_software_systems/ESS/ess_skeleton/STM32F407VGTX_FLASH.ld" --specs=nosys.specs -Wl,-Map="ess_skeleton.map" -Wl,--gc-sections -static --specs=nano.specs -mfpu=fpv4-sp-d16 -mfloat-abi=hard -mthumb -Wl,--start-group -lc -lm -Wl,--end-group
Finished building target: ess_skeleton.elf
 
arm-none-eabi-size   ess_skeleton.elf 
arm-none-eabi-objdump -h -S  ess_skeleton.elf  > "ess_skeleton.list"
   text	   data	    bss	    dec	    hex	filename
   6148	     20	   1572	   7740	   1e3c	ess_skeleton.elf
Finished building: default.size.stdout
 
Finished building: ess_skeleton.list
 
13:56:20 **** Incremental Build of configuration Debug for project ess_skeleton ****
make -j7 all 
arm-none-eabi-gcc "../Core/Src/led_driver.c" -mcpu=cortex-m4 -std=gnu11 -g3 -DDEBUG -DUSE_HAL_DRIVER -DSTM32F407xx -c -I../USB_HOST/App -I../USB_HOST/Target -I../Core/Inc -I../Drivers/STM32F4xx_HAL_Driver/Inc -I../Drivers/STM32F4xx_HAL_Driver/Inc/Legacy -I../Middlewares/ST/STM32_USB_Host_Library/Core/Inc -I../Middlewares/ST/STM32_USB_Host_Library/Class/CDC/Inc -I../Drivers/CMSIS/Device/ST/STM32F4xx/Include -I../Drivers/CMSIS/Include -O0 -ffunction-sections -fdata-sections -Wall -fstack-usage -MMD -MP -MF"Core/Src/led_driver.d" -MT"Core/Src/led_driver.o" --specs=nano.specs -mfpu=fpv4-sp-d16 -mfloat-abi=hard -mthumb -o "Core/Src/led_driver.o"
arm-none-eabi-gcc "../Core/Src/main.c" -mcpu=cortex-m4 -std=gnu11 -g3 -DDEBUG -DUSE_HAL_DRIVER -DSTM32F407xx -c -I../USB_HOST/App -I../USB_HOST/Target -I../Core/Inc -I../Drivers/STM32F4xx_HAL_Driver/Inc -I../Drivers/STM32F4xx_HAL_Driver/Inc/Legacy -I../Middlewares/ST/STM32_USB_Host_Library/Core/Inc -I../Middlewares/ST/STM32_USB_Host_Library/Class/CDC/Inc -I../Drivers/CMSIS/Device/ST/STM32F4xx/Include -I../Drivers/CMSIS/Include -O0 -ffunction-sections -fdata-sections -Wall -fstack-usage -MMD -MP -MF"Core/Src/main.d" -MT"Core/Src/main.o" --specs=nano.specs -mfpu=fpv4-sp-d16 -mfloat-abi=hard -mthumb -o "Core/Src/main.o"
arm-none-eabi-gcc -o "ess_skeleton.elf" @"objects.list"   -mcpu=cortex-m4 -T"/Users/ess04/oxford_embedded_software_systems/ESS/ess_skeleton/STM32F407VGTX_FLASH.ld" --specs=nosys.specs -Wl,-Map="ess_skeleton.map" -Wl,--gc-sections -static --specs=nano.specs -mfpu=fpv4-sp-d16 -mfloat-abi=hard -mthumb -Wl,--start-group -lc -lm -Wl,--end-group
Finished building target: ess_skeleton.elf
 
arm-none-eabi-size   ess_skeleton.elf 
arm-none-eabi-objdump -h -S  ess_skeleton.elf  > "ess_skeleton.list"
   text	   data	    bss	    dec	    hex	filename
   6148	     20	   1572	   7740	   1e3c	ess_skeleton.elf
Finished building: default.size.stdout
 
Finished building: ess_skeleton.list
 
14:00:46 **** Incremental Build of configuration Debug for project ess_skeleton ****
make -j7 all 
arm-none-eabi-gcc "../Core/Src/main.c" -mcpu=cortex-m4 -std=gnu11 -g3 -DDEBUG -DUSE_HAL_DRIVER -DSTM32F407xx -c -I../USB_HOST/App -I../USB_HOST/Target -I../Core/Inc -I../Drivers/STM32F4xx_HAL_Driver/Inc -I../Drivers/STM32F4xx_HAL_Driver/Inc/Legacy -I../Middlewares/ST/STM32_USB_Host_Library/Core/Inc -I../Middlewares/ST/STM32_USB_Host_Library/Class/CDC/Inc -I../Drivers/CMSIS/Device/ST/STM32F4xx/Include -I../Drivers/CMSIS/Include -O0 -ffunction-sections -fdata-sections -Wall -fstack-usage -MMD -MP -MF"Core/Src/main.d" -MT"Core/Src/main.o" --specs=nano.specs -mfpu=fpv4-sp-d16 -mfloat-abi=hard -mthumb -o "Core/Src/main.o"
arm-none-eabi-gcc -o "ess_skeleton.elf" @"objects.list"   -mcpu=cortex-m4 -T"/Users/ess04/oxford_embedded_software_systems/ESS/ess_skeleton/STM32F407VGTX_FLASH.ld" --specs=nosys.specs -Wl,-Map="ess_skeleton.map" -Wl,--gc-sections -static --specs=nano.specs -mfpu=fpv4-sp-d16 -mfloat-abi=hard -mthumb -u _printf_float -Wl,--start-group -lc -lm -Wl,--end-group
Finished building target: ess_skeleton.elf
 
arm-none-eabi-size   ess_skeleton.elf 
arm-none-eabi-objdump -h -S  ess_skeleton.elf  > "ess_skeleton.list"
   text	   data	    bss	    dec	    hex	filename
  21020	    484	   1588	  23092	   5a34	ess_skeleton.elf
Finished building: default.size.stdout
 
Finished building: ess_skeleton.list
 
14:02:19 **** Incremental Build of configuration Debug for project ess_skeleton ****
make -j7 all 
arm-none-eabi-size   ess_skeleton.elf 
   text	   data	    bss	    dec	    hex	filename
  21020	    484	   1588	  23092	   5a34	ess_skeleton.elf
Finished building: default.size.stdout
 
14:08:38 **** Incremental Build of configuration Debug for project ess_skeleton ****
make -j7 all 
arm-none-eabi-size   ess_skeleton.elf 
   text	   data	    bss	    dec	    hex	filename
  21020	    484	   1588	  23092	   5a34	ess_skeleton.elf
Finished building: default.size.stdout
 
14:10:48 **** Incremental Build of configuration Debug for project ess_skeleton ****
make -j7 all 
arm-none-eabi-gcc "../Core/Src/main.c" -mcpu=cortex-m4 -std=gnu11 -g3 -DDEBUG -DUSE_HAL_DRIVER -DSTM32F407xx -c -I../USB_HOST/App -I../USB_HOST/Target -I../Core/Inc -I../Drivers/STM32F4xx_HAL_Driver/Inc -I../Drivers/STM32F4xx_HAL_Driver/Inc/Legacy -I../Middlewares/ST/STM32_USB_Host_Library/Core/Inc -I../Middlewares/ST/STM32_USB_Host_Library/Class/CDC/Inc -I../Drivers/CMSIS/Device/ST/STM32F4xx/Include -I../Drivers/CMSIS/Include -O0 -ffunction-sections -fdata-sections -Wall -fstack-usage -MMD -MP -MF"Core/Src/main.d" -MT"Core/Src/main.o" --specs=nano.specs -mfpu=fpv4-sp-d16 -mfloat-abi=hard -mthumb -o "Core/Src/main.o"
arm-none-eabi-gcc -o "ess_skeleton.elf" @"objects.list"   -mcpu=cortex-m4 -T"/Users/ess04/oxford_embedded_software_systems/ESS/ess_skeleton/STM32F407VGTX_FLASH.ld" --specs=nosys.specs -Wl,-Map="ess_skeleton.map" -Wl,--gc-sections -static --specs=nano.specs -mfpu=fpv4-sp-d16 -mfloat-abi=hard -mthumb -u _printf_float -Wl,--start-group -lc -lm -Wl,--end-group
Finished building target: ess_skeleton.elf
 
arm-none-eabi-size   ess_skeleton.elf 
arm-none-eabi-objdump -h -S  ess_skeleton.elf  > "ess_skeleton.list"
   text	   data	    bss	    dec	    hex	filename
  21044	    484	   1588	  23116	   5a4c	ess_skeleton.elf
Finished building: default.size.stdout
 
Finished building: ess_skeleton.list
 
14:21:36 **** Incremental Build of configuration Debug for project ess_skeleton ****
make -j7 all 
arm-none-eabi-gcc "../Core/Src/led_driver.c" -mcpu=cortex-m4 -std=gnu11 -g3 -DDEBUG -DUSE_HAL_DRIVER -DSTM32F407xx -c -I../USB_HOST/App -I../USB_HOST/Target -I../Core/Inc -I../Drivers/STM32F4xx_HAL_Driver/Inc -I../Drivers/STM32F4xx_HAL_Driver/Inc/Legacy -I../Middlewares/ST/STM32_USB_Host_Library/Core/Inc -I../Middlewares/ST/STM32_USB_Host_Library/Class/CDC/Inc -I../Drivers/CMSIS/Device/ST/STM32F4xx/Include -I../Drivers/CMSIS/Include -O0 -ffunction-sections -fdata-sections -Wall -fstack-usage -MMD -MP -MF"Core/Src/led_driver.d" -MT"Core/Src/led_driver.o" --specs=nano.specs -mfpu=fpv4-sp-d16 -mfloat-abi=hard -mthumb -o "Core/Src/led_driver.o"
arm-none-eabi-gcc "../Core/Src/main.c" -mcpu=cortex-m4 -std=gnu11 -g3 -DDEBUG -DUSE_HAL_DRIVER -DSTM32F407xx -c -I../USB_HOST/App -I../USB_HOST/Target -I../Core/Inc -I../Drivers/STM32F4xx_HAL_Driver/Inc -I../Drivers/STM32F4xx_HAL_Driver/Inc/Legacy -I../Middlewares/ST/STM32_USB_Host_Library/Core/Inc -I../Middlewares/ST/STM32_USB_Host_Library/Class/CDC/Inc -I../Drivers/CMSIS/Device/ST/STM32F4xx/Include -I../Drivers/CMSIS/Include -O0 -ffunction-sections -fdata-sections -Wall -fstack-usage -MMD -MP -MF"Core/Src/main.d" -MT"Core/Src/main.o" --specs=nano.specs -mfpu=fpv4-sp-d16 -mfloat-abi=hard -mthumb -o "Core/Src/main.o"
arm-none-eabi-gcc -o "ess_skeleton.elf" @"objects.list"   -mcpu=cortex-m4 -T"/Users/ess04/oxford_embedded_software_systems/ESS/ess_skeleton/STM32F407VGTX_FLASH.ld" --specs=nosys.specs -Wl,-Map="ess_skeleton.map" -Wl,--gc-sections -static --specs=nano.specs -mfpu=fpv4-sp-d16 -mfloat-abi=hard -mthumb -u _printf_float -Wl,--start-group -lc -lm -Wl,--end-group
Finished building target: ess_skeleton.elf
 
arm-none-eabi-size   ess_skeleton.elf 
arm-none-eabi-objdump -h -S  ess_skeleton.elf  > "ess_skeleton.list"
   text	   data	    bss	    dec	    hex	filename
  20820	    484	   1588	  22892	   596c	ess_skeleton.elf
Finished building: default.size.stdout
 
Finished building: ess_skeleton.list
 
14:22:08 **** Incremental Build of configuration Debug for project ess_skeleton ****
make -j7 all 
arm-none-eabi-gcc "../Core/Src/main.c" -mcpu=cortex-m4 -std=gnu11 -g3 -DDEBUG -DUSE_HAL_DRIVER -DSTM32F407xx -c -I../USB_HOST/App -I../USB_HOST/Target -I../Core/Inc -I../Drivers/STM32F4xx_HAL_Driver/Inc -I../Drivers/STM32F4xx_HAL_Driver/Inc/Legacy -I../Middlewares/ST/STM32_USB_Host_Library/Core/Inc -I../Middlewares/ST/STM32_USB_Host_Library/Class/CDC/Inc -I../Drivers/CMSIS/Device/ST/STM32F4xx/Include -I../Drivers/CMSIS/Include -O0 -ffunction-sections -fdata-sections -Wall -fstack-usage -MMD -MP -MF"Core/Src/main.d" -MT"Core/Src/main.o" --specs=nano.specs -mfpu=fpv4-sp-d16 -mfloat-abi=hard -mthumb -o "Core/Src/main.o"
arm-none-eabi-gcc -o "ess_skeleton.elf" @"objects.list"   -mcpu=cortex-m4 -T"/Users/ess04/oxford_embedded_software_systems/ESS/ess_skeleton/STM32F407VGTX_FLASH.ld" --specs=nosys.specs -Wl,-Map="ess_skeleton.map" -Wl,--gc-sections -static --specs=nano.specs -mfpu=fpv4-sp-d16 -mfloat-abi=hard -mthumb -u _printf_float -Wl,--start-group -lc -lm -Wl,--end-group
Finished building target: ess_skeleton.elf
 
arm-none-eabi-size   ess_skeleton.elf 
arm-none-eabi-objdump -h -S  ess_skeleton.elf  > "ess_skeleton.list"
   text	   data	    bss	    dec	    hex	filename
  20820	    484	   1588	  22892	   596c	ess_skeleton.elf
Finished building: default.size.stdout
 
Finished building: ess_skeleton.list
 
14:22:43 **** Incremental Build of configuration Debug for project ess_skeleton ****
make -j7 all 
arm-none-eabi-gcc "../Core/Src/main.c" -mcpu=cortex-m4 -std=gnu11 -g3 -DDEBUG -DUSE_HAL_DRIVER -DSTM32F407xx -c -I../USB_HOST/App -I../USB_HOST/Target -I../Core/Inc -I../Drivers/STM32F4xx_HAL_Driver/Inc -I../Drivers/STM32F4xx_HAL_Driver/Inc/Legacy -I../Middlewares/ST/STM32_USB_Host_Library/Core/Inc -I../Middlewares/ST/STM32_USB_Host_Library/Class/CDC/Inc -I../Drivers/CMSIS/Device/ST/STM32F4xx/Include -I../Drivers/CMSIS/Include -O0 -ffunction-sections -fdata-sections -Wall -fstack-usage -MMD -MP -MF"Core/Src/main.d" -MT"Core/Src/main.o" --specs=nano.specs -mfpu=fpv4-sp-d16 -mfloat-abi=hard -mthumb -o "Core/Src/main.o"
arm-none-eabi-gcc -o "ess_skeleton.elf" @"objects.list"   -mcpu=cortex-m4 -T"/Users/ess04/oxford_embedded_software_systems/ESS/ess_skeleton/STM32F407VGTX_FLASH.ld" --specs=nosys.specs -Wl,-Map="ess_skeleton.map" -Wl,--gc-sections -static --specs=nano.specs -mfpu=fpv4-sp-d16 -mfloat-abi=hard -mthumb -u _printf_float -Wl,--start-group -lc -lm -Wl,--end-group
Finished building target: ess_skeleton.elf
 
arm-none-eabi-size   ess_skeleton.elf 
arm-none-eabi-objdump -h -S  ess_skeleton.elf  > "ess_skeleton.list"
   text	   data	    bss	    dec	    hex	filename
  20820	    484	   1588	  22892	   596c	ess_skeleton.elf
Finished building: default.size.stdout
 
Finished building: ess_skeleton.list
 
14:29:48 **** Incremental Build of configuration Debug for project ess_skeleton ****
make -j7 all 
arm-none-eabi-gcc "../Core/Src/main.c" -mcpu=cortex-m4 -std=gnu11 -g3 -DDEBUG -DUSE_HAL_DRIVER -DSTM32F407xx -c -I../USB_HOST/App -I../USB_HOST/Target -I../Core/Inc -I../Drivers/STM32F4xx_HAL_Driver/Inc -I../Drivers/STM32F4xx_HAL_Driver/Inc/Legacy -I../Middlewares/ST/STM32_USB_Host_Library/Core/Inc -I../Middlewares/ST/STM32_USB_Host_Library/Class/CDC/Inc -I../Drivers/CMSIS/Device/ST/STM32F4xx/Include -I../Drivers/CMSIS/Include -O0 -ffunction-sections -fdata-sections -Wall -fstack-usage -MMD -MP -MF"Core/Src/main.d" -MT"Core/Src/main.o" --specs=nano.specs -mfpu=fpv4-sp-d16 -mfloat-abi=hard -mthumb -o "Core/Src/main.o"
arm-none-eabi-gcc -o "ess_skeleton.elf" @"objects.list"   -mcpu=cortex-m4 -T"/Users/ess04/oxford_embedded_software_systems/ESS/ess_skeleton/STM32F407VGTX_FLASH.ld" --specs=nosys.specs -Wl,-Map="ess_skeleton.map" -Wl,--gc-sections -static --specs=nano.specs -mfpu=fpv4-sp-d16 -mfloat-abi=hard -mthumb -u _printf_float -Wl,--start-group -lc -lm -Wl,--end-group
Finished building target: ess_skeleton.elf
 
arm-none-eabi-size   ess_skeleton.elf 
arm-none-eabi-objdump -h -S  ess_skeleton.elf  > "ess_skeleton.list"
   text	   data	    bss	    dec	    hex	filename
  20820	    484	   1588	  22892	   596c	ess_skeleton.elf
Finished building: default.size.stdout
 
Finished building: ess_skeleton.list
 
14:31:07 **** Incremental Build of configuration Debug for project ess_skeleton ****
make -j7 all 
arm-none-eabi-gcc "../Core/Src/main.c" -mcpu=cortex-m4 -std=gnu11 -g3 -DDEBUG -DUSE_HAL_DRIVER -DSTM32F407xx -c -I../USB_HOST/App -I../USB_HOST/Target -I../Core/Inc -I../Drivers/STM32F4xx_HAL_Driver/Inc -I../Drivers/STM32F4xx_HAL_Driver/Inc/Legacy -I../Middlewares/ST/STM32_USB_Host_Library/Core/Inc -I../Middlewares/ST/STM32_USB_Host_Library/Class/CDC/Inc -I../Drivers/CMSIS/Device/ST/STM32F4xx/Include -I../Drivers/CMSIS/Include -O0 -ffunction-sections -fdata-sections -Wall -fstack-usage -MMD -MP -MF"Core/Src/main.d" -MT"Core/Src/main.o" --specs=nano.specs -mfpu=fpv4-sp-d16 -mfloat-abi=hard -mthumb -o "Core/Src/main.o"
arm-none-eabi-gcc -o "ess_skeleton.elf" @"objects.list"   -mcpu=cortex-m4 -T"/Users/ess04/oxford_embedded_software_systems/ESS/ess_skeleton/STM32F407VGTX_FLASH.ld" --specs=nosys.specs -Wl,-Map="ess_skeleton.map" -Wl,--gc-sections -static --specs=nano.specs -mfpu=fpv4-sp-d16 -mfloat-abi=hard -mthumb -u _printf_float -Wl,--start-group -lc -lm -Wl,--end-group
Finished building target: ess_skeleton.elf
 
arm-none-eabi-size   ess_skeleton.elf 
arm-none-eabi-objdump -h -S  ess_skeleton.elf  > "ess_skeleton.list"
   text	   data	    bss	    dec	    hex	filename
  20844	    484	   1588	  22916	   5984	ess_skeleton.elf
Finished building: default.size.stdout
 
Finished building: ess_skeleton.list
 
14:36:23 **** Incremental Build of configuration Debug for project ess_skeleton ****
make -j7 all 
arm-none-eabi-gcc "../Core/Src/main.c" -mcpu=cortex-m4 -std=gnu11 -g3 -DDEBUG -DUSE_HAL_DRIVER -DSTM32F407xx -c -I../USB_HOST/App -I../USB_HOST/Target -I../Core/Inc -I../Drivers/STM32F4xx_HAL_Driver/Inc -I../Drivers/STM32F4xx_HAL_Driver/Inc/Legacy -I../Middlewares/ST/STM32_USB_Host_Library/Core/Inc -I../Middlewares/ST/STM32_USB_Host_Library/Class/CDC/Inc -I../Drivers/CMSIS/Device/ST/STM32F4xx/Include -I../Drivers/CMSIS/Include -O0 -ffunction-sections -fdata-sections -Wall -fstack-usage -MMD -MP -MF"Core/Src/main.d" -MT"Core/Src/main.o" --specs=nano.specs -mfpu=fpv4-sp-d16 -mfloat-abi=hard -mthumb -o "Core/Src/main.o"
../Core/Src/main.c: In function 'brightness_switch':
../Core/Src/main.c:97:12: warning: passing argument 1 of 'led_on' from incompatible pointer type [-Wincompatible-pointer-types]
   97 |     led_on(&led1);
      |            ^~~~~
      |            |
      |            LED_t ** {aka struct LEDstruct **}
In file included from ../Core/Src/main.c:4:
../Core/Inc/led_driver.h:13:21: note: expected 'LED_t *' {aka 'struct LEDstruct *'} but argument is of type 'LED_t **' {aka 'struct LEDstruct **'}
   13 | void led_on(LED_t * led);
      |             ~~~~~~~~^~~
../Core/Src/main.c:98:13: warning: passing argument 1 of 'led_off' from incompatible pointer type [-Wincompatible-pointer-types]
   98 |     led_off(&led2);
      |             ^~~~~
      |             |
      |             LED_t ** {aka struct LEDstruct **}
In file included from ../Core/Src/main.c:4:
../Core/Inc/led_driver.h:14:22: note: expected 'LED_t *' {aka 'struct LEDstruct *'} but argument is of type 'LED_t **' {aka 'struct LEDstruct **'}
   14 | void led_off(LED_t * led);
      |              ~~~~~~~~^~~
../Core/Src/main.c:99:16: error: 'on_time' undeclared (first use in this function)
   99 |     delay_msec(on_time);
      |                ^~~~~~~
../Core/Src/main.c:99:16: note: each undeclared identifier is reported only once for each function it appears in
../Core/Src/main.c:101:13: warning: passing argument 1 of 'led_off' from incompatible pointer type [-Wincompatible-pointer-types]
  101 |     led_off(&led1);
      |             ^~~~~
      |             |
      |             LED_t ** {aka struct LEDstruct **}
In file included from ../Core/Src/main.c:4:
../Core/Inc/led_driver.h:14:22: note: expected 'LED_t *' {aka 'struct LEDstruct *'} but argument is of type 'LED_t **' {aka 'struct LEDstruct **'}
   14 | void led_off(LED_t * led);
      |              ~~~~~~~~^~~
../Core/Src/main.c:102:12: warning: passing argument 1 of 'led_on' from incompatible pointer type [-Wincompatible-pointer-types]
  102 |     led_on(&led2);
      |            ^~~~~
      |            |
      |            LED_t ** {aka struct LEDstruct **}
In file included from ../Core/Src/main.c:4:
../Core/Inc/led_driver.h:13:21: note: expected 'LED_t *' {aka 'struct LEDstruct *'} but argument is of type 'LED_t **' {aka 'struct LEDstruct **'}
   13 | void led_on(LED_t * led);
      |             ~~~~~~~~^~~
../Core/Src/main.c:103:16: error: 'off_time' undeclared (first use in this function); did you mean 'off_t'?
  103 |     delay_msec(off_time);
      |                ^~~~~~~~
      |                off_t
../Core/Src/main.c:93:13: warning: unused variable 'led2_time' [-Wunused-variable]
   93 |    uint32_t led2_time = 10 - led1_time;
      |             ^~~~~~~~~
make: *** [Core/Src/subdir.mk:43: Core/Src/main.o] Error 1
"make -j7 all" terminated with exit code 2. Build might be incomplete.
14:36:59 **** Incremental Build of configuration Debug for project ess_skeleton ****
make -j7 all 
arm-none-eabi-gcc "../Core/Src/main.c" -mcpu=cortex-m4 -std=gnu11 -g3 -DDEBUG -DUSE_HAL_DRIVER -DSTM32F407xx -c -I../USB_HOST/App -I../USB_HOST/Target -I../Core/Inc -I../Drivers/STM32F4xx_HAL_Driver/Inc -I../Drivers/STM32F4xx_HAL_Driver/Inc/Legacy -I../Middlewares/ST/STM32_USB_Host_Library/Core/Inc -I../Middlewares/ST/STM32_USB_Host_Library/Class/CDC/Inc -I../Drivers/CMSIS/Device/ST/STM32F4xx/Include -I../Drivers/CMSIS/Include -O0 -ffunction-sections -fdata-sections -Wall -fstack-usage -MMD -MP -MF"Core/Src/main.d" -MT"Core/Src/main.o" --specs=nano.specs -mfpu=fpv4-sp-d16 -mfloat-abi=hard -mthumb -o "Core/Src/main.o"
../Core/Src/main.c: In function 'brightness_switch':
../Core/Src/main.c:97:12: warning: passing argument 1 of 'led_on' from incompatible pointer type [-Wincompatible-pointer-types]
   97 |     led_on(&led1);
      |            ^~~~~
      |            |
      |            LED_t ** {aka struct LEDstruct **}
In file included from ../Core/Src/main.c:4:
../Core/Inc/led_driver.h:13:21: note: expected 'LED_t *' {aka 'struct LEDstruct *'} but argument is of type 'LED_t **' {aka 'struct LEDstruct **'}
   13 | void led_on(LED_t * led);
      |             ~~~~~~~~^~~
../Core/Src/main.c:98:13: warning: passing argument 1 of 'led_off' from incompatible pointer type [-Wincompatible-pointer-types]
   98 |     led_off(&led2);
      |             ^~~~~
      |             |
      |             LED_t ** {aka struct LEDstruct **}
In file included from ../Core/Src/main.c:4:
../Core/Inc/led_driver.h:14:22: note: expected 'LED_t *' {aka 'struct LEDstruct *'} but argument is of type 'LED_t **' {aka 'struct LEDstruct **'}
   14 | void led_off(LED_t * led);
      |              ~~~~~~~~^~~
../Core/Src/main.c:101:13: warning: passing argument 1 of 'led_off' from incompatible pointer type [-Wincompatible-pointer-types]
  101 |     led_off(&led1);
      |             ^~~~~
      |             |
      |             LED_t ** {aka struct LEDstruct **}
In file included from ../Core/Src/main.c:4:
../Core/Inc/led_driver.h:14:22: note: expected 'LED_t *' {aka 'struct LEDstruct *'} but argument is of type 'LED_t **' {aka 'struct LEDstruct **'}
   14 | void led_off(LED_t * led);
      |              ~~~~~~~~^~~
../Core/Src/main.c:102:12: warning: passing argument 1 of 'led_on' from incompatible pointer type [-Wincompatible-pointer-types]
  102 |     led_on(&led2);
      |            ^~~~~
      |            |
      |            LED_t ** {aka struct LEDstruct **}
In file included from ../Core/Src/main.c:4:
../Core/Inc/led_driver.h:13:21: note: expected 'LED_t *' {aka 'struct LEDstruct *'} but argument is of type 'LED_t **' {aka 'struct LEDstruct **'}
   13 | void led_on(LED_t * led);
      |             ~~~~~~~~^~~
arm-none-eabi-gcc -o "ess_skeleton.elf" @"objects.list"   -mcpu=cortex-m4 -T"/Users/ess04/oxford_embedded_software_systems/ESS/ess_skeleton/STM32F407VGTX_FLASH.ld" --specs=nosys.specs -Wl,-Map="ess_skeleton.map" -Wl,--gc-sections -static --specs=nano.specs -mfpu=fpv4-sp-d16 -mfloat-abi=hard -mthumb -u _printf_float -Wl,--start-group -lc -lm -Wl,--end-group
Finished building target: ess_skeleton.elf
 
arm-none-eabi-size   ess_skeleton.elf 
arm-none-eabi-objdump -h -S  ess_skeleton.elf  > "ess_skeleton.list"
   text	   data	    bss	    dec	    hex	filename
  20892	    484	   1588	  22964	   59b4	ess_skeleton.elf
Finished building: default.size.stdout
 
Finished building: ess_skeleton.list
 
14:37:34 **** Incremental Build of configuration Debug for project ess_skeleton ****
make -j7 all 
arm-none-eabi-gcc "../Core/Src/main.c" -mcpu=cortex-m4 -std=gnu11 -g3 -DDEBUG -DUSE_HAL_DRIVER -DSTM32F407xx -c -I../USB_HOST/App -I../USB_HOST/Target -I../Core/Inc -I../Drivers/STM32F4xx_HAL_Driver/Inc -I../Drivers/STM32F4xx_HAL_Driver/Inc/Legacy -I../Middlewares/ST/STM32_USB_Host_Library/Core/Inc -I../Middlewares/ST/STM32_USB_Host_Library/Class/CDC/Inc -I../Drivers/CMSIS/Device/ST/STM32F4xx/Include -I../Drivers/CMSIS/Include -O0 -ffunction-sections -fdata-sections -Wall -fstack-usage -MMD -MP -MF"Core/Src/main.d" -MT"Core/Src/main.o" --specs=nano.specs -mfpu=fpv4-sp-d16 -mfloat-abi=hard -mthumb -o "Core/Src/main.o"
arm-none-eabi-gcc -o "ess_skeleton.elf" @"objects.list"   -mcpu=cortex-m4 -T"/Users/ess04/oxford_embedded_software_systems/ESS/ess_skeleton/STM32F407VGTX_FLASH.ld" --specs=nosys.specs -Wl,-Map="ess_skeleton.map" -Wl,--gc-sections -static --specs=nano.specs -mfpu=fpv4-sp-d16 -mfloat-abi=hard -mthumb -u _printf_float -Wl,--start-group -lc -lm -Wl,--end-group
Finished building target: ess_skeleton.elf
 
arm-none-eabi-size   ess_skeleton.elf 
arm-none-eabi-objdump -h -S  ess_skeleton.elf  > "ess_skeleton.list"
   text	   data	    bss	    dec	    hex	filename
  20884	    484	   1588	  22956	   59ac	ess_skeleton.elf
Finished building: default.size.stdout
 
Finished building: ess_skeleton.list
 
15:18:05 **** Incremental Build of configuration Debug for project ess_skeleton ****
make -j7 all 
arm-none-eabi-gcc "../Core/Src/ess_helper.c" -mcpu=cortex-m4 -std=gnu11 -g3 -DDEBUG -DUSE_HAL_DRIVER -DSTM32F407xx -c -I../USB_HOST/App -I../USB_HOST/Target -I../Core/Inc -I../Drivers/STM32F4xx_HAL_Driver/Inc -I../Drivers/STM32F4xx_HAL_Driver/Inc/Legacy -I../Middlewares/ST/STM32_USB_Host_Library/Core/Inc -I../Middlewares/ST/STM32_USB_Host_Library/Class/CDC/Inc -I../Drivers/CMSIS/Device/ST/STM32F4xx/Include -I../Drivers/CMSIS/Include -O0 -ffunction-sections -fdata-sections -Wall -fstack-usage -MMD -MP -MF"Core/Src/ess_helper.d" -MT"Core/Src/ess_helper.o" --specs=nano.specs -mfpu=fpv4-sp-d16 -mfloat-abi=hard -mthumb -o "Core/Src/ess_helper.o"
arm-none-eabi-gcc "../Core/Src/led_driver.c" -mcpu=cortex-m4 -std=gnu11 -g3 -DDEBUG -DUSE_HAL_DRIVER -DSTM32F407xx -c -I../USB_HOST/App -I../USB_HOST/Target -I../Core/Inc -I../Drivers/STM32F4xx_HAL_Driver/Inc -I../Drivers/STM32F4xx_HAL_Driver/Inc/Legacy -I../Middlewares/ST/STM32_USB_Host_Library/Core/Inc -I../Middlewares/ST/STM32_USB_Host_Library/Class/CDC/Inc -I../Drivers/CMSIS/Device/ST/STM32F4xx/Include -I../Drivers/CMSIS/Include -O0 -ffunction-sections -fdata-sections -Wall -fstack-usage -MMD -MP -MF"Core/Src/led_driver.d" -MT"Core/Src/led_driver.o" --specs=nano.specs -mfpu=fpv4-sp-d16 -mfloat-abi=hard -mthumb -o "Core/Src/led_driver.o"
arm-none-eabi-gcc "../Core/Src/main.c" -mcpu=cortex-m4 -std=gnu11 -g3 -DDEBUG -DUSE_HAL_DRIVER -DSTM32F407xx -c -I../USB_HOST/App -I../USB_HOST/Target -I../Core/Inc -I../Drivers/STM32F4xx_HAL_Driver/Inc -I../Drivers/STM32F4xx_HAL_Driver/Inc/Legacy -I../Middlewares/ST/STM32_USB_Host_Library/Core/Inc -I../Middlewares/ST/STM32_USB_Host_Library/Class/CDC/Inc -I../Drivers/CMSIS/Device/ST/STM32F4xx/Include -I../Drivers/CMSIS/Include -O0 -ffunction-sections -fdata-sections -Wall -fstack-usage -MMD -MP -MF"Core/Src/main.d" -MT"Core/Src/main.o" --specs=nano.specs -mfpu=fpv4-sp-d16 -mfloat-abi=hard -mthumb -o "Core/Src/main.o"
arm-none-eabi-gcc "../Core/Src/pwm_driver.c" -mcpu=cortex-m4 -std=gnu11 -g3 -DDEBUG -DUSE_HAL_DRIVER -DSTM32F407xx -c -I../USB_HOST/App -I../USB_HOST/Target -I../Core/Inc -I../Drivers/STM32F4xx_HAL_Driver/Inc -I../Drivers/STM32F4xx_HAL_Driver/Inc/Legacy -I../Middlewares/ST/STM32_USB_Host_Library/Core/Inc -I../Middlewares/ST/STM32_USB_Host_Library/Class/CDC/Inc -I../Drivers/CMSIS/Device/ST/STM32F4xx/Include -I../Drivers/CMSIS/Include -O0 -ffunction-sections -fdata-sections -Wall -fstack-usage -MMD -MP -MF"Core/Src/pwm_driver.d" -MT"Core/Src/pwm_driver.o" --specs=nano.specs -mfpu=fpv4-sp-d16 -mfloat-abi=hard -mthumb -o "Core/Src/pwm_driver.o"
arm-none-eabi-gcc "../Core/Src/spi_driver.c" -mcpu=cortex-m4 -std=gnu11 -g3 -DDEBUG -DUSE_HAL_DRIVER -DSTM32F407xx -c -I../USB_HOST/App -I../USB_HOST/Target -I../Core/Inc -I../Drivers/STM32F4xx_HAL_Driver/Inc -I../Drivers/STM32F4xx_HAL_Driver/Inc/Legacy -I../Middlewares/ST/STM32_USB_Host_Library/Core/Inc -I../Middlewares/ST/STM32_USB_Host_Library/Class/CDC/Inc -I../Drivers/CMSIS/Device/ST/STM32F4xx/Include -I../Drivers/CMSIS/Include -O0 -ffunction-sections -fdata-sections -Wall -fstack-usage -MMD -MP -MF"Core/Src/spi_driver.d" -MT"Core/Src/spi_driver.o" --specs=nano.specs -mfpu=fpv4-sp-d16 -mfloat-abi=hard -mthumb -o "Core/Src/spi_driver.o"
arm-none-eabi-gcc "../Core/Src/stm32f4xx_hal_msp.c" -mcpu=cortex-m4 -std=gnu11 -g3 -DDEBUG -DUSE_HAL_DRIVER -DSTM32F407xx -c -I../USB_HOST/App -I../USB_HOST/Target -I../Core/Inc -I../Drivers/STM32F4xx_HAL_Driver/Inc -I../Drivers/STM32F4xx_HAL_Driver/Inc/Legacy -I../Middlewares/ST/STM32_USB_Host_Library/Core/Inc -I../Middlewares/ST/STM32_USB_Host_Library/Class/CDC/Inc -I../Drivers/CMSIS/Device/ST/STM32F4xx/Include -I../Drivers/CMSIS/Include -O0 -ffunction-sections -fdata-sections -Wall -fstack-usage -MMD -MP -MF"Core/Src/stm32f4xx_hal_msp.d" -MT"Core/Src/stm32f4xx_hal_msp.o" --specs=nano.specs -mfpu=fpv4-sp-d16 -mfloat-abi=hard -mthumb -o "Core/Src/stm32f4xx_hal_msp.o"
arm-none-eabi-gcc "../Core/Src/stm32f4xx_it.c" -mcpu=cortex-m4 -std=gnu11 -g3 -DDEBUG -DUSE_HAL_DRIVER -DSTM32F407xx -c -I../USB_HOST/App -I../USB_HOST/Target -I../Core/Inc -I../Drivers/STM32F4xx_HAL_Driver/Inc -I../Drivers/STM32F4xx_HAL_Driver/Inc/Legacy -I../Middlewares/ST/STM32_USB_Host_Library/Core/Inc -I../Middlewares/ST/STM32_USB_Host_Library/Class/CDC/Inc -I../Drivers/CMSIS/Device/ST/STM32F4xx/Include -I../Drivers/CMSIS/Include -O0 -ffunction-sections -fdata-sections -Wall -fstack-usage -MMD -MP -MF"Core/Src/stm32f4xx_it.d" -MT"Core/Src/stm32f4xx_it.o" --specs=nano.specs -mfpu=fpv4-sp-d16 -mfloat-abi=hard -mthumb -o "Core/Src/stm32f4xx_it.o"
../Core/Src/pwm_driver.c: In function 'pwm_driver_set':
../Core/Src/pwm_driver.c:38:2: warning: implicit declaration of function 'assert' [-Wimplicit-function-declaration]
   38 |  assert(channel >= 0);
      |  ^~~~~~
../Core/Src/pwm_driver.c:2:1: note: 'assert' is defined in header '<assert.h>'; did you forget to '#include <assert.h>'?
    1 | #include "pwm_driver.h"
  +++ |+#include <assert.h>
    2 | 
../Core/Src/pwm_driver.c: In function 'pwm_driver_update':
../Core/Src/pwm_driver.c:60:15: warning: comparison between pointer and integer
   60 |  if(state.ch0 > state.counter){
      |               ^
../Core/Src/pwm_driver.c:61:10: warning: passing argument 1 of 'led_on' from incompatible pointer type [-Wincompatible-pointer-types]
   61 |   led_on(&state.ch0);
      |          ^~~~~~~~~~
      |          |
      |          LED_t ** {aka struct LEDstruct **}
In file included from ../Core/Inc/pwm_driver.h:9,
                 from ../Core/Src/pwm_driver.c:1:
../Core/Inc/led_driver.h:13:21: note: expected 'LED_t *' {aka 'struct LEDstruct *'} but argument is of type 'LED_t **' {aka 'struct LEDstruct **'}
   13 | void led_on(LED_t * led);
      |             ~~~~~~~~^~~
../Core/Src/pwm_driver.c:63:11: warning: passing argument 1 of 'led_off' from incompatible pointer type [-Wincompatible-pointer-types]
   63 |   led_off(&state.ch0);
      |           ^~~~~~~~~~
      |           |
      |           LED_t ** {aka struct LEDstruct **}
In file included from ../Core/Inc/pwm_driver.h:9,
                 from ../Core/Src/pwm_driver.c:1:
../Core/Inc/led_driver.h:14:22: note: expected 'LED_t *' {aka 'struct LEDstruct *'} but argument is of type 'LED_t **' {aka 'struct LEDstruct **'}
   14 | void led_off(LED_t * led);
      |              ~~~~~~~~^~~
../Core/Src/pwm_driver.c:66:15: warning: comparison between pointer and integer
   66 |  if(state.ch1 > state.counter){
      |               ^
../Core/Src/pwm_driver.c:67:10: warning: passing argument 1 of 'led_on' from incompatible pointer type [-Wincompatible-pointer-types]
   67 |   led_on(&state.ch1);
      |          ^~~~~~~~~~
      |          |
      |          LED_t ** {aka struct LEDstruct **}
In file included from ../Core/Inc/pwm_driver.h:9,
                 from ../Core/Src/pwm_driver.c:1:
../Core/Inc/led_driver.h:13:21: note: expected 'LED_t *' {aka 'struct LEDstruct *'} but argument is of type 'LED_t **' {aka 'struct LEDstruct **'}
   13 | void led_on(LED_t * led);
      |             ~~~~~~~~^~~
../Core/Src/pwm_driver.c:69:11: warning: passing argument 1 of 'led_off' from incompatible pointer type [-Wincompatible-pointer-types]
   69 |   led_off(&state.ch1);
      |           ^~~~~~~~~~
      |           |
      |           LED_t ** {aka struct LEDstruct **}
In file included from ../Core/Inc/pwm_driver.h:9,
                 from ../Core/Src/pwm_driver.c:1:
../Core/Inc/led_driver.h:14:22: note: expected 'LED_t *' {aka 'struct LEDstruct *'} but argument is of type 'LED_t **' {aka 'struct LEDstruct **'}
   14 | void led_off(LED_t * led);
      |              ~~~~~~~~^~~
../Core/Src/pwm_driver.c:72:15: warning: comparison between pointer and integer
   72 |  if(state.ch2 > state.counter){
      |               ^
../Core/Src/pwm_driver.c:73:10: warning: passing argument 1 of 'led_on' from incompatible pointer type [-Wincompatible-pointer-types]
   73 |   led_on(&state.ch2);
      |          ^~~~~~~~~~
      |          |
      |          LED_t ** {aka struct LEDstruct **}
In file included from ../Core/Inc/pwm_driver.h:9,
                 from ../Core/Src/pwm_driver.c:1:
../Core/Inc/led_driver.h:13:21: note: expected 'LED_t *' {aka 'struct LEDstruct *'} but argument is of type 'LED_t **' {aka 'struct LEDstruct **'}
   13 | void led_on(LED_t * led);
      |             ~~~~~~~~^~~
../Core/Src/pwm_driver.c:75:11: warning: passing argument 1 of 'led_off' from incompatible pointer type [-Wincompatible-pointer-types]
   75 |   led_off(&state.ch2);
      |           ^~~~~~~~~~
      |           |
      |           LED_t ** {aka struct LEDstruct **}
In file included from ../Core/Inc/pwm_driver.h:9,
                 from ../Core/Src/pwm_driver.c:1:
../Core/Inc/led_driver.h:14:22: note: expected 'LED_t *' {aka 'struct LEDstruct *'} but argument is of type 'LED_t **' {aka 'struct LEDstruct **'}
   14 | void led_off(LED_t * led);
      |              ~~~~~~~~^~~
../Core/Src/pwm_driver.c:78:15: warning: comparison between pointer and integer
   78 |  if(state.ch3 > state.counter){
      |               ^
../Core/Src/pwm_driver.c:79:10: warning: passing argument 1 of 'led_on' from incompatible pointer type [-Wincompatible-pointer-types]
   79 |   led_on(&state.ch3);
      |          ^~~~~~~~~~
      |          |
      |          LED_t ** {aka struct LEDstruct **}
In file included from ../Core/Inc/pwm_driver.h:9,
                 from ../Core/Src/pwm_driver.c:1:
../Core/Inc/led_driver.h:13:21: note: expected 'LED_t *' {aka 'struct LEDstruct *'} but argument is of type 'LED_t **' {aka 'struct LEDstruct **'}
   13 | void led_on(LED_t * led);
      |             ~~~~~~~~^~~
../Core/Src/pwm_driver.c:81:11: warning: passing argument 1 of 'led_off' from incompatible pointer type [-Wincompatible-pointer-types]
   81 |   led_off(&state.ch3);
      |           ^~~~~~~~~~
      |           |
      |           LED_t ** {aka struct LEDstruct **}
In file included from ../Core/Inc/pwm_driver.h:9,
                 from ../Core/Src/pwm_driver.c:1:
../Core/Inc/led_driver.h:14:22: note: expected 'LED_t *' {aka 'struct LEDstruct *'} but argument is of type 'LED_t **' {aka 'struct LEDstruct **'}
   14 | void led_off(LED_t * led);
      |              ~~~~~~~~^~~
arm-none-eabi-gcc "../Core/Src/syscalls.c" -mcpu=cortex-m4 -std=gnu11 -g3 -DDEBUG -DUSE_HAL_DRIVER -DSTM32F407xx -c -I../USB_HOST/App -I../USB_HOST/Target -I../Core/Inc -I../Drivers/STM32F4xx_HAL_Driver/Inc -I../Drivers/STM32F4xx_HAL_Driver/Inc/Legacy -I../Middlewares/ST/STM32_USB_Host_Library/Core/Inc -I../Middlewares/ST/STM32_USB_Host_Library/Class/CDC/Inc -I../Drivers/CMSIS/Device/ST/STM32F4xx/Include -I../Drivers/CMSIS/Include -O0 -ffunction-sections -fdata-sections -Wall -fstack-usage -MMD -MP -MF"Core/Src/syscalls.d" -MT"Core/Src/syscalls.o" --specs=nano.specs -mfpu=fpv4-sp-d16 -mfloat-abi=hard -mthumb -o "Core/Src/syscalls.o"
arm-none-eabi-gcc "../Core/Src/sysmem.c" -mcpu=cortex-m4 -std=gnu11 -g3 -DDEBUG -DUSE_HAL_DRIVER -DSTM32F407xx -c -I../USB_HOST/App -I../USB_HOST/Target -I../Core/Inc -I../Drivers/STM32F4xx_HAL_Driver/Inc -I../Drivers/STM32F4xx_HAL_Driver/Inc/Legacy -I../Middlewares/ST/STM32_USB_Host_Library/Core/Inc -I../Middlewares/ST/STM32_USB_Host_Library/Class/CDC/Inc -I../Drivers/CMSIS/Device/ST/STM32F4xx/Include -I../Drivers/CMSIS/Include -O0 -ffunction-sections -fdata-sections -Wall -fstack-usage -MMD -MP -MF"Core/Src/sysmem.d" -MT"Core/Src/sysmem.o" --specs=nano.specs -mfpu=fpv4-sp-d16 -mfloat-abi=hard -mthumb -o "Core/Src/sysmem.o"
../Core/Src/main.c: In function 'lab3':
arm-none-eabi-gcc "../Core/Src/system_stm32f4xx.c" -mcpu=cortex-m4 -std=gnu11 -g3 -DDEBUG -DUSE_HAL_DRIVER -DSTM32F407xx -c -I../USB_HOST/App -I../USB_HOST/Target -I../Core/Inc -I../Drivers/STM32F4xx_HAL_Driver/Inc -I../Drivers/STM32F4xx_HAL_Driver/Inc/Legacy -I../Middlewares/ST/STM32_USB_Host_Library/Core/Inc -I../Middlewares/ST/STM32_USB_Host_Library/Class/CDC/Inc -I../Drivers/CMSIS/Device/ST/STM32F4xx/Include -I../Drivers/CMSIS/Include -O0 -ffunction-sections -fdata-sections -Wall -fstack-usage -MMD -MP -MF"Core/Src/system_stm32f4xx.d" -MT"Core/Src/system_stm32f4xx.o" --specs=nano.specs -mfpu=fpv4-sp-d16 -mfloat-abi=hard -mthumb -o "Core/Src/system_stm32f4xx.o"
../Core/Src/main.c:128:15: warning: passing argument 2 of 'led_init' discards 'volatile' qualifier from pointer target type [-Wdiscarded-qualifiers]
  128 | #define PORTD ((volatile uint32_t*)0x40020C14)
      |               ^~~~~~~~~~~~~~~~~~~~~~~~~~~~~~~~
../Core/Src/main.c:143:23: note: in expansion of macro 'PORTD'
  143 |  led_init(&led_green, PORTD, 0);
      |                       ^~~~~
In file included from ../Core/Src/main.c:4:
../Core/Inc/led_driver.h:12:38: note: expected 'uint32_t *' {aka 'long unsigned int *'} but argument is of type 'volatile uint32_t *' {aka 'volatile long unsigned int *'}
   12 | void led_init(LED_t *led, uint32_t * port, uint32_t pin);
      |                           ~~~~~~~~~~~^~~~
../Core/Src/main.c:128:15: warning: passing argument 2 of 'led_init' discards 'volatile' qualifier from pointer target type [-Wdiscarded-qualifiers]
  128 | #define PORTD ((volatile uint32_t*)0x40020C14)
      |               ^~~~~~~~~~~~~~~~~~~~~~~~~~~~~~~~
../Core/Src/main.c:144:24: note: in expansion of macro 'PORTD'
  144 |  led_init(&led_orange, PORTD, 1);
      |                        ^~~~~
In file included from ../Core/Src/main.c:4:
../Core/Inc/led_driver.h:12:38: note: expected 'uint32_t *' {aka 'long unsigned int *'} but argument is of type 'volatile uint32_t *' {aka 'volatile long unsigned int *'}
   12 | void led_init(LED_t *led, uint32_t * port, uint32_t pin);
      |                           ~~~~~~~~~~~^~~~
../Core/Src/main.c:128:15: warning: passing argument 2 of 'led_init' discards 'volatile' qualifier from pointer target type [-Wdiscarded-qualifiers]
  128 | #define PORTD ((volatile uint32_t*)0x40020C14)
      |               ^~~~~~~~~~~~~~~~~~~~~~~~~~~~~~~~
../Core/Src/main.c:145:22: note: in expansion of macro 'PORTD'
  145 |  led_init(&led_blue, PORTD, 2);
      |                      ^~~~~
In file included from ../Core/Src/main.c:4:
../Core/Inc/led_driver.h:12:38: note: expected 'uint32_t *' {aka 'long unsigned int *'} but argument is of type 'volatile uint32_t *' {aka 'volatile long unsigned int *'}
   12 | void led_init(LED_t *led, uint32_t * port, uint32_t pin);
      |                           ~~~~~~~~~~~^~~~
../Core/Src/main.c:128:15: warning: passing argument 2 of 'led_init' discards 'volatile' qualifier from pointer target type [-Wdiscarded-qualifiers]
  128 | #define PORTD ((volatile uint32_t*)0x40020C14)
      |               ^~~~~~~~~~~~~~~~~~~~~~~~~~~~~~~~
../Core/Src/main.c:146:21: note: in expansion of macro 'PORTD'
  146 |  led_init(&led_red, PORTD, 3);
      |                     ^~~~~
In file included from ../Core/Src/main.c:4:
../Core/Inc/led_driver.h:12:38: note: expected 'uint32_t *' {aka 'long unsigned int *'} but argument is of type 'volatile uint32_t *' {aka 'volatile long unsigned int *'}
   12 | void led_init(LED_t *led, uint32_t * port, uint32_t pin);
      |                           ~~~~~~~~~~~^~~~
arm-none-eabi-gcc -o "ess_skeleton.elf" @"objects.list"   -mcpu=cortex-m4 -T"/Users/ess04/oxford_embedded_software_systems/ESS/ess_skeleton/STM32F407VGTX_FLASH.ld" --specs=nosys.specs -Wl,-Map="ess_skeleton.map" -Wl,--gc-sections -static --specs=nano.specs -mfpu=fpv4-sp-d16 -mfloat-abi=hard -mthumb -u _printf_float -Wl,--start-group -lc -lm -Wl,--end-group
/Applications/STM32CubeIDE.app/Contents/Eclipse/plugins/com.st.stm32cube.ide.mcu.externaltools.gnu-tools-for-stm32.10.3-2021.10.macos64_1.0.100.202210260954/tools/bin/../lib/gcc/arm-none-eabi/10.3.1/../../../../arm-none-eabi/bin/ld: ./Core/Src/pwm_driver.o: in function `pwm_driver_set':
/Users/ess04/oxford_embedded_software_systems/ESS/ess_skeleton/Debug/../Core/Src/pwm_driver.c:38: undefined reference to `assert'
/Applications/STM32CubeIDE.app/Contents/Eclipse/plugins/com.st.stm32cube.ide.mcu.externaltools.gnu-tools-for-stm32.10.3-2021.10.macos64_1.0.100.202210260954/tools/bin/../lib/gcc/arm-none-eabi/10.3.1/../../../../arm-none-eabi/bin/ld: /Users/ess04/oxford_embedded_software_systems/ESS/ess_skeleton/Debug/../Core/Src/pwm_driver.c:39: undefined reference to `assert'
collect2: error: ld returned 1 exit status
make: *** [makefile:64: ess_skeleton.elf] Error 1
"make -j7 all" terminated with exit code 2. Build might be incomplete.
15:18:53 **** Incremental Build of configuration Debug for project ess_skeleton ****
make -j7 all 
arm-none-eabi-gcc "../Core/Src/main.c" -mcpu=cortex-m4 -std=gnu11 -g3 -DDEBUG -DUSE_HAL_DRIVER -DSTM32F407xx -c -I../USB_HOST/App -I../USB_HOST/Target -I../Core/Inc -I../Drivers/STM32F4xx_HAL_Driver/Inc -I../Drivers/STM32F4xx_HAL_Driver/Inc/Legacy -I../Middlewares/ST/STM32_USB_Host_Library/Core/Inc -I../Middlewares/ST/STM32_USB_Host_Library/Class/CDC/Inc -I../Drivers/CMSIS/Device/ST/STM32F4xx/Include -I../Drivers/CMSIS/Include -O0 -ffunction-sections -fdata-sections -Wall -fstack-usage -MMD -MP -MF"Core/Src/main.d" -MT"Core/Src/main.o" --specs=nano.specs -mfpu=fpv4-sp-d16 -mfloat-abi=hard -mthumb -o "Core/Src/main.o"
arm-none-eabi-gcc -o "ess_skeleton.elf" @"objects.list"   -mcpu=cortex-m4 -T"/Users/ess04/oxford_embedded_software_systems/ESS/ess_skeleton/STM32F407VGTX_FLASH.ld" --specs=nosys.specs -Wl,-Map="ess_skeleton.map" -Wl,--gc-sections -static --specs=nano.specs -mfpu=fpv4-sp-d16 -mfloat-abi=hard -mthumb -u _printf_float -Wl,--start-group -lc -lm -Wl,--end-group
/Applications/STM32CubeIDE.app/Contents/Eclipse/plugins/com.st.stm32cube.ide.mcu.externaltools.gnu-tools-for-stm32.10.3-2021.10.macos64_1.0.100.202210260954/tools/bin/../lib/gcc/arm-none-eabi/10.3.1/../../../../arm-none-eabi/bin/ld: ./Core/Src/pwm_driver.o: in function `pwm_driver_set':
/Users/ess04/oxford_embedded_software_systems/ESS/ess_skeleton/Debug/../Core/Src/pwm_driver.c:38: undefined reference to `assert'
/Applications/STM32CubeIDE.app/Contents/Eclipse/plugins/com.st.stm32cube.ide.mcu.externaltools.gnu-tools-for-stm32.10.3-2021.10.macos64_1.0.100.202210260954/tools/bin/../lib/gcc/arm-none-eabi/10.3.1/../../../../arm-none-eabi/bin/ld: /Users/ess04/oxford_embedded_software_systems/ESS/ess_skeleton/Debug/../Core/Src/pwm_driver.c:39: undefined reference to `assert'
collect2: error: ld returned 1 exit status
make: *** [makefile:64: ess_skeleton.elf] Error 1
"make -j7 all" terminated with exit code 2. Build might be incomplete.
15:19:25 **** Incremental Build of configuration Debug for project ess_skeleton ****
make -j7 all 
arm-none-eabi-gcc "../Core/Src/main.c" -mcpu=cortex-m4 -std=gnu11 -g3 -DDEBUG -DUSE_HAL_DRIVER -DSTM32F407xx -c -I../USB_HOST/App -I../USB_HOST/Target -I../Core/Inc -I../Drivers/STM32F4xx_HAL_Driver/Inc -I../Drivers/STM32F4xx_HAL_Driver/Inc/Legacy -I../Middlewares/ST/STM32_USB_Host_Library/Core/Inc -I../Middlewares/ST/STM32_USB_Host_Library/Class/CDC/Inc -I../Drivers/CMSIS/Device/ST/STM32F4xx/Include -I../Drivers/CMSIS/Include -O0 -ffunction-sections -fdata-sections -Wall -fstack-usage -MMD -MP -MF"Core/Src/main.d" -MT"Core/Src/main.o" --specs=nano.specs -mfpu=fpv4-sp-d16 -mfloat-abi=hard -mthumb -o "Core/Src/main.o"
arm-none-eabi-gcc -o "ess_skeleton.elf" @"objects.list"   -mcpu=cortex-m4 -T"/Users/ess04/oxford_embedded_software_systems/ESS/ess_skeleton/STM32F407VGTX_FLASH.ld" --specs=nosys.specs -Wl,-Map="ess_skeleton.map" -Wl,--gc-sections -static --specs=nano.specs -mfpu=fpv4-sp-d16 -mfloat-abi=hard -mthumb -u _printf_float -Wl,--start-group -lc -lm -Wl,--end-group
/Applications/STM32CubeIDE.app/Contents/Eclipse/plugins/com.st.stm32cube.ide.mcu.externaltools.gnu-tools-for-stm32.10.3-2021.10.macos64_1.0.100.202210260954/tools/bin/../lib/gcc/arm-none-eabi/10.3.1/../../../../arm-none-eabi/bin/ld: ./Core/Src/pwm_driver.o: in function `pwm_driver_set':
/Users/ess04/oxford_embedded_software_systems/ESS/ess_skeleton/Debug/../Core/Src/pwm_driver.c:38: undefined reference to `assert'
/Applications/STM32CubeIDE.app/Contents/Eclipse/plugins/com.st.stm32cube.ide.mcu.externaltools.gnu-tools-for-stm32.10.3-2021.10.macos64_1.0.100.202210260954/tools/bin/../lib/gcc/arm-none-eabi/10.3.1/../../../../arm-none-eabi/bin/ld: /Users/ess04/oxford_embedded_software_systems/ESS/ess_skeleton/Debug/../Core/Src/pwm_driver.c:39: undefined reference to `assert'
collect2: error: ld returned 1 exit status
make: *** [makefile:64: ess_skeleton.elf] Error 1
"make -j7 all" terminated with exit code 2. Build might be incomplete.
15:20:43 **** Incremental Build of configuration Debug for project ess_skeleton ****
make -j7 all 
arm-none-eabi-gcc "../Core/Src/main.c" -mcpu=cortex-m4 -std=gnu11 -g3 -DDEBUG -DUSE_HAL_DRIVER -DSTM32F407xx -c -I../USB_HOST/App -I../USB_HOST/Target -I../Core/Inc -I../Drivers/STM32F4xx_HAL_Driver/Inc -I../Drivers/STM32F4xx_HAL_Driver/Inc/Legacy -I../Middlewares/ST/STM32_USB_Host_Library/Core/Inc -I../Middlewares/ST/STM32_USB_Host_Library/Class/CDC/Inc -I../Drivers/CMSIS/Device/ST/STM32F4xx/Include -I../Drivers/CMSIS/Include -O0 -ffunction-sections -fdata-sections -Wall -fstack-usage -MMD -MP -MF"Core/Src/main.d" -MT"Core/Src/main.o" --specs=nano.specs -mfpu=fpv4-sp-d16 -mfloat-abi=hard -mthumb -o "Core/Src/main.o"
arm-none-eabi-gcc -o "ess_skeleton.elf" @"objects.list"   -mcpu=cortex-m4 -T"/Users/ess04/oxford_embedded_software_systems/ESS/ess_skeleton/STM32F407VGTX_FLASH.ld" --specs=nosys.specs -Wl,-Map="ess_skeleton.map" -Wl,--gc-sections -static --specs=nano.specs -mfpu=fpv4-sp-d16 -mfloat-abi=hard -mthumb -u _printf_float -Wl,--start-group -lc -lm -Wl,--end-group
/Applications/STM32CubeIDE.app/Contents/Eclipse/plugins/com.st.stm32cube.ide.mcu.externaltools.gnu-tools-for-stm32.10.3-2021.10.macos64_1.0.100.202210260954/tools/bin/../lib/gcc/arm-none-eabi/10.3.1/../../../../arm-none-eabi/bin/ld: ./Core/Src/pwm_driver.o: in function `pwm_driver_set':
/Users/ess04/oxford_embedded_software_systems/ESS/ess_skeleton/Debug/../Core/Src/pwm_driver.c:38: undefined reference to `assert'
/Applications/STM32CubeIDE.app/Contents/Eclipse/plugins/com.st.stm32cube.ide.mcu.externaltools.gnu-tools-for-stm32.10.3-2021.10.macos64_1.0.100.202210260954/tools/bin/../lib/gcc/arm-none-eabi/10.3.1/../../../../arm-none-eabi/bin/ld: /Users/ess04/oxford_embedded_software_systems/ESS/ess_skeleton/Debug/../Core/Src/pwm_driver.c:39: undefined reference to `assert'
collect2: error: ld returned 1 exit status
make: *** [makefile:64: ess_skeleton.elf] Error 1
"make -j7 all" terminated with exit code 2. Build might be incomplete.
15:21:09 **** Incremental Build of configuration Debug for project ess_skeleton ****
make -j7 all 
arm-none-eabi-gcc "../Core/Src/main.c" -mcpu=cortex-m4 -std=gnu11 -g3 -DDEBUG -DUSE_HAL_DRIVER -DSTM32F407xx -c -I../USB_HOST/App -I../USB_HOST/Target -I../Core/Inc -I../Drivers/STM32F4xx_HAL_Driver/Inc -I../Drivers/STM32F4xx_HAL_Driver/Inc/Legacy -I../Middlewares/ST/STM32_USB_Host_Library/Core/Inc -I../Middlewares/ST/STM32_USB_Host_Library/Class/CDC/Inc -I../Drivers/CMSIS/Device/ST/STM32F4xx/Include -I../Drivers/CMSIS/Include -O0 -ffunction-sections -fdata-sections -Wall -fstack-usage -MMD -MP -MF"Core/Src/main.d" -MT"Core/Src/main.o" --specs=nano.specs -mfpu=fpv4-sp-d16 -mfloat-abi=hard -mthumb -o "Core/Src/main.o"
arm-none-eabi-gcc "../Core/Src/pwm_driver.c" -mcpu=cortex-m4 -std=gnu11 -g3 -DDEBUG -DUSE_HAL_DRIVER -DSTM32F407xx -c -I../USB_HOST/App -I../USB_HOST/Target -I../Core/Inc -I../Drivers/STM32F4xx_HAL_Driver/Inc -I../Drivers/STM32F4xx_HAL_Driver/Inc/Legacy -I../Middlewares/ST/STM32_USB_Host_Library/Core/Inc -I../Middlewares/ST/STM32_USB_Host_Library/Class/CDC/Inc -I../Drivers/CMSIS/Device/ST/STM32F4xx/Include -I../Drivers/CMSIS/Include -O0 -ffunction-sections -fdata-sections -Wall -fstack-usage -MMD -MP -MF"Core/Src/pwm_driver.d" -MT"Core/Src/pwm_driver.o" --specs=nano.specs -mfpu=fpv4-sp-d16 -mfloat-abi=hard -mthumb -o "Core/Src/pwm_driver.o"
../Core/Src/pwm_driver.c: In function 'pwm_driver_update':
../Core/Src/pwm_driver.c:61:15: warning: comparison between pointer and integer
   61 |  if(state.ch0 > state.counter){
      |               ^
../Core/Src/pwm_driver.c:62:10: warning: passing argument 1 of 'led_on' from incompatible pointer type [-Wincompatible-pointer-types]
   62 |   led_on(&state.ch0);
      |          ^~~~~~~~~~
      |          |
      |          LED_t ** {aka struct LEDstruct **}
In file included from ../Core/Inc/pwm_driver.h:9,
                 from ../Core/Src/pwm_driver.c:1:
../Core/Inc/led_driver.h:13:21: note: expected 'LED_t *' {aka 'struct LEDstruct *'} but argument is of type 'LED_t **' {aka 'struct LEDstruct **'}
   13 | void led_on(LED_t * led);
      |             ~~~~~~~~^~~
../Core/Src/pwm_driver.c:64:11: warning: passing argument 1 of 'led_off' from incompatible pointer type [-Wincompatible-pointer-types]
   64 |   led_off(&state.ch0);
      |           ^~~~~~~~~~
      |           |
      |           LED_t ** {aka struct LEDstruct **}
In file included from ../Core/Inc/pwm_driver.h:9,
                 from ../Core/Src/pwm_driver.c:1:
../Core/Inc/led_driver.h:14:22: note: expected 'LED_t *' {aka 'struct LEDstruct *'} but argument is of type 'LED_t **' {aka 'struct LEDstruct **'}
   14 | void led_off(LED_t * led);
      |              ~~~~~~~~^~~
../Core/Src/pwm_driver.c:67:15: warning: comparison between pointer and integer
   67 |  if(state.ch1 > state.counter){
      |               ^
../Core/Src/pwm_driver.c:68:10: warning: passing argument 1 of 'led_on' from incompatible pointer type [-Wincompatible-pointer-types]
   68 |   led_on(&state.ch1);
      |          ^~~~~~~~~~
      |          |
      |          LED_t ** {aka struct LEDstruct **}
In file included from ../Core/Inc/pwm_driver.h:9,
                 from ../Core/Src/pwm_driver.c:1:
../Core/Inc/led_driver.h:13:21: note: expected 'LED_t *' {aka 'struct LEDstruct *'} but argument is of type 'LED_t **' {aka 'struct LEDstruct **'}
   13 | void led_on(LED_t * led);
      |             ~~~~~~~~^~~
../Core/Src/pwm_driver.c:70:11: warning: passing argument 1 of 'led_off' from incompatible pointer type [-Wincompatible-pointer-types]
   70 |   led_off(&state.ch1);
      |           ^~~~~~~~~~
      |           |
      |           LED_t ** {aka struct LEDstruct **}
In file included from ../Core/Inc/pwm_driver.h:9,
                 from ../Core/Src/pwm_driver.c:1:
../Core/Inc/led_driver.h:14:22: note: expected 'LED_t *' {aka 'struct LEDstruct *'} but argument is of type 'LED_t **' {aka 'struct LEDstruct **'}
   14 | void led_off(LED_t * led);
      |              ~~~~~~~~^~~
../Core/Src/pwm_driver.c:73:15: warning: comparison between pointer and integer
   73 |  if(state.ch2 > state.counter){
      |               ^
../Core/Src/pwm_driver.c:74:10: warning: passing argument 1 of 'led_on' from incompatible pointer type [-Wincompatible-pointer-types]
   74 |   led_on(&state.ch2);
      |          ^~~~~~~~~~
      |          |
      |          LED_t ** {aka struct LEDstruct **}
In file included from ../Core/Inc/pwm_driver.h:9,
                 from ../Core/Src/pwm_driver.c:1:
../Core/Inc/led_driver.h:13:21: note: expected 'LED_t *' {aka 'struct LEDstruct *'} but argument is of type 'LED_t **' {aka 'struct LEDstruct **'}
   13 | void led_on(LED_t * led);
      |             ~~~~~~~~^~~
../Core/Src/pwm_driver.c:76:11: warning: passing argument 1 of 'led_off' from incompatible pointer type [-Wincompatible-pointer-types]
   76 |   led_off(&state.ch2);
      |           ^~~~~~~~~~
      |           |
      |           LED_t ** {aka struct LEDstruct **}
In file included from ../Core/Inc/pwm_driver.h:9,
                 from ../Core/Src/pwm_driver.c:1:
../Core/Inc/led_driver.h:14:22: note: expected 'LED_t *' {aka 'struct LEDstruct *'} but argument is of type 'LED_t **' {aka 'struct LEDstruct **'}
   14 | void led_off(LED_t * led);
      |              ~~~~~~~~^~~
../Core/Src/pwm_driver.c:79:15: warning: comparison between pointer and integer
   79 |  if(state.ch3 > state.counter){
      |               ^
../Core/Src/pwm_driver.c:80:10: warning: passing argument 1 of 'led_on' from incompatible pointer type [-Wincompatible-pointer-types]
   80 |   led_on(&state.ch3);
      |          ^~~~~~~~~~
      |          |
      |          LED_t ** {aka struct LEDstruct **}
In file included from ../Core/Inc/pwm_driver.h:9,
                 from ../Core/Src/pwm_driver.c:1:
../Core/Inc/led_driver.h:13:21: note: expected 'LED_t *' {aka 'struct LEDstruct *'} but argument is of type 'LED_t **' {aka 'struct LEDstruct **'}
   13 | void led_on(LED_t * led);
      |             ~~~~~~~~^~~
../Core/Src/pwm_driver.c:82:11: warning: passing argument 1 of 'led_off' from incompatible pointer type [-Wincompatible-pointer-types]
   82 |   led_off(&state.ch3);
      |           ^~~~~~~~~~
      |           |
      |           LED_t ** {aka struct LEDstruct **}
In file included from ../Core/Inc/pwm_driver.h:9,
                 from ../Core/Src/pwm_driver.c:1:
../Core/Inc/led_driver.h:14:22: note: expected 'LED_t *' {aka 'struct LEDstruct *'} but argument is of type 'LED_t **' {aka 'struct LEDstruct **'}
   14 | void led_off(LED_t * led);
      |              ~~~~~~~~^~~
arm-none-eabi-gcc -o "ess_skeleton.elf" @"objects.list"   -mcpu=cortex-m4 -T"/Users/ess04/oxford_embedded_software_systems/ESS/ess_skeleton/STM32F407VGTX_FLASH.ld" --specs=nosys.specs -Wl,-Map="ess_skeleton.map" -Wl,--gc-sections -static --specs=nano.specs -mfpu=fpv4-sp-d16 -mfloat-abi=hard -mthumb -u _printf_float -Wl,--start-group -lc -lm -Wl,--end-group
Finished building target: ess_skeleton.elf
 
arm-none-eabi-size   ess_skeleton.elf 
arm-none-eabi-objdump -h -S  ess_skeleton.elf  > "ess_skeleton.list"
   text	   data	    bss	    dec	    hex	filename
  21236	    484	   1628	  23348	   5b34	ess_skeleton.elf
Finished building: default.size.stdout
 
Finished building: ess_skeleton.list
 
15:22:38 **** Incremental Build of configuration Debug for project ess_skeleton ****
make -j7 all 
arm-none-eabi-gcc "../Core/Src/main.c" -mcpu=cortex-m4 -std=gnu11 -g3 -DDEBUG -DUSE_HAL_DRIVER -DSTM32F407xx -c -I../USB_HOST/App -I../USB_HOST/Target -I../Core/Inc -I../Drivers/STM32F4xx_HAL_Driver/Inc -I../Drivers/STM32F4xx_HAL_Driver/Inc/Legacy -I../Middlewares/ST/STM32_USB_Host_Library/Core/Inc -I../Middlewares/ST/STM32_USB_Host_Library/Class/CDC/Inc -I../Drivers/CMSIS/Device/ST/STM32F4xx/Include -I../Drivers/CMSIS/Include -O0 -ffunction-sections -fdata-sections -Wall -fstack-usage -MMD -MP -MF"Core/Src/main.d" -MT"Core/Src/main.o" --specs=nano.specs -mfpu=fpv4-sp-d16 -mfloat-abi=hard -mthumb -o "Core/Src/main.o"
arm-none-eabi-gcc -o "ess_skeleton.elf" @"objects.list"   -mcpu=cortex-m4 -T"/Users/ess04/oxford_embedded_software_systems/ESS/ess_skeleton/STM32F407VGTX_FLASH.ld" --specs=nosys.specs -Wl,-Map="ess_skeleton.map" -Wl,--gc-sections -static --specs=nano.specs -mfpu=fpv4-sp-d16 -mfloat-abi=hard -mthumb -u _printf_float -Wl,--start-group -lc -lm -Wl,--end-group
Finished building target: ess_skeleton.elf
 
arm-none-eabi-size   ess_skeleton.elf 
arm-none-eabi-objdump -h -S  ess_skeleton.elf  > "ess_skeleton.list"
   text	   data	    bss	    dec	    hex	filename
  21236	    484	   1628	  23348	   5b34	ess_skeleton.elf
Finished building: default.size.stdout
 
Finished building: ess_skeleton.list
 
15:23:18 **** Incremental Build of configuration Debug for project ess_skeleton ****
make -j7 all 
arm-none-eabi-gcc "../Core/Src/pwm_driver.c" -mcpu=cortex-m4 -std=gnu11 -g3 -DDEBUG -DUSE_HAL_DRIVER -DSTM32F407xx -c -I../USB_HOST/App -I../USB_HOST/Target -I../Core/Inc -I../Drivers/STM32F4xx_HAL_Driver/Inc -I../Drivers/STM32F4xx_HAL_Driver/Inc/Legacy -I../Middlewares/ST/STM32_USB_Host_Library/Core/Inc -I../Middlewares/ST/STM32_USB_Host_Library/Class/CDC/Inc -I../Drivers/CMSIS/Device/ST/STM32F4xx/Include -I../Drivers/CMSIS/Include -O0 -ffunction-sections -fdata-sections -Wall -fstack-usage -MMD -MP -MF"Core/Src/pwm_driver.d" -MT"Core/Src/pwm_driver.o" --specs=nano.specs -mfpu=fpv4-sp-d16 -mfloat-abi=hard -mthumb -o "Core/Src/pwm_driver.o"
../Core/Src/pwm_driver.c: In function 'pwm_driver_update':
../Core/Src/pwm_driver.c:61:15: warning: comparison between pointer and integer
   61 |  if(state.ch0 > state.counter){
      |               ^
../Core/Src/pwm_driver.c:67:15: warning: comparison between pointer and integer
   67 |  if(state.ch1 > state.counter){
      |               ^
../Core/Src/pwm_driver.c:73:15: warning: comparison between pointer and integer
   73 |  if(state.ch2 > state.counter){
      |               ^
../Core/Src/pwm_driver.c:79:15: warning: comparison between pointer and integer
   79 |  if(state.ch3 > state.counter){
      |               ^
arm-none-eabi-gcc -o "ess_skeleton.elf" @"objects.list"   -mcpu=cortex-m4 -T"/Users/ess04/oxford_embedded_software_systems/ESS/ess_skeleton/STM32F407VGTX_FLASH.ld" --specs=nosys.specs -Wl,-Map="ess_skeleton.map" -Wl,--gc-sections -static --specs=nano.specs -mfpu=fpv4-sp-d16 -mfloat-abi=hard -mthumb -u _printf_float -Wl,--start-group -lc -lm -Wl,--end-group
Finished building target: ess_skeleton.elf
 
arm-none-eabi-size   ess_skeleton.elf 
arm-none-eabi-objdump -h -S  ess_skeleton.elf  > "ess_skeleton.list"
   text	   data	    bss	    dec	    hex	filename
  21252	    484	   1628	  23364	   5b44	ess_skeleton.elf
Finished building: default.size.stdout
 
Finished building: ess_skeleton.list
 
15:24:43 **** Incremental Build of configuration Debug for project ess_skeleton ****
make -j7 all 
arm-none-eabi-gcc "../Core/Src/pwm_driver.c" -mcpu=cortex-m4 -std=gnu11 -g3 -DDEBUG -DUSE_HAL_DRIVER -DSTM32F407xx -c -I../USB_HOST/App -I../USB_HOST/Target -I../Core/Inc -I../Drivers/STM32F4xx_HAL_Driver/Inc -I../Drivers/STM32F4xx_HAL_Driver/Inc/Legacy -I../Middlewares/ST/STM32_USB_Host_Library/Core/Inc -I../Middlewares/ST/STM32_USB_Host_Library/Class/CDC/Inc -I../Drivers/CMSIS/Device/ST/STM32F4xx/Include -I../Drivers/CMSIS/Include -O0 -ffunction-sections -fdata-sections -Wall -fstack-usage -MMD -MP -MF"Core/Src/pwm_driver.d" -MT"Core/Src/pwm_driver.o" --specs=nano.specs -mfpu=fpv4-sp-d16 -mfloat-abi=hard -mthumb -o "Core/Src/pwm_driver.o"
arm-none-eabi-gcc -o "ess_skeleton.elf" @"objects.list"   -mcpu=cortex-m4 -T"/Users/ess04/oxford_embedded_software_systems/ESS/ess_skeleton/STM32F407VGTX_FLASH.ld" --specs=nosys.specs -Wl,-Map="ess_skeleton.map" -Wl,--gc-sections -static --specs=nano.specs -mfpu=fpv4-sp-d16 -mfloat-abi=hard -mthumb -u _printf_float -Wl,--start-group -lc -lm -Wl,--end-group
Finished building target: ess_skeleton.elf
 
arm-none-eabi-size   ess_skeleton.elf 
arm-none-eabi-objdump -h -S  ess_skeleton.elf  > "ess_skeleton.list"
   text	   data	    bss	    dec	    hex	filename
  21252	    484	   1628	  23364	   5b44	ess_skeleton.elf
Finished building: default.size.stdout
 
Finished building: ess_skeleton.list
 
15:26:16 **** Incremental Build of configuration Debug for project ess_skeleton ****
make -j7 all 
arm-none-eabi-gcc "../Core/Src/pwm_driver.c" -mcpu=cortex-m4 -std=gnu11 -g3 -DDEBUG -DUSE_HAL_DRIVER -DSTM32F407xx -c -I../USB_HOST/App -I../USB_HOST/Target -I../Core/Inc -I../Drivers/STM32F4xx_HAL_Driver/Inc -I../Drivers/STM32F4xx_HAL_Driver/Inc/Legacy -I../Middlewares/ST/STM32_USB_Host_Library/Core/Inc -I../Middlewares/ST/STM32_USB_Host_Library/Class/CDC/Inc -I../Drivers/CMSIS/Device/ST/STM32F4xx/Include -I../Drivers/CMSIS/Include -O0 -ffunction-sections -fdata-sections -Wall -fstack-usage -MMD -MP -MF"Core/Src/pwm_driver.d" -MT"Core/Src/pwm_driver.o" --specs=nano.specs -mfpu=fpv4-sp-d16 -mfloat-abi=hard -mthumb -o "Core/Src/pwm_driver.o"
arm-none-eabi-gcc -o "ess_skeleton.elf" @"objects.list"   -mcpu=cortex-m4 -T"/Users/ess04/oxford_embedded_software_systems/ESS/ess_skeleton/STM32F407VGTX_FLASH.ld" --specs=nosys.specs -Wl,-Map="ess_skeleton.map" -Wl,--gc-sections -static --specs=nano.specs -mfpu=fpv4-sp-d16 -mfloat-abi=hard -mthumb -u _printf_float -Wl,--start-group -lc -lm -Wl,--end-group
Finished building target: ess_skeleton.elf
 
arm-none-eabi-size   ess_skeleton.elf 
arm-none-eabi-objdump -h -S  ess_skeleton.elf  > "ess_skeleton.list"
   text	   data	    bss	    dec	    hex	filename
  21276	    484	   1628	  23388	   5b5c	ess_skeleton.elf
Finished building: default.size.stdout
 
Finished building: ess_skeleton.list
 
15:27:08 **** Incremental Build of configuration Debug for project ess_skeleton ****
make -j7 all 
arm-none-eabi-gcc "../Core/Src/main.c" -mcpu=cortex-m4 -std=gnu11 -g3 -DDEBUG -DUSE_HAL_DRIVER -DSTM32F407xx -c -I../USB_HOST/App -I../USB_HOST/Target -I../Core/Inc -I../Drivers/STM32F4xx_HAL_Driver/Inc -I../Drivers/STM32F4xx_HAL_Driver/Inc/Legacy -I../Middlewares/ST/STM32_USB_Host_Library/Core/Inc -I../Middlewares/ST/STM32_USB_Host_Library/Class/CDC/Inc -I../Drivers/CMSIS/Device/ST/STM32F4xx/Include -I../Drivers/CMSIS/Include -O0 -ffunction-sections -fdata-sections -Wall -fstack-usage -MMD -MP -MF"Core/Src/main.d" -MT"Core/Src/main.o" --specs=nano.specs -mfpu=fpv4-sp-d16 -mfloat-abi=hard -mthumb -o "Core/Src/main.o"
arm-none-eabi-gcc -o "ess_skeleton.elf" @"objects.list"   -mcpu=cortex-m4 -T"/Users/ess04/oxford_embedded_software_systems/ESS/ess_skeleton/STM32F407VGTX_FLASH.ld" --specs=nosys.specs -Wl,-Map="ess_skeleton.map" -Wl,--gc-sections -static --specs=nano.specs -mfpu=fpv4-sp-d16 -mfloat-abi=hard -mthumb -u _printf_float -Wl,--start-group -lc -lm -Wl,--end-group
Finished building target: ess_skeleton.elf
 
arm-none-eabi-size   ess_skeleton.elf 
arm-none-eabi-objdump -h -S  ess_skeleton.elf  > "ess_skeleton.list"
   text	   data	    bss	    dec	    hex	filename
  21276	    484	   1628	  23388	   5b5c	ess_skeleton.elf
Finished building: default.size.stdout
 
Finished building: ess_skeleton.list
 
15:48:06 **** Incremental Build of configuration Debug for project ess_skeleton ****
make -j7 all 
arm-none-eabi-gcc "../Core/Src/led_driver.c" -mcpu=cortex-m4 -std=gnu11 -g3 -DDEBUG -DUSE_HAL_DRIVER -DSTM32F407xx -c -I../USB_HOST/App -I../USB_HOST/Target -I../Core/Inc -I../Drivers/STM32F4xx_HAL_Driver/Inc -I../Drivers/STM32F4xx_HAL_Driver/Inc/Legacy -I../Middlewares/ST/STM32_USB_Host_Library/Core/Inc -I../Middlewares/ST/STM32_USB_Host_Library/Class/CDC/Inc -I../Drivers/CMSIS/Device/ST/STM32F4xx/Include -I../Drivers/CMSIS/Include -O0 -ffunction-sections -fdata-sections -Wall -fstack-usage -MMD -MP -MF"Core/Src/led_driver.d" -MT"Core/Src/led_driver.o" --specs=nano.specs -mfpu=fpv4-sp-d16 -mfloat-abi=hard -mthumb -o "Core/Src/led_driver.o"
arm-none-eabi-gcc "../Core/Src/main.c" -mcpu=cortex-m4 -std=gnu11 -g3 -DDEBUG -DUSE_HAL_DRIVER -DSTM32F407xx -c -I../USB_HOST/App -I../USB_HOST/Target -I../Core/Inc -I../Drivers/STM32F4xx_HAL_Driver/Inc -I../Drivers/STM32F4xx_HAL_Driver/Inc/Legacy -I../Middlewares/ST/STM32_USB_Host_Library/Core/Inc -I../Middlewares/ST/STM32_USB_Host_Library/Class/CDC/Inc -I../Drivers/CMSIS/Device/ST/STM32F4xx/Include -I../Drivers/CMSIS/Include -O0 -ffunction-sections -fdata-sections -Wall -fstack-usage -MMD -MP -MF"Core/Src/main.d" -MT"Core/Src/main.o" --specs=nano.specs -mfpu=fpv4-sp-d16 -mfloat-abi=hard -mthumb -o "Core/Src/main.o"
arm-none-eabi-gcc "../Core/Src/pwm_driver.c" -mcpu=cortex-m4 -std=gnu11 -g3 -DDEBUG -DUSE_HAL_DRIVER -DSTM32F407xx -c -I../USB_HOST/App -I../USB_HOST/Target -I../Core/Inc -I../Drivers/STM32F4xx_HAL_Driver/Inc -I../Drivers/STM32F4xx_HAL_Driver/Inc/Legacy -I../Middlewares/ST/STM32_USB_Host_Library/Core/Inc -I../Middlewares/ST/STM32_USB_Host_Library/Class/CDC/Inc -I../Drivers/CMSIS/Device/ST/STM32F4xx/Include -I../Drivers/CMSIS/Include -O0 -ffunction-sections -fdata-sections -Wall -fstack-usage -MMD -MP -MF"Core/Src/pwm_driver.d" -MT"Core/Src/pwm_driver.o" --specs=nano.specs -mfpu=fpv4-sp-d16 -mfloat-abi=hard -mthumb -o "Core/Src/pwm_driver.o"
../Core/Src/pwm_driver.c: In function 'pwm_driver_fade_update':
../Core/Src/pwm_driver.c:94:2: warning: implicit declaration of function 'delay_usec'; did you mean 'delay_msec'? [-Wimplicit-function-declaration]
   94 |  delay_usec(state.counter);
      |  ^~~~~~~~~~
      |  delay_msec
arm-none-eabi-gcc -o "ess_skeleton.elf" @"objects.list"   -mcpu=cortex-m4 -T"/Users/ess04/oxford_embedded_software_systems/ESS/ess_skeleton/STM32F407VGTX_FLASH.ld" --specs=nosys.specs -Wl,-Map="ess_skeleton.map" -Wl,--gc-sections -static --specs=nano.specs -mfpu=fpv4-sp-d16 -mfloat-abi=hard -mthumb -u _printf_float -Wl,--start-group -lc -lm -Wl,--end-group
Finished building target: ess_skeleton.elf
 
arm-none-eabi-size   ess_skeleton.elf 
arm-none-eabi-objdump -h -S  ess_skeleton.elf  > "ess_skeleton.list"
   text	   data	    bss	    dec	    hex	filename
  21276	    484	   1628	  23388	   5b5c	ess_skeleton.elf
Finished building: default.size.stdout
 
Finished building: ess_skeleton.list
 
15:48:58 **** Incremental Build of configuration Debug for project ess_skeleton ****
make -j7 all 
arm-none-eabi-gcc "../Core/Src/main.c" -mcpu=cortex-m4 -std=gnu11 -g3 -DDEBUG -DUSE_HAL_DRIVER -DSTM32F407xx -c -I../USB_HOST/App -I../USB_HOST/Target -I../Core/Inc -I../Drivers/STM32F4xx_HAL_Driver/Inc -I../Drivers/STM32F4xx_HAL_Driver/Inc/Legacy -I../Middlewares/ST/STM32_USB_Host_Library/Core/Inc -I../Middlewares/ST/STM32_USB_Host_Library/Class/CDC/Inc -I../Drivers/CMSIS/Device/ST/STM32F4xx/Include -I../Drivers/CMSIS/Include -O0 -ffunction-sections -fdata-sections -Wall -fstack-usage -MMD -MP -MF"Core/Src/main.d" -MT"Core/Src/main.o" --specs=nano.specs -mfpu=fpv4-sp-d16 -mfloat-abi=hard -mthumb -o "Core/Src/main.o"
arm-none-eabi-gcc "../Core/Src/pwm_driver.c" -mcpu=cortex-m4 -std=gnu11 -g3 -DDEBUG -DUSE_HAL_DRIVER -DSTM32F407xx -c -I../USB_HOST/App -I../USB_HOST/Target -I../Core/Inc -I../Drivers/STM32F4xx_HAL_Driver/Inc -I../Drivers/STM32F4xx_HAL_Driver/Inc/Legacy -I../Middlewares/ST/STM32_USB_Host_Library/Core/Inc -I../Middlewares/ST/STM32_USB_Host_Library/Class/CDC/Inc -I../Drivers/CMSIS/Device/ST/STM32F4xx/Include -I../Drivers/CMSIS/Include -O0 -ffunction-sections -fdata-sections -Wall -fstack-usage -MMD -MP -MF"Core/Src/pwm_driver.d" -MT"Core/Src/pwm_driver.o" --specs=nano.specs -mfpu=fpv4-sp-d16 -mfloat-abi=hard -mthumb -o "Core/Src/pwm_driver.o"
../Core/Src/pwm_driver.c: In function 'pwm_driver_fade_update':
../Core/Src/pwm_driver.c:94:2: warning: implicit declaration of function 'delay_usec'; did you mean 'delay_msec'? [-Wimplicit-function-declaration]
   94 |  delay_usec(state.counter);
      |  ^~~~~~~~~~
      |  delay_msec
arm-none-eabi-gcc -o "ess_skeleton.elf" @"objects.list"   -mcpu=cortex-m4 -T"/Users/ess04/oxford_embedded_software_systems/ESS/ess_skeleton/STM32F407VGTX_FLASH.ld" --specs=nosys.specs -Wl,-Map="ess_skeleton.map" -Wl,--gc-sections -static --specs=nano.specs -mfpu=fpv4-sp-d16 -mfloat-abi=hard -mthumb -u _printf_float -Wl,--start-group -lc -lm -Wl,--end-group
Finished building target: ess_skeleton.elf
 
arm-none-eabi-size   ess_skeleton.elf 
arm-none-eabi-objdump -h -S  ess_skeleton.elf  > "ess_skeleton.list"
   text	   data	    bss	    dec	    hex	filename
  21276	    484	   1628	  23388	   5b5c	ess_skeleton.elf
Finished building: default.size.stdout
 
Finished building: ess_skeleton.list
 
15:51:19 **** Incremental Build of configuration Debug for project ess_skeleton ****
make -j7 all 
arm-none-eabi-gcc "../Core/Src/pwm_driver.c" -mcpu=cortex-m4 -std=gnu11 -g3 -DDEBUG -DUSE_HAL_DRIVER -DSTM32F407xx -c -I../USB_HOST/App -I../USB_HOST/Target -I../Core/Inc -I../Drivers/STM32F4xx_HAL_Driver/Inc -I../Drivers/STM32F4xx_HAL_Driver/Inc/Legacy -I../Middlewares/ST/STM32_USB_Host_Library/Core/Inc -I../Middlewares/ST/STM32_USB_Host_Library/Class/CDC/Inc -I../Drivers/CMSIS/Device/ST/STM32F4xx/Include -I../Drivers/CMSIS/Include -O0 -ffunction-sections -fdata-sections -Wall -fstack-usage -MMD -MP -MF"Core/Src/pwm_driver.d" -MT"Core/Src/pwm_driver.o" --specs=nano.specs -mfpu=fpv4-sp-d16 -mfloat-abi=hard -mthumb -o "Core/Src/pwm_driver.o"
../Core/Src/pwm_driver.c: In function 'pwm_driver_fade_update':
../Core/Src/pwm_driver.c:92:6: error: unknown type name 'uint32'; did you mean 'uint32_t'?
   92 |  for(uint32 i := 0; i < 10; i++){
      |      ^~~~~~
      |      uint32_t
../Core/Src/pwm_driver.c:92:15: error: expected '=', ',', ';', 'asm' or '__attribute__' before ':' token
   92 |  for(uint32 i := 0; i < 10; i++){
      |               ^
../Core/Src/pwm_driver.c:92:21: error: 'i' undeclared (first use in this function)
   92 |  for(uint32 i := 0; i < 10; i++){
      |                     ^
../Core/Src/pwm_driver.c:92:21: note: each undeclared identifier is reported only once for each function it appears in
make: *** [Core/Src/subdir.mk:46: Core/Src/pwm_driver.o] Error 1
"make -j7 all" terminated with exit code 2. Build might be incomplete.
15:51:42 **** Incremental Build of configuration Debug for project ess_skeleton ****
make -j7 all 
arm-none-eabi-gcc "../Core/Src/pwm_driver.c" -mcpu=cortex-m4 -std=gnu11 -g3 -DDEBUG -DUSE_HAL_DRIVER -DSTM32F407xx -c -I../USB_HOST/App -I../USB_HOST/Target -I../Core/Inc -I../Drivers/STM32F4xx_HAL_Driver/Inc -I../Drivers/STM32F4xx_HAL_Driver/Inc/Legacy -I../Middlewares/ST/STM32_USB_Host_Library/Core/Inc -I../Middlewares/ST/STM32_USB_Host_Library/Class/CDC/Inc -I../Drivers/CMSIS/Device/ST/STM32F4xx/Include -I../Drivers/CMSIS/Include -O0 -ffunction-sections -fdata-sections -Wall -fstack-usage -MMD -MP -MF"Core/Src/pwm_driver.d" -MT"Core/Src/pwm_driver.o" --specs=nano.specs -mfpu=fpv4-sp-d16 -mfloat-abi=hard -mthumb -o "Core/Src/pwm_driver.o"
arm-none-eabi-gcc -o "ess_skeleton.elf" @"objects.list"   -mcpu=cortex-m4 -T"/Users/ess04/oxford_embedded_software_systems/ESS/ess_skeleton/STM32F407VGTX_FLASH.ld" --specs=nosys.specs -Wl,-Map="ess_skeleton.map" -Wl,--gc-sections -static --specs=nano.specs -mfpu=fpv4-sp-d16 -mfloat-abi=hard -mthumb -u _printf_float -Wl,--start-group -lc -lm -Wl,--end-group
Finished building target: ess_skeleton.elf
 
arm-none-eabi-size   ess_skeleton.elf 
arm-none-eabi-objdump -h -S  ess_skeleton.elf  > "ess_skeleton.list"
   text	   data	    bss	    dec	    hex	filename
  21276	    484	   1628	  23388	   5b5c	ess_skeleton.elf
Finished building: default.size.stdout
 
Finished building: ess_skeleton.list
 
16:11:42 **** Incremental Build of configuration Debug for project ess_skeleton ****
make -j7 all 
arm-none-eabi-gcc "../Core/Src/led_driver.c" -mcpu=cortex-m4 -std=gnu11 -g3 -DDEBUG -DUSE_HAL_DRIVER -DSTM32F407xx -c -I../USB_HOST/App -I../USB_HOST/Target -I../Core/Inc -I../Drivers/STM32F4xx_HAL_Driver/Inc -I../Drivers/STM32F4xx_HAL_Driver/Inc/Legacy -I../Middlewares/ST/STM32_USB_Host_Library/Core/Inc -I../Middlewares/ST/STM32_USB_Host_Library/Class/CDC/Inc -I../Drivers/CMSIS/Device/ST/STM32F4xx/Include -I../Drivers/CMSIS/Include -O0 -ffunction-sections -fdata-sections -Wall -fstack-usage -MMD -MP -MF"Core/Src/led_driver.d" -MT"Core/Src/led_driver.o" --specs=nano.specs -mfpu=fpv4-sp-d16 -mfloat-abi=hard -mthumb -o "Core/Src/led_driver.o"
arm-none-eabi-gcc "../Core/Src/main.c" -mcpu=cortex-m4 -std=gnu11 -g3 -DDEBUG -DUSE_HAL_DRIVER -DSTM32F407xx -c -I../USB_HOST/App -I../USB_HOST/Target -I../Core/Inc -I../Drivers/STM32F4xx_HAL_Driver/Inc -I../Drivers/STM32F4xx_HAL_Driver/Inc/Legacy -I../Middlewares/ST/STM32_USB_Host_Library/Core/Inc -I../Middlewares/ST/STM32_USB_Host_Library/Class/CDC/Inc -I../Drivers/CMSIS/Device/ST/STM32F4xx/Include -I../Drivers/CMSIS/Include -O0 -ffunction-sections -fdata-sections -Wall -fstack-usage -MMD -MP -MF"Core/Src/main.d" -MT"Core/Src/main.o" --specs=nano.specs -mfpu=fpv4-sp-d16 -mfloat-abi=hard -mthumb -o "Core/Src/main.o"
arm-none-eabi-gcc "../Core/Src/pwm_driver.c" -mcpu=cortex-m4 -std=gnu11 -g3 -DDEBUG -DUSE_HAL_DRIVER -DSTM32F407xx -c -I../USB_HOST/App -I../USB_HOST/Target -I../Core/Inc -I../Drivers/STM32F4xx_HAL_Driver/Inc -I../Drivers/STM32F4xx_HAL_Driver/Inc/Legacy -I../Middlewares/ST/STM32_USB_Host_Library/Core/Inc -I../Middlewares/ST/STM32_USB_Host_Library/Class/CDC/Inc -I../Drivers/CMSIS/Device/ST/STM32F4xx/Include -I../Drivers/CMSIS/Include -O0 -ffunction-sections -fdata-sections -Wall -fstack-usage -MMD -MP -MF"Core/Src/pwm_driver.d" -MT"Core/Src/pwm_driver.o" --specs=nano.specs -mfpu=fpv4-sp-d16 -mfloat-abi=hard -mthumb -o "Core/Src/pwm_driver.o"
arm-none-eabi-gcc -o "ess_skeleton.elf" @"objects.list"   -mcpu=cortex-m4 -T"/Users/ess04/oxford_embedded_software_systems/ESS/ess_skeleton/STM32F407VGTX_FLASH.ld" --specs=nosys.specs -Wl,-Map="ess_skeleton.map" -Wl,--gc-sections -static --specs=nano.specs -mfpu=fpv4-sp-d16 -mfloat-abi=hard -mthumb -u _printf_float -Wl,--start-group -lc -lm -Wl,--end-group
Finished building target: ess_skeleton.elf
 
arm-none-eabi-size   ess_skeleton.elf 
arm-none-eabi-objdump -h -S  ess_skeleton.elf  > "ess_skeleton.list"
   text	   data	    bss	    dec	    hex	filename
  21284	    484	   1628	  23396	   5b64	ess_skeleton.elf
Finished building: default.size.stdout
 
Finished building: ess_skeleton.list
 
16:13:15 **** Incremental Build of configuration Debug for project ess_skeleton ****
make -j7 all 
arm-none-eabi-gcc "../Core/Src/pwm_driver.c" -mcpu=cortex-m4 -std=gnu11 -g3 -DDEBUG -DUSE_HAL_DRIVER -DSTM32F407xx -c -I../USB_HOST/App -I../USB_HOST/Target -I../Core/Inc -I../Drivers/STM32F4xx_HAL_Driver/Inc -I../Drivers/STM32F4xx_HAL_Driver/Inc/Legacy -I../Middlewares/ST/STM32_USB_Host_Library/Core/Inc -I../Middlewares/ST/STM32_USB_Host_Library/Class/CDC/Inc -I../Drivers/CMSIS/Device/ST/STM32F4xx/Include -I../Drivers/CMSIS/Include -O0 -ffunction-sections -fdata-sections -Wall -fstack-usage -MMD -MP -MF"Core/Src/pwm_driver.d" -MT"Core/Src/pwm_driver.o" --specs=nano.specs -mfpu=fpv4-sp-d16 -mfloat-abi=hard -mthumb -o "Core/Src/pwm_driver.o"
arm-none-eabi-gcc -o "ess_skeleton.elf" @"objects.list"   -mcpu=cortex-m4 -T"/Users/ess04/oxford_embedded_software_systems/ESS/ess_skeleton/STM32F407VGTX_FLASH.ld" --specs=nosys.specs -Wl,-Map="ess_skeleton.map" -Wl,--gc-sections -static --specs=nano.specs -mfpu=fpv4-sp-d16 -mfloat-abi=hard -mthumb -u _printf_float -Wl,--start-group -lc -lm -Wl,--end-group
Finished building target: ess_skeleton.elf
 
arm-none-eabi-size   ess_skeleton.elf 
arm-none-eabi-objdump -h -S  ess_skeleton.elf  > "ess_skeleton.list"
   text	   data	    bss	    dec	    hex	filename
  21284	    484	   1628	  23396	   5b64	ess_skeleton.elf
Finished building: default.size.stdout
 
Finished building: ess_skeleton.list
 
16:14:54 **** Incremental Build of configuration Debug for project ess_skeleton ****
make -j7 all 
arm-none-eabi-gcc "../Core/Src/pwm_driver.c" -mcpu=cortex-m4 -std=gnu11 -g3 -DDEBUG -DUSE_HAL_DRIVER -DSTM32F407xx -c -I../USB_HOST/App -I../USB_HOST/Target -I../Core/Inc -I../Drivers/STM32F4xx_HAL_Driver/Inc -I../Drivers/STM32F4xx_HAL_Driver/Inc/Legacy -I../Middlewares/ST/STM32_USB_Host_Library/Core/Inc -I../Middlewares/ST/STM32_USB_Host_Library/Class/CDC/Inc -I../Drivers/CMSIS/Device/ST/STM32F4xx/Include -I../Drivers/CMSIS/Include -O0 -ffunction-sections -fdata-sections -Wall -fstack-usage -MMD -MP -MF"Core/Src/pwm_driver.d" -MT"Core/Src/pwm_driver.o" --specs=nano.specs -mfpu=fpv4-sp-d16 -mfloat-abi=hard -mthumb -o "Core/Src/pwm_driver.o"
arm-none-eabi-gcc -o "ess_skeleton.elf" @"objects.list"   -mcpu=cortex-m4 -T"/Users/ess04/oxford_embedded_software_systems/ESS/ess_skeleton/STM32F407VGTX_FLASH.ld" --specs=nosys.specs -Wl,-Map="ess_skeleton.map" -Wl,--gc-sections -static --specs=nano.specs -mfpu=fpv4-sp-d16 -mfloat-abi=hard -mthumb -u _printf_float -Wl,--start-group -lc -lm -Wl,--end-group
Finished building target: ess_skeleton.elf
 
arm-none-eabi-size   ess_skeleton.elf 
arm-none-eabi-objdump -h -S  ess_skeleton.elf  > "ess_skeleton.list"
   text	   data	    bss	    dec	    hex	filename
  21284	    484	   1628	  23396	   5b64	ess_skeleton.elf
Finished building: default.size.stdout
 
Finished building: ess_skeleton.list
 
16:19:02 **** Incremental Build of configuration Debug for project ess_skeleton ****
make -j7 all 
arm-none-eabi-gcc "../Core/Src/pwm_driver.c" -mcpu=cortex-m4 -std=gnu11 -g3 -DDEBUG -DUSE_HAL_DRIVER -DSTM32F407xx -c -I../USB_HOST/App -I../USB_HOST/Target -I../Core/Inc -I../Drivers/STM32F4xx_HAL_Driver/Inc -I../Drivers/STM32F4xx_HAL_Driver/Inc/Legacy -I../Middlewares/ST/STM32_USB_Host_Library/Core/Inc -I../Middlewares/ST/STM32_USB_Host_Library/Class/CDC/Inc -I../Drivers/CMSIS/Device/ST/STM32F4xx/Include -I../Drivers/CMSIS/Include -O0 -ffunction-sections -fdata-sections -Wall -fstack-usage -MMD -MP -MF"Core/Src/pwm_driver.d" -MT"Core/Src/pwm_driver.o" --specs=nano.specs -mfpu=fpv4-sp-d16 -mfloat-abi=hard -mthumb -o "Core/Src/pwm_driver.o"
arm-none-eabi-gcc -o "ess_skeleton.elf" @"objects.list"   -mcpu=cortex-m4 -T"/Users/ess04/oxford_embedded_software_systems/ESS/ess_skeleton/STM32F407VGTX_FLASH.ld" --specs=nosys.specs -Wl,-Map="ess_skeleton.map" -Wl,--gc-sections -static --specs=nano.specs -mfpu=fpv4-sp-d16 -mfloat-abi=hard -mthumb -u _printf_float -Wl,--start-group -lc -lm -Wl,--end-group
Finished building target: ess_skeleton.elf
 
arm-none-eabi-size   ess_skeleton.elf 
arm-none-eabi-objdump -h -S  ess_skeleton.elf  > "ess_skeleton.list"
   text	   data	    bss	    dec	    hex	filename
  21284	    484	   1628	  23396	   5b64	ess_skeleton.elf
Finished building: default.size.stdout
 
Finished building: ess_skeleton.list
 
16:20:50 **** Incremental Build of configuration Debug for project ess_skeleton ****
make -j7 all 
arm-none-eabi-gcc "../Core/Src/pwm_driver.c" -mcpu=cortex-m4 -std=gnu11 -g3 -DDEBUG -DUSE_HAL_DRIVER -DSTM32F407xx -c -I../USB_HOST/App -I../USB_HOST/Target -I../Core/Inc -I../Drivers/STM32F4xx_HAL_Driver/Inc -I../Drivers/STM32F4xx_HAL_Driver/Inc/Legacy -I../Middlewares/ST/STM32_USB_Host_Library/Core/Inc -I../Middlewares/ST/STM32_USB_Host_Library/Class/CDC/Inc -I../Drivers/CMSIS/Device/ST/STM32F4xx/Include -I../Drivers/CMSIS/Include -O0 -ffunction-sections -fdata-sections -Wall -fstack-usage -MMD -MP -MF"Core/Src/pwm_driver.d" -MT"Core/Src/pwm_driver.o" --specs=nano.specs -mfpu=fpv4-sp-d16 -mfloat-abi=hard -mthumb -o "Core/Src/pwm_driver.o"
../Core/Src/pwm_driver.c: In function 'pwm_driver_fade_update':
../Core/Src/pwm_driver.c:103:4: warning: implicit declaration of function 'delay_usec'; did you mean 'delay_msec'? [-Wimplicit-function-declaration]
  103 |    delay_usec(on_time * 10);
      |    ^~~~~~~~~~
      |    delay_msec
arm-none-eabi-gcc -o "ess_skeleton.elf" @"objects.list"   -mcpu=cortex-m4 -T"/Users/ess04/oxford_embedded_software_systems/ESS/ess_skeleton/STM32F407VGTX_FLASH.ld" --specs=nosys.specs -Wl,-Map="ess_skeleton.map" -Wl,--gc-sections -static --specs=nano.specs -mfpu=fpv4-sp-d16 -mfloat-abi=hard -mthumb -u _printf_float -Wl,--start-group -lc -lm -Wl,--end-group
Finished building target: ess_skeleton.elf
 
arm-none-eabi-size   ess_skeleton.elf 
arm-none-eabi-objdump -h -S  ess_skeleton.elf  > "ess_skeleton.list"
   text	   data	    bss	    dec	    hex	filename
  21356	    484	   1628	  23468	   5bac	ess_skeleton.elf
Finished building: default.size.stdout
 
Finished building: ess_skeleton.list
 
16:21:24 **** Incremental Build of configuration Debug for project ess_skeleton ****
make -j7 all 
arm-none-eabi-gcc "../Core/Src/pwm_driver.c" -mcpu=cortex-m4 -std=gnu11 -g3 -DDEBUG -DUSE_HAL_DRIVER -DSTM32F407xx -c -I../USB_HOST/App -I../USB_HOST/Target -I../Core/Inc -I../Drivers/STM32F4xx_HAL_Driver/Inc -I../Drivers/STM32F4xx_HAL_Driver/Inc/Legacy -I../Middlewares/ST/STM32_USB_Host_Library/Core/Inc -I../Middlewares/ST/STM32_USB_Host_Library/Class/CDC/Inc -I../Drivers/CMSIS/Device/ST/STM32F4xx/Include -I../Drivers/CMSIS/Include -O0 -ffunction-sections -fdata-sections -Wall -fstack-usage -MMD -MP -MF"Core/Src/pwm_driver.d" -MT"Core/Src/pwm_driver.o" --specs=nano.specs -mfpu=fpv4-sp-d16 -mfloat-abi=hard -mthumb -o "Core/Src/pwm_driver.o"
../Core/Src/pwm_driver.c: In function 'pwm_driver_fade_update':
../Core/Src/pwm_driver.c:104:4: warning: implicit declaration of function 'delay_usec'; did you mean 'delay_msec'? [-Wimplicit-function-declaration]
  104 |    delay_usec(on_time * 10);
      |    ^~~~~~~~~~
      |    delay_msec
arm-none-eabi-gcc -o "ess_skeleton.elf" @"objects.list"   -mcpu=cortex-m4 -T"/Users/ess04/oxford_embedded_software_systems/ESS/ess_skeleton/STM32F407VGTX_FLASH.ld" --specs=nosys.specs -Wl,-Map="ess_skeleton.map" -Wl,--gc-sections -static --specs=nano.specs -mfpu=fpv4-sp-d16 -mfloat-abi=hard -mthumb -u _printf_float -Wl,--start-group -lc -lm -Wl,--end-group
Finished building target: ess_skeleton.elf
 
arm-none-eabi-size   ess_skeleton.elf 
arm-none-eabi-objdump -h -S  ess_skeleton.elf  > "ess_skeleton.list"
   text	   data	    bss	    dec	    hex	filename
  21356	    484	   1628	  23468	   5bac	ess_skeleton.elf
Finished building: default.size.stdout
 
Finished building: ess_skeleton.list
 
16:22:11 **** Incremental Build of configuration Debug for project ess_skeleton ****
make -j7 all 
arm-none-eabi-gcc "../Core/Src/pwm_driver.c" -mcpu=cortex-m4 -std=gnu11 -g3 -DDEBUG -DUSE_HAL_DRIVER -DSTM32F407xx -c -I../USB_HOST/App -I../USB_HOST/Target -I../Core/Inc -I../Drivers/STM32F4xx_HAL_Driver/Inc -I../Drivers/STM32F4xx_HAL_Driver/Inc/Legacy -I../Middlewares/ST/STM32_USB_Host_Library/Core/Inc -I../Middlewares/ST/STM32_USB_Host_Library/Class/CDC/Inc -I../Drivers/CMSIS/Device/ST/STM32F4xx/Include -I../Drivers/CMSIS/Include -O0 -ffunction-sections -fdata-sections -Wall -fstack-usage -MMD -MP -MF"Core/Src/pwm_driver.d" -MT"Core/Src/pwm_driver.o" --specs=nano.specs -mfpu=fpv4-sp-d16 -mfloat-abi=hard -mthumb -o "Core/Src/pwm_driver.o"
../Core/Src/pwm_driver.c: In function 'pwm_driver_fade_update':
../Core/Src/pwm_driver.c:104:4: warning: implicit declaration of function 'delay_usec'; did you mean 'delay_msec'? [-Wimplicit-function-declaration]
  104 |    delay_usec(on_time);
      |    ^~~~~~~~~~
      |    delay_msec
arm-none-eabi-gcc -o "ess_skeleton.elf" @"objects.list"   -mcpu=cortex-m4 -T"/Users/ess04/oxford_embedded_software_systems/ESS/ess_skeleton/STM32F407VGTX_FLASH.ld" --specs=nosys.specs -Wl,-Map="ess_skeleton.map" -Wl,--gc-sections -static --specs=nano.specs -mfpu=fpv4-sp-d16 -mfloat-abi=hard -mthumb -u _printf_float -Wl,--start-group -lc -lm -Wl,--end-group
Finished building target: ess_skeleton.elf
 
arm-none-eabi-size   ess_skeleton.elf 
arm-none-eabi-objdump -h -S  ess_skeleton.elf  > "ess_skeleton.list"
   text	   data	    bss	    dec	    hex	filename
  21332	    484	   1628	  23444	   5b94	ess_skeleton.elf
Finished building: default.size.stdout
 
Finished building: ess_skeleton.list
 
16:28:15 **** Incremental Build of configuration Debug for project ess_skeleton ****
make -j7 all 
arm-none-eabi-gcc "../Core/Src/led_driver.c" -mcpu=cortex-m4 -std=gnu11 -g3 -DDEBUG -DUSE_HAL_DRIVER -DSTM32F407xx -c -I../USB_HOST/App -I../USB_HOST/Target -I../Core/Inc -I../Drivers/STM32F4xx_HAL_Driver/Inc -I../Drivers/STM32F4xx_HAL_Driver/Inc/Legacy -I../Middlewares/ST/STM32_USB_Host_Library/Core/Inc -I../Middlewares/ST/STM32_USB_Host_Library/Class/CDC/Inc -I../Drivers/CMSIS/Device/ST/STM32F4xx/Include -I../Drivers/CMSIS/Include -O0 -ffunction-sections -fdata-sections -Wall -fstack-usage -MMD -MP -MF"Core/Src/led_driver.d" -MT"Core/Src/led_driver.o" --specs=nano.specs -mfpu=fpv4-sp-d16 -mfloat-abi=hard -mthumb -o "Core/Src/led_driver.o"
arm-none-eabi-gcc "../Core/Src/main.c" -mcpu=cortex-m4 -std=gnu11 -g3 -DDEBUG -DUSE_HAL_DRIVER -DSTM32F407xx -c -I../USB_HOST/App -I../USB_HOST/Target -I../Core/Inc -I../Drivers/STM32F4xx_HAL_Driver/Inc -I../Drivers/STM32F4xx_HAL_Driver/Inc/Legacy -I../Middlewares/ST/STM32_USB_Host_Library/Core/Inc -I../Middlewares/ST/STM32_USB_Host_Library/Class/CDC/Inc -I../Drivers/CMSIS/Device/ST/STM32F4xx/Include -I../Drivers/CMSIS/Include -O0 -ffunction-sections -fdata-sections -Wall -fstack-usage -MMD -MP -MF"Core/Src/main.d" -MT"Core/Src/main.o" --specs=nano.specs -mfpu=fpv4-sp-d16 -mfloat-abi=hard -mthumb -o "Core/Src/main.o"
arm-none-eabi-gcc "../Core/Src/pwm_driver.c" -mcpu=cortex-m4 -std=gnu11 -g3 -DDEBUG -DUSE_HAL_DRIVER -DSTM32F407xx -c -I../USB_HOST/App -I../USB_HOST/Target -I../Core/Inc -I../Drivers/STM32F4xx_HAL_Driver/Inc -I../Drivers/STM32F4xx_HAL_Driver/Inc/Legacy -I../Middlewares/ST/STM32_USB_Host_Library/Core/Inc -I../Middlewares/ST/STM32_USB_Host_Library/Class/CDC/Inc -I../Drivers/CMSIS/Device/ST/STM32F4xx/Include -I../Drivers/CMSIS/Include -O0 -ffunction-sections -fdata-sections -Wall -fstack-usage -MMD -MP -MF"Core/Src/pwm_driver.d" -MT"Core/Src/pwm_driver.o" --specs=nano.specs -mfpu=fpv4-sp-d16 -mfloat-abi=hard -mthumb -o "Core/Src/pwm_driver.o"
../Core/Src/led_driver.c: In function 'delay_usec':
../Core/Src/led_driver.c:29:1: error: expected declaration or statement at end of input
   29 | }
      | ^
../Core/Src/pwm_driver.c: In function 'delay_usec':
../Core/Src/pwm_driver.c:21:6: error: static declaration of 'pwm_driver_init' follows non-static declaration
   21 | void pwm_driver_init(LED_t *ch0, LED_t *ch1, LED_t *ch2, LED_t *ch3){
      |      ^~~~~~~~~~~~~~~
In file included from ../Core/Src/pwm_driver.c:1:
../Core/Inc/pwm_driver.h:17:6: note: previous declaration of 'pwm_driver_init' was here
   17 | void pwm_driver_init(LED_t *ch0, LED_t *ch1, LED_t *ch2, LED_t *ch3);
      |      ^~~~~~~~~~~~~~~
../Core/Src/pwm_driver.c:38:6: error: static declaration of 'pwm_driver_set' follows non-static declaration
   38 | void pwm_driver_set(uint8_t channel, uint8_t value){
      |      ^~~~~~~~~~~~~~
In file included from ../Core/Src/pwm_driver.c:1:
../Core/Inc/pwm_driver.h:22:6: note: previous declaration of 'pwm_driver_set' was here
   22 | void pwm_driver_set(uint8_t channel, uint8_t value);
      |      ^~~~~~~~~~~~~~
../Core/Src/pwm_driver.c:60:6: error: static declaration of 'pwm_driver_update' follows non-static declaration
   60 | void pwm_driver_update(void){
      |      ^~~~~~~~~~~~~~~~~
In file included from ../Core/Src/pwm_driver.c:1:
../Core/Inc/pwm_driver.h:29:6: note: previous declaration of 'pwm_driver_update' was here
   29 | void pwm_driver_update(void);
      |      ^~~~~~~~~~~~~~~~~
../Core/Src/pwm_driver.c:93:6: error: static declaration of 'pwm_driver_fade_update' follows non-static declaration
   93 | void pwm_driver_fade_update(void){
      |      ^~~~~~~~~~~~~~~~~~~~~~
In file included from ../Core/Src/pwm_driver.c:1:
../Core/Inc/pwm_driver.h:35:6: note: previous declaration of 'pwm_driver_fade_update' was here
   35 | void pwm_driver_fade_update(void);
      |      ^~~~~~~~~~~~~~~~~~~~~~
At top level:
../Core/Src/led_driver.c:24:6: warning: 'delay_usec' defined but not used [-Wunused-function]
   24 | void delay_usec(uint32_t delay){
      |      ^~~~~~~~~~
../Core/Src/pwm_driver.c:117:1: error: expected declaration or statement at end of input
  117 | }
      | ^
../Core/Src/led_driver.c:17:6: warning: 'delay_msec' defined but not used [-Wunused-function]
   17 | void delay_msec(uint32_t delay){
      |      ^~~~~~~~~~
../Core/Src/led_driver.c:13:6: warning: 'led_off' defined but not used [-Wunused-function]
   13 | void led_off(LED_t * led){
      |      ^~~~~~~
../Core/Src/led_driver.c:9:6: warning: 'led_on' defined but not used [-Wunused-function]
    9 | void led_on(LED_t * led){
      |      ^~~~~~
../Core/Src/led_driver.c:3:6: warning: 'led_init' defined but not used [-Wunused-function]
    3 | void led_init(LED_t *led, uint32_t * port, uint32_t pin){
      |      ^~~~~~~~
At top level:
../Core/Src/pwm_driver.c:93:6: warning: 'pwm_driver_fade_update' defined but not used [-Wunused-function]
   93 | void pwm_driver_fade_update(void){
      |      ^~~~~~~~~~~~~~~~~~~~~~
../Core/Src/pwm_driver.c:60:6: warning: 'pwm_driver_update' defined but not used [-Wunused-function]
   60 | void pwm_driver_update(void){
      |      ^~~~~~~~~~~~~~~~~
../Core/Src/pwm_driver.c:38:6: warning: 'pwm_driver_set' defined but not used [-Wunused-function]
   38 | void pwm_driver_set(uint8_t channel, uint8_t value){
      |      ^~~~~~~~~~~~~~
../Core/Src/pwm_driver.c:21:6: warning: 'pwm_driver_init' defined but not used [-Wunused-function]
   21 | void pwm_driver_init(LED_t *ch0, LED_t *ch1, LED_t *ch2, LED_t *ch3){
      |      ^~~~~~~~~~~~~~~
make: *** [Core/Src/subdir.mk:46: Core/Src/led_driver.o] Error 1
make: *** Waiting for unfinished jobs....
make: *** [Core/Src/subdir.mk:46: Core/Src/pwm_driver.o] Error 1
In file included from ../Core/Src/main.c:5:
/Applications/STM32CubeIDE.app/Contents/Eclipse/plugins/com.st.stm32cube.ide.mcu.externaltools.gnu-tools-for-stm32.10.3-2021.10.macos64_1.0.100.202210260954/tools/arm-none-eabi/include/stdio.h: In function 'delay_usec':
/Applications/STM32CubeIDE.app/Contents/Eclipse/plugins/com.st.stm32cube.ide.mcu.externaltools.gnu-tools-for-stm32.10.3-2021.10.macos64_1.0.100.202210260954/tools/arm-none-eabi/include/stdio.h:687:22: error: invalid storage class for function '__sputc_r'
  687 | _ELIDABLE_INLINE int __sputc_r(struct _reent *_ptr, int _c, FILE *_p) {
      |                      ^~~~~~~~~
/Applications/STM32CubeIDE.app/Contents/Eclipse/plugins/com.st.stm32cube.ide.mcu.externaltools.gnu-tools-for-stm32.10.3-2021.10.macos64_1.0.100.202210260954/tools/arm-none-eabi/include/stdio.h:742:1: error: invalid storage class for function '_getchar_unlocked'
  742 | _getchar_unlocked(void)
      | ^~~~~~~~~~~~~~~~~
/Applications/STM32CubeIDE.app/Contents/Eclipse/plugins/com.st.stm32cube.ide.mcu.externaltools.gnu-tools-for-stm32.10.3-2021.10.macos64_1.0.100.202210260954/tools/arm-none-eabi/include/stdio.h:751:1: error: invalid storage class for function '_putchar_unlocked'
  751 | _putchar_unlocked(int _c)
      | ^~~~~~~~~~~~~~~~~
../Core/Src/main.c:164:5: warning: 'main' is normally a non-static function [-Wmain]
  164 | int main(void)
      |     ^~~~
../Core/Src/main.c:167:1: error: expected declaration or statement at end of input
  167 | }
      | ^
At top level:
../Core/Src/main.c:164:5: warning: 'main' defined but not used [-Wunused-function]
  164 | int main(void)
      |     ^~~~
../Core/Src/main.c:109:6: warning: 'lab2' defined but not used [-Wunused-function]
  109 | void lab2(void){
      |      ^~~~
../Core/Src/main.c:71:6: warning: 'brightness_smooth' defined but not used [-Wunused-function]
   71 | void brightness_smooth(LED_t * led){
      |      ^~~~~~~~~~~~~~~~~
../Core/Src/main.c:60:6: warning: 'brightness' defined but not used [-Wunused-function]
   60 | void brightness(LED_t * led, uint32_t on_time, uint32_t off_time){
      |      ^~~~~~~~~~
../Core/Src/main.c:15:6: warning: 'lab1' defined but not used [-Wunused-function]
   15 | void lab1(void){
      |      ^~~~
../Core/Src/main.c:7:5: warning: '_write' defined but not used [-Wunused-function]
    7 | int _write(int file, char *ptr, int len){
      |     ^~~~~~
make: *** [Core/Src/subdir.mk:46: Core/Src/main.o] Error 1
"make -j7 all" terminated with exit code 2. Build might be incomplete.
16:29:03 **** Incremental Build of configuration Debug for project ess_skeleton ****
make -j7 all 
arm-none-eabi-gcc "../Core/Src/led_driver.c" -mcpu=cortex-m4 -std=gnu11 -g3 -DDEBUG -DUSE_HAL_DRIVER -DSTM32F407xx -c -I../USB_HOST/App -I../USB_HOST/Target -I../Core/Inc -I../Drivers/STM32F4xx_HAL_Driver/Inc -I../Drivers/STM32F4xx_HAL_Driver/Inc/Legacy -I../Middlewares/ST/STM32_USB_Host_Library/Core/Inc -I../Middlewares/ST/STM32_USB_Host_Library/Class/CDC/Inc -I../Drivers/CMSIS/Device/ST/STM32F4xx/Include -I../Drivers/CMSIS/Include -O0 -ffunction-sections -fdata-sections -Wall -fstack-usage -MMD -MP -MF"Core/Src/led_driver.d" -MT"Core/Src/led_driver.o" --specs=nano.specs -mfpu=fpv4-sp-d16 -mfloat-abi=hard -mthumb -o "Core/Src/led_driver.o"
arm-none-eabi-gcc "../Core/Src/main.c" -mcpu=cortex-m4 -std=gnu11 -g3 -DDEBUG -DUSE_HAL_DRIVER -DSTM32F407xx -c -I../USB_HOST/App -I../USB_HOST/Target -I../Core/Inc -I../Drivers/STM32F4xx_HAL_Driver/Inc -I../Drivers/STM32F4xx_HAL_Driver/Inc/Legacy -I../Middlewares/ST/STM32_USB_Host_Library/Core/Inc -I../Middlewares/ST/STM32_USB_Host_Library/Class/CDC/Inc -I../Drivers/CMSIS/Device/ST/STM32F4xx/Include -I../Drivers/CMSIS/Include -O0 -ffunction-sections -fdata-sections -Wall -fstack-usage -MMD -MP -MF"Core/Src/main.d" -MT"Core/Src/main.o" --specs=nano.specs -mfpu=fpv4-sp-d16 -mfloat-abi=hard -mthumb -o "Core/Src/main.o"
arm-none-eabi-gcc "../Core/Src/pwm_driver.c" -mcpu=cortex-m4 -std=gnu11 -g3 -DDEBUG -DUSE_HAL_DRIVER -DSTM32F407xx -c -I../USB_HOST/App -I../USB_HOST/Target -I../Core/Inc -I../Drivers/STM32F4xx_HAL_Driver/Inc -I../Drivers/STM32F4xx_HAL_Driver/Inc/Legacy -I../Middlewares/ST/STM32_USB_Host_Library/Core/Inc -I../Middlewares/ST/STM32_USB_Host_Library/Class/CDC/Inc -I../Drivers/CMSIS/Device/ST/STM32F4xx/Include -I../Drivers/CMSIS/Include -O0 -ffunction-sections -fdata-sections -Wall -fstack-usage -MMD -MP -MF"Core/Src/pwm_driver.d" -MT"Core/Src/pwm_driver.o" --specs=nano.specs -mfpu=fpv4-sp-d16 -mfloat-abi=hard -mthumb -o "Core/Src/pwm_driver.o"
../Core/Src/led_driver.c: In function 'delay_usec':
../Core/Src/led_driver.c:29:1: error: expected declaration or statement at end of input
   29 | }
      | ^
At top level:
../Core/Src/led_driver.c:24:6: warning: 'delay_usec' defined but not used [-Wunused-function]
   24 | void delay_usec(uint32_t delay){
      |      ^~~~~~~~~~
../Core/Src/led_driver.c:17:6: warning: 'delay_msec' defined but not used [-Wunused-function]
   17 | void delay_msec(uint32_t delay){
      |      ^~~~~~~~~~
../Core/Src/led_driver.c:13:6: warning: 'led_off' defined but not used [-Wunused-function]
   13 | void led_off(LED_t * led){
      |      ^~~~~~~
../Core/Src/led_driver.c:9:6: warning: 'led_on' defined but not used [-Wunused-function]
    9 | void led_on(LED_t * led){
      |      ^~~~~~
../Core/Src/led_driver.c:3:6: warning: 'led_init' defined but not used [-Wunused-function]
    3 | void led_init(LED_t *led, uint32_t * port, uint32_t pin){
      |      ^~~~~~~~
make: *** [Core/Src/subdir.mk:46: Core/Src/led_driver.o] Error 1
make: *** Waiting for unfinished jobs....
../Core/Src/pwm_driver.c: In function 'delay_usec':
../Core/Src/pwm_driver.c:21:6: error: static declaration of 'pwm_driver_init' follows non-static declaration
   21 | void pwm_driver_init(LED_t *ch0, LED_t *ch1, LED_t *ch2, LED_t *ch3){
      |      ^~~~~~~~~~~~~~~
In file included from ../Core/Src/pwm_driver.c:1:
../Core/Inc/pwm_driver.h:17:6: note: previous declaration of 'pwm_driver_init' was here
   17 | void pwm_driver_init(LED_t *ch0, LED_t *ch1, LED_t *ch2, LED_t *ch3);
      |      ^~~~~~~~~~~~~~~
../Core/Src/pwm_driver.c:38:6: error: static declaration of 'pwm_driver_set' follows non-static declaration
   38 | void pwm_driver_set(uint8_t channel, uint8_t value){
      |      ^~~~~~~~~~~~~~
In file included from ../Core/Src/pwm_driver.c:1:
../Core/Inc/pwm_driver.h:22:6: note: previous declaration of 'pwm_driver_set' was here
   22 | void pwm_driver_set(uint8_t channel, uint8_t value);
      |      ^~~~~~~~~~~~~~
../Core/Src/pwm_driver.c:60:6: error: static declaration of 'pwm_driver_update' follows non-static declaration
   60 | void pwm_driver_update(void){
      |      ^~~~~~~~~~~~~~~~~
In file included from ../Core/Src/pwm_driver.c:1:
../Core/Inc/pwm_driver.h:29:6: note: previous declaration of 'pwm_driver_update' was here
   29 | void pwm_driver_update(void);
      |      ^~~~~~~~~~~~~~~~~
../Core/Src/pwm_driver.c:93:6: error: static declaration of 'pwm_driver_fade_update' follows non-static declaration
   93 | void pwm_driver_fade_update(void){
      |      ^~~~~~~~~~~~~~~~~~~~~~
In file included from ../Core/Src/pwm_driver.c:1:
../Core/Inc/pwm_driver.h:35:6: note: previous declaration of 'pwm_driver_fade_update' was here
   35 | void pwm_driver_fade_update(void);
      |      ^~~~~~~~~~~~~~~~~~~~~~
../Core/Src/pwm_driver.c:117:1: error: expected declaration or statement at end of input
  117 | }
      | ^
At top level:
../Core/Src/pwm_driver.c:93:6: warning: 'pwm_driver_fade_update' defined but not used [-Wunused-function]
   93 | void pwm_driver_fade_update(void){
      |      ^~~~~~~~~~~~~~~~~~~~~~
../Core/Src/pwm_driver.c:60:6: warning: 'pwm_driver_update' defined but not used [-Wunused-function]
   60 | void pwm_driver_update(void){
      |      ^~~~~~~~~~~~~~~~~
../Core/Src/pwm_driver.c:38:6: warning: 'pwm_driver_set' defined but not used [-Wunused-function]
   38 | void pwm_driver_set(uint8_t channel, uint8_t value){
      |      ^~~~~~~~~~~~~~
../Core/Src/pwm_driver.c:21:6: warning: 'pwm_driver_init' defined but not used [-Wunused-function]
   21 | void pwm_driver_init(LED_t *ch0, LED_t *ch1, LED_t *ch2, LED_t *ch3){
      |      ^~~~~~~~~~~~~~~
make: *** [Core/Src/subdir.mk:46: Core/Src/pwm_driver.o] Error 1
In file included from ../Core/Src/main.c:5:
/Applications/STM32CubeIDE.app/Contents/Eclipse/plugins/com.st.stm32cube.ide.mcu.externaltools.gnu-tools-for-stm32.10.3-2021.10.macos64_1.0.100.202210260954/tools/arm-none-eabi/include/stdio.h: In function 'delay_usec':
/Applications/STM32CubeIDE.app/Contents/Eclipse/plugins/com.st.stm32cube.ide.mcu.externaltools.gnu-tools-for-stm32.10.3-2021.10.macos64_1.0.100.202210260954/tools/arm-none-eabi/include/stdio.h:687:22: error: invalid storage class for function '__sputc_r'
  687 | _ELIDABLE_INLINE int __sputc_r(struct _reent *_ptr, int _c, FILE *_p) {
      |                      ^~~~~~~~~
/Applications/STM32CubeIDE.app/Contents/Eclipse/plugins/com.st.stm32cube.ide.mcu.externaltools.gnu-tools-for-stm32.10.3-2021.10.macos64_1.0.100.202210260954/tools/arm-none-eabi/include/stdio.h:742:1: error: invalid storage class for function '_getchar_unlocked'
  742 | _getchar_unlocked(void)
      | ^~~~~~~~~~~~~~~~~
/Applications/STM32CubeIDE.app/Contents/Eclipse/plugins/com.st.stm32cube.ide.mcu.externaltools.gnu-tools-for-stm32.10.3-2021.10.macos64_1.0.100.202210260954/tools/arm-none-eabi/include/stdio.h:751:1: error: invalid storage class for function '_putchar_unlocked'
  751 | _putchar_unlocked(int _c)
      | ^~~~~~~~~~~~~~~~~
../Core/Src/main.c:164:5: warning: 'main' is normally a non-static function [-Wmain]
  164 | int main(void)
      |     ^~~~
../Core/Src/main.c:167:1: error: expected declaration or statement at end of input
  167 | }
      | ^
At top level:
../Core/Src/main.c:164:5: warning: 'main' defined but not used [-Wunused-function]
  164 | int main(void)
      |     ^~~~
../Core/Src/main.c:109:6: warning: 'lab2' defined but not used [-Wunused-function]
  109 | void lab2(void){
      |      ^~~~
../Core/Src/main.c:71:6: warning: 'brightness_smooth' defined but not used [-Wunused-function]
   71 | void brightness_smooth(LED_t * led){
      |      ^~~~~~~~~~~~~~~~~
../Core/Src/main.c:60:6: warning: 'brightness' defined but not used [-Wunused-function]
   60 | void brightness(LED_t * led, uint32_t on_time, uint32_t off_time){
      |      ^~~~~~~~~~
../Core/Src/main.c:15:6: warning: 'lab1' defined but not used [-Wunused-function]
   15 | void lab1(void){
      |      ^~~~
../Core/Src/main.c:7:5: warning: '_write' defined but not used [-Wunused-function]
    7 | int _write(int file, char *ptr, int len){
      |     ^~~~~~
make: *** [Core/Src/subdir.mk:46: Core/Src/main.o] Error 1
"make -j7 all" terminated with exit code 2. Build might be incomplete.
16:30:32 **** Incremental Build of configuration Debug for project ess_skeleton ****
make -j7 all 
arm-none-eabi-gcc "../Core/Src/led_driver.c" -mcpu=cortex-m4 -std=gnu11 -g3 -DDEBUG -DUSE_HAL_DRIVER -DSTM32F407xx -c -I../USB_HOST/App -I../USB_HOST/Target -I../Core/Inc -I../Drivers/STM32F4xx_HAL_Driver/Inc -I../Drivers/STM32F4xx_HAL_Driver/Inc/Legacy -I../Middlewares/ST/STM32_USB_Host_Library/Core/Inc -I../Middlewares/ST/STM32_USB_Host_Library/Class/CDC/Inc -I../Drivers/CMSIS/Device/ST/STM32F4xx/Include -I../Drivers/CMSIS/Include -O0 -ffunction-sections -fdata-sections -Wall -fstack-usage -MMD -MP -MF"Core/Src/led_driver.d" -MT"Core/Src/led_driver.o" --specs=nano.specs -mfpu=fpv4-sp-d16 -mfloat-abi=hard -mthumb -o "Core/Src/led_driver.o"
arm-none-eabi-gcc "../Core/Src/main.c" -mcpu=cortex-m4 -std=gnu11 -g3 -DDEBUG -DUSE_HAL_DRIVER -DSTM32F407xx -c -I../USB_HOST/App -I../USB_HOST/Target -I../Core/Inc -I../Drivers/STM32F4xx_HAL_Driver/Inc -I../Drivers/STM32F4xx_HAL_Driver/Inc/Legacy -I../Middlewares/ST/STM32_USB_Host_Library/Core/Inc -I../Middlewares/ST/STM32_USB_Host_Library/Class/CDC/Inc -I../Drivers/CMSIS/Device/ST/STM32F4xx/Include -I../Drivers/CMSIS/Include -O0 -ffunction-sections -fdata-sections -Wall -fstack-usage -MMD -MP -MF"Core/Src/main.d" -MT"Core/Src/main.o" --specs=nano.specs -mfpu=fpv4-sp-d16 -mfloat-abi=hard -mthumb -o "Core/Src/main.o"
arm-none-eabi-gcc "../Core/Src/pwm_driver.c" -mcpu=cortex-m4 -std=gnu11 -g3 -DDEBUG -DUSE_HAL_DRIVER -DSTM32F407xx -c -I../USB_HOST/App -I../USB_HOST/Target -I../Core/Inc -I../Drivers/STM32F4xx_HAL_Driver/Inc -I../Drivers/STM32F4xx_HAL_Driver/Inc/Legacy -I../Middlewares/ST/STM32_USB_Host_Library/Core/Inc -I../Middlewares/ST/STM32_USB_Host_Library/Class/CDC/Inc -I../Drivers/CMSIS/Device/ST/STM32F4xx/Include -I../Drivers/CMSIS/Include -O0 -ffunction-sections -fdata-sections -Wall -fstack-usage -MMD -MP -MF"Core/Src/pwm_driver.d" -MT"Core/Src/pwm_driver.o" --specs=nano.specs -mfpu=fpv4-sp-d16 -mfloat-abi=hard -mthumb -o "Core/Src/pwm_driver.o"
arm-none-eabi-gcc -o "ess_skeleton.elf" @"objects.list"   -mcpu=cortex-m4 -T"/Users/ess04/oxford_embedded_software_systems/ESS/ess_skeleton/STM32F407VGTX_FLASH.ld" --specs=nosys.specs -Wl,-Map="ess_skeleton.map" -Wl,--gc-sections -static --specs=nano.specs -mfpu=fpv4-sp-d16 -mfloat-abi=hard -mthumb -u _printf_float -Wl,--start-group -lc -lm -Wl,--end-group
Finished building target: ess_skeleton.elf
 
arm-none-eabi-size   ess_skeleton.elf 
arm-none-eabi-objdump -h -S  ess_skeleton.elf  > "ess_skeleton.list"
   text	   data	    bss	    dec	    hex	filename
  21276	    484	   1628	  23388	   5b5c	ess_skeleton.elf
Finished building: default.size.stdout
 
Finished building: ess_skeleton.list
 
16:31:17 **** Incremental Build of configuration Debug for project ess_skeleton ****
make -j7 all 
arm-none-eabi-gcc "../Core/Src/main.c" -mcpu=cortex-m4 -std=gnu11 -g3 -DDEBUG -DUSE_HAL_DRIVER -DSTM32F407xx -c -I../USB_HOST/App -I../USB_HOST/Target -I../Core/Inc -I../Drivers/STM32F4xx_HAL_Driver/Inc -I../Drivers/STM32F4xx_HAL_Driver/Inc/Legacy -I../Middlewares/ST/STM32_USB_Host_Library/Core/Inc -I../Middlewares/ST/STM32_USB_Host_Library/Class/CDC/Inc -I../Drivers/CMSIS/Device/ST/STM32F4xx/Include -I../Drivers/CMSIS/Include -O0 -ffunction-sections -fdata-sections -Wall -fstack-usage -MMD -MP -MF"Core/Src/main.d" -MT"Core/Src/main.o" --specs=nano.specs -mfpu=fpv4-sp-d16 -mfloat-abi=hard -mthumb -o "Core/Src/main.o"
arm-none-eabi-gcc -o "ess_skeleton.elf" @"objects.list"   -mcpu=cortex-m4 -T"/Users/ess04/oxford_embedded_software_systems/ESS/ess_skeleton/STM32F407VGTX_FLASH.ld" --specs=nosys.specs -Wl,-Map="ess_skeleton.map" -Wl,--gc-sections -static --specs=nano.specs -mfpu=fpv4-sp-d16 -mfloat-abi=hard -mthumb -u _printf_float -Wl,--start-group -lc -lm -Wl,--end-group
Finished building target: ess_skeleton.elf
 
arm-none-eabi-size   ess_skeleton.elf 
arm-none-eabi-objdump -h -S  ess_skeleton.elf  > "ess_skeleton.list"
   text	   data	    bss	    dec	    hex	filename
  21276	    484	   1628	  23388	   5b5c	ess_skeleton.elf
Finished building: default.size.stdout
 
Finished building: ess_skeleton.list
 
16:39:42 **** Incremental Build of configuration Debug for project ess_skeleton ****
make -j7 all 
arm-none-eabi-size   ess_skeleton.elf 
   text	   data	    bss	    dec	    hex	filename
  21276	    484	   1628	  23388	   5b5c	ess_skeleton.elf
Finished building: default.size.stdout
 
13:55:35 **** Incremental Build of configuration Debug for project ess_skeleton ****
make -j7 all 
arm-none-eabi-gcc "../Core/Src/main.c" -mcpu=cortex-m4 -std=gnu11 -g3 -DDEBUG -DUSE_HAL_DRIVER -DSTM32F407xx -c -I../USB_HOST/App -I../USB_HOST/Target -I../Core/Inc -I../Drivers/STM32F4xx_HAL_Driver/Inc -I../Drivers/STM32F4xx_HAL_Driver/Inc/Legacy -I../Middlewares/ST/STM32_USB_Host_Library/Core/Inc -I../Middlewares/ST/STM32_USB_Host_Library/Class/CDC/Inc -I../Drivers/CMSIS/Device/ST/STM32F4xx/Include -I../Drivers/CMSIS/Include -O0 -ffunction-sections -fdata-sections -Wall -fstack-usage -MMD -MP -MF"Core/Src/main.d" -MT"Core/Src/main.o" --specs=nano.specs -mfpu=fpv4-sp-d16 -mfloat-abi=hard -mthumb -o "Core/Src/main.o"
../Core/Src/main.c: In function 'lab3':
../Core/Src/main.c:157:2: warning: implicit declaration of function 'TMR4_Init' [-Wimplicit-function-declaration]
  157 |  TMR4_Init();
      |  ^~~~~~~~~
../Core/Src/main.c:161:3: warning: implicit declaration of function 'TMR4_WaitForExpiry' [-Wimplicit-function-declaration]
  161 |   TMR4_WaitForExpiry();
      |   ^~~~~~~~~~~~~~~~~~
../Core/Src/main.c: At top level:
../Core/Src/main.c:170:6: warning: conflicting types for 'TMR4_Init'
  170 | void TMR4_Init(void){
      |      ^~~~~~~~~
../Core/Src/main.c:157:2: note: previous implicit declaration of 'TMR4_Init' was here
  157 |  TMR4_Init();
      |  ^~~~~~~~~
../Core/Src/main.c: In function 'TMR4_Init':
../Core/Src/main.c:176:32: error: 'TIME_COUNTERMODE_UP' undeclared (first use in this function); did you mean 'TIM_COUNTERMODE_UP'?
  176 |  TIM_Handle.Init.CounterMode = TIME_COUNTERMODE_UP;
      |                                ^~~~~~~~~~~~~~~~~~~
      |                                TIM_COUNTERMODE_UP
../Core/Src/main.c:176:32: note: each undeclared identifier is reported only once for each function it appears in
../Core/Src/main.c: At top level:
../Core/Src/main.c:193:6: warning: conflicting types for 'TMR4_WaitForExpiry'
  193 | void TMR4_WaitForExpiry(void){
      |      ^~~~~~~~~~~~~~~~~~
../Core/Src/main.c:161:3: note: previous implicit declaration of 'TMR4_WaitForExpiry' was here
  161 |   TMR4_WaitForExpiry();
      |   ^~~~~~~~~~~~~~~~~~
make: *** [Core/Src/subdir.mk:46: Core/Src/main.o] Error 1
"make -j7 all" terminated with exit code 2. Build might be incomplete.
13:56:58 **** Incremental Build of configuration Debug for project ess_skeleton ****
make -j7 all 
arm-none-eabi-gcc "../Core/Src/main.c" -mcpu=cortex-m4 -std=gnu11 -g3 -DDEBUG -DUSE_HAL_DRIVER -DSTM32F407xx -c -I../USB_HOST/App -I../USB_HOST/Target -I../Core/Inc -I../Drivers/STM32F4xx_HAL_Driver/Inc -I../Drivers/STM32F4xx_HAL_Driver/Inc/Legacy -I../Middlewares/ST/STM32_USB_Host_Library/Core/Inc -I../Middlewares/ST/STM32_USB_Host_Library/Class/CDC/Inc -I../Drivers/CMSIS/Device/ST/STM32F4xx/Include -I../Drivers/CMSIS/Include -O0 -ffunction-sections -fdata-sections -Wall -fstack-usage -MMD -MP -MF"Core/Src/main.d" -MT"Core/Src/main.o" --specs=nano.specs -mfpu=fpv4-sp-d16 -mfloat-abi=hard -mthumb -o "Core/Src/main.o"
../Core/Src/main.c: In function 'lab3':
../Core/Src/main.c:157:2: warning: implicit declaration of function 'TMR4_Init' [-Wimplicit-function-declaration]
  157 |  TMR4_Init();
      |  ^~~~~~~~~
../Core/Src/main.c:161:3: warning: implicit declaration of function 'TMR4_WaitForExpiry' [-Wimplicit-function-declaration]
  161 |   TMR4_WaitForExpiry();
      |   ^~~~~~~~~~~~~~~~~~
../Core/Src/main.c: At top level:
../Core/Src/main.c:170:6: warning: conflicting types for 'TMR4_Init'
  170 | void TMR4_Init(void);
      |      ^~~~~~~~~
../Core/Src/main.c:157:2: note: previous implicit declaration of 'TMR4_Init' was here
  157 |  TMR4_Init();
      |  ^~~~~~~~~
../Core/Src/main.c:171:6: warning: conflicting types for 'TMR4_WaitForExpiry'
  171 | void TMR4_WaitForExpiry(void);
      |      ^~~~~~~~~~~~~~~~~~
../Core/Src/main.c:161:3: note: previous implicit declaration of 'TMR4_WaitForExpiry' was here
  161 |   TMR4_WaitForExpiry();
      |   ^~~~~~~~~~~~~~~~~~
../Core/Src/main.c: In function 'TMR4_Init':
../Core/Src/main.c:179:32: error: 'TIME_COUNTERMODE_UP' undeclared (first use in this function); did you mean 'TIM_COUNTERMODE_UP'?
  179 |  TIM_Handle.Init.CounterMode = TIME_COUNTERMODE_UP;
      |                                ^~~~~~~~~~~~~~~~~~~
      |                                TIM_COUNTERMODE_UP
../Core/Src/main.c:179:32: note: each undeclared identifier is reported only once for each function it appears in
make: *** [Core/Src/subdir.mk:46: Core/Src/main.o] Error 1
"make -j7 all" terminated with exit code 2. Build might be incomplete.
13:57:22 **** Incremental Build of configuration Debug for project ess_skeleton ****
make -j7 all 
arm-none-eabi-gcc "../Core/Src/main.c" -mcpu=cortex-m4 -std=gnu11 -g3 -DDEBUG -DUSE_HAL_DRIVER -DSTM32F407xx -c -I../USB_HOST/App -I../USB_HOST/Target -I../Core/Inc -I../Drivers/STM32F4xx_HAL_Driver/Inc -I../Drivers/STM32F4xx_HAL_Driver/Inc/Legacy -I../Middlewares/ST/STM32_USB_Host_Library/Core/Inc -I../Middlewares/ST/STM32_USB_Host_Library/Class/CDC/Inc -I../Drivers/CMSIS/Device/ST/STM32F4xx/Include -I../Drivers/CMSIS/Include -O0 -ffunction-sections -fdata-sections -Wall -fstack-usage -MMD -MP -MF"Core/Src/main.d" -MT"Core/Src/main.o" --specs=nano.specs -mfpu=fpv4-sp-d16 -mfloat-abi=hard -mthumb -o "Core/Src/main.o"
../Core/Src/main.c: In function 'lab3':
../Core/Src/main.c:157:2: warning: implicit declaration of function 'TMR4_Init' [-Wimplicit-function-declaration]
  157 |  TMR4_Init();
      |  ^~~~~~~~~
../Core/Src/main.c:161:3: warning: implicit declaration of function 'TMR4_WaitForExpiry' [-Wimplicit-function-declaration]
  161 |   TMR4_WaitForExpiry();
      |   ^~~~~~~~~~~~~~~~~~
../Core/Src/main.c: At top level:
../Core/Src/main.c:170:6: warning: conflicting types for 'TMR4_Init'
  170 | void TMR4_Init(void);
      |      ^~~~~~~~~
../Core/Src/main.c:157:2: note: previous implicit declaration of 'TMR4_Init' was here
  157 |  TMR4_Init();
      |  ^~~~~~~~~
../Core/Src/main.c:171:6: warning: conflicting types for 'TMR4_WaitForExpiry'
  171 | void TMR4_WaitForExpiry(void);
      |      ^~~~~~~~~~~~~~~~~~
../Core/Src/main.c:161:3: note: previous implicit declaration of 'TMR4_WaitForExpiry' was here
  161 |   TMR4_WaitForExpiry();
      |   ^~~~~~~~~~~~~~~~~~
arm-none-eabi-gcc -o "ess_skeleton.elf" @"objects.list"   -mcpu=cortex-m4 -T"/Users/ess04/oxford_embedded_software_systems/ESS/ess_skeleton/STM32F407VGTX_FLASH.ld" --specs=nosys.specs -Wl,-Map="ess_skeleton.map" -Wl,--gc-sections -static --specs=nano.specs -mfpu=fpv4-sp-d16 -mfloat-abi=hard -mthumb -u _printf_float -Wl,--start-group -lc -lm -Wl,--end-group
Finished building target: ess_skeleton.elf
 
arm-none-eabi-size   ess_skeleton.elf 
arm-none-eabi-objdump -h -S  ess_skeleton.elf  > "ess_skeleton.list"
   text	   data	    bss	    dec	    hex	filename
  21884	    484	   1692	  24060	   5dfc	ess_skeleton.elf
Finished building: default.size.stdout
 
Finished building: ess_skeleton.list
 
13:58:12 **** Incremental Build of configuration Debug for project ess_skeleton ****
make -j7 all 
arm-none-eabi-gcc "../Core/Src/main.c" -mcpu=cortex-m4 -std=gnu11 -g3 -DDEBUG -DUSE_HAL_DRIVER -DSTM32F407xx -c -I../USB_HOST/App -I../USB_HOST/Target -I../Core/Inc -I../Drivers/STM32F4xx_HAL_Driver/Inc -I../Drivers/STM32F4xx_HAL_Driver/Inc/Legacy -I../Middlewares/ST/STM32_USB_Host_Library/Core/Inc -I../Middlewares/ST/STM32_USB_Host_Library/Class/CDC/Inc -I../Drivers/CMSIS/Device/ST/STM32F4xx/Include -I../Drivers/CMSIS/Include -O0 -ffunction-sections -fdata-sections -Wall -fstack-usage -MMD -MP -MF"Core/Src/main.d" -MT"Core/Src/main.o" --specs=nano.specs -mfpu=fpv4-sp-d16 -mfloat-abi=hard -mthumb -o "Core/Src/main.o"
arm-none-eabi-gcc -o "ess_skeleton.elf" @"objects.list"   -mcpu=cortex-m4 -T"/Users/ess04/oxford_embedded_software_systems/ESS/ess_skeleton/STM32F407VGTX_FLASH.ld" --specs=nosys.specs -Wl,-Map="ess_skeleton.map" -Wl,--gc-sections -static --specs=nano.specs -mfpu=fpv4-sp-d16 -mfloat-abi=hard -mthumb -u _printf_float -Wl,--start-group -lc -lm -Wl,--end-group
Finished building target: ess_skeleton.elf
 
arm-none-eabi-size   ess_skeleton.elf 
arm-none-eabi-objdump -h -S  ess_skeleton.elf  > "ess_skeleton.list"
   text	   data	    bss	    dec	    hex	filename
  21884	    484	   1692	  24060	   5dfc	ess_skeleton.elf
Finished building: default.size.stdout
 
Finished building: ess_skeleton.list
 
13:58:49 **** Incremental Build of configuration Debug for project ess_skeleton ****
make -j7 all 
arm-none-eabi-gcc "../Core/Src/main.c" -mcpu=cortex-m4 -std=gnu11 -g3 -DDEBUG -DUSE_HAL_DRIVER -DSTM32F407xx -c -I../USB_HOST/App -I../USB_HOST/Target -I../Core/Inc -I../Drivers/STM32F4xx_HAL_Driver/Inc -I../Drivers/STM32F4xx_HAL_Driver/Inc/Legacy -I../Middlewares/ST/STM32_USB_Host_Library/Core/Inc -I../Middlewares/ST/STM32_USB_Host_Library/Class/CDC/Inc -I../Drivers/CMSIS/Device/ST/STM32F4xx/Include -I../Drivers/CMSIS/Include -O0 -ffunction-sections -fdata-sections -Wall -fstack-usage -MMD -MP -MF"Core/Src/main.d" -MT"Core/Src/main.o" --specs=nano.specs -mfpu=fpv4-sp-d16 -mfloat-abi=hard -mthumb -o "Core/Src/main.o"
arm-none-eabi-gcc -o "ess_skeleton.elf" @"objects.list"   -mcpu=cortex-m4 -T"/Users/ess04/oxford_embedded_software_systems/ESS/ess_skeleton/STM32F407VGTX_FLASH.ld" --specs=nosys.specs -Wl,-Map="ess_skeleton.map" -Wl,--gc-sections -static --specs=nano.specs -mfpu=fpv4-sp-d16 -mfloat-abi=hard -mthumb -u _printf_float -Wl,--start-group -lc -lm -Wl,--end-group
Finished building target: ess_skeleton.elf
 
arm-none-eabi-size   ess_skeleton.elf 
arm-none-eabi-objdump -h -S  ess_skeleton.elf  > "ess_skeleton.list"
   text	   data	    bss	    dec	    hex	filename
  21892	    484	   1692	  24068	   5e04	ess_skeleton.elf
Finished building: default.size.stdout
 
Finished building: ess_skeleton.list
 
